#
# There is insufficient memory for the Java Runtime Environment to continue.
# Native memory allocation (mmap) failed to map 132120576 bytes for G1 virtual space
# Possible reasons:
#   The system is out of physical RAM or swap space
#   The process is running with CompressedOops enabled, and the Java Heap may be blocking the growth of the native heap
# Possible solutions:
#   Reduce memory load on the system
#   Increase physical memory or swap space
#   Check if swap backing store is full
#   Decrease Java heap size (-Xmx/-Xms)
#   Decrease number of Java threads
#   Decrease Java thread stack sizes (-Xss)
#   Set larger code cache with -XX:ReservedCodeCacheSize=
#   JVM is running with Unscaled Compressed Oops mode in which the Java heap is
#     placed in the first 4GB address space. The Java Heap base address is the
#     maximum limit for the native heap growth. Please use -XX:HeapBaseMinAddress
#     to set the Java Heap base and to place the Java Heap above 4GB virtual address.
# This output file may be truncated or incomplete.
#
#  Out of Memory Error (os_windows.cpp:3530), pid=14792, tid=9964
#
# JRE version:  (18.0.2.1+1) (build )
# Java VM: Java HotSpot(TM) 64-Bit Server VM (18.0.2.1+1-1, mixed mode, sharing, tiered, compressed oops, compressed class ptrs, g1 gc, windows-amd64)
# No core dump will be written. Minidumps are not enabled by default on client versions of Windows
#

---------------  S U M M A R Y ------------

Command Line: -Dfile.encoding=UTF-8 -Dstdout.encoding=UTF-8 -Dstderr.encoding=UTF-8 --module-path=D:\ThinkQuotient\eclipse-workspace\gitworkspace\JayshreeMaam\bin -XX:+ShowCodeDetailsInExceptionMessages -Djdk.module.main=JayshreeMaam JayshreeMaam/com.arraydemos.MarksPercentage

Host: Intel(R) Core(TM) i5-7300HQ CPU @ 2.50GHz, 4 cores, 7G,  Windows 10 , 64 bit Build 19041 (10.0.19041.3570)
Time: Tue Oct 31 14:54:59 2023 India Standard Time elapsed time: 0.024814 seconds (0d 0h 0m 0s)

---------------  T H R E A D  ---------------

Current thread (0x000002454245f060):  JavaThread "Unknown thread" [_thread_in_vm, id=9964, stack(0x000000db96500000,0x000000db96600000)]

Stack: [0x000000db96500000,0x000000db96600000]
Native frames: (J=compiled Java code, j=interpreted, Vv=VM code, C=native code)
V  [jvm.dll+0x6993aa]
V  [jvm.dll+0x7f46dd]
V  [jvm.dll+0x7f5fee]
V  [jvm.dll+0x7f66a3]
V  [jvm.dll+0x25cf1f]
V  [jvm.dll+0x6962f9]
V  [jvm.dll+0x68ae2a]
V  [jvm.dll+0x32255b]
V  [jvm.dll+0x329f36]
V  [jvm.dll+0x37eade]
V  [jvm.dll+0x37ed0f]
V  [jvm.dll+0x2fa2da]
V  [jvm.dll+0x2fb33d]
V  [jvm.dll+0x7c3310]
V  [jvm.dll+0x38be61]
V  [jvm.dll+0x7a2023]
V  [jvm.dll+0x40dc3f]
V  [jvm.dll+0x40f611]
C  [jli.dll+0x526b]
C  [ucrtbase.dll+0x21bb2]
C  [KERNEL32.DLL+0x17344]
C  [ntdll.dll+0x526b1]


---------------  P R O C E S S  ---------------

Threads class SMR info:
_java_thread_list=0x00007ffc6149e550, length=0, elements={
}

Java Threads: ( => current thread )

Other Threads:
  0x00000245424beb90 WorkerThread "GC Thread#0" [stack: 0x000000db96600000,0x000000db96700000] [id=12400]
  0x00000245424d0d80 ConcurrentGCThread "G1 Main Marker" [stack: 0x000000db96700000,0x000000db96800000] [id=15528]
  0x00000245424d1680 WorkerThread "G1 Conc#0" [stack: 0x000000db96800000,0x000000db96900000] [id=2944]

[error occurred during error reporting (printing all threads), id 0xc0000005, EXCEPTION_ACCESS_VIOLATION (0xc0000005) at pc=0x00007ffc60cca877]

VM state: not at safepoint (not fully initialized)

VM Mutex/Monitor currently owned by a thread:  ([mutex/lock_event])
[0x000002454245bb10] Heap_lock - owner thread: 0x000002454245f060

Heap address: 0x0000000082000000, size: 2016 MB, Compressed Oops mode: 32-bit

CDS archive(s) mapped at: [0x0000000000000000-0x0000000000000000-0x0000000000000000), size 0, SharedBaseAddress: 0x0000000800000000, ArchiveRelocationMode: 0.
Narrow klass base: 0x0000000000000000, Narrow klass shift: 0, Narrow klass range: 0x0

GC Precious Log:
 CardTable entry size: 512
 Card Set container configuration: InlinePtr #cards 5 size 8 Array Of Cards #cards 12 size 40 Howl #buckets 4 coarsen threshold 1843 Howl Bitmap #cards 512 size 80 coarsen threshold 460 Card regions per heap region 1 cards per card region 2048

Heap:
 garbage-first heap   total 0K, used 0K [0x0000000082000000, 0x0000000100000000)
  region size 1024K, 0 young (0K), 0 survivors (0K)

[error occurred during error reporting (printing heap information), id 0xc0000005, EXCEPTION_ACCESS_VIOLATION (0xc0000005) at pc=0x00007ffc610b1839]

GC Heap History (0 events):
No events

Deoptimization events (0 events):
No events

Classes loaded (0 events):
No events

Classes unloaded (0 events):
No events

Classes redefined (0 events):
No events

Internal exceptions (0 events):
No events

VM Operations (0 events):
No events

Events (1 events):
Event: 0.018 Loaded shared library C:\Program Files\Java\jdk-18.0.2.1\bin\java.dll


Dynamic libraries:
0x00007ff6bb4c0000 - 0x00007ff6bb4d0000 	C:\Program Files\Java\jdk-18.0.2.1\bin\javaw.exe
0x00007ffca0810000 - 0x00007ffca0a07000 	C:\WINDOWS\SYSTEM32\ntdll.dll
0x00007ffc9e970000 - 0x00007ffc9ea2d000 	C:\WINDOWS\System32\KERNEL32.DLL
0x00007ffc9df50000 - 0x00007ffc9e246000 	C:\WINDOWS\System32\KERNELBASE.dll
0x00007ffc9e450000 - 0x00007ffc9e550000 	C:\WINDOWS\System32\ucrtbase.dll
0x00007ffc6fa80000 - 0x00007ffc6fa98000 	C:\Program Files\Java\jdk-18.0.2.1\bin\jli.dll
0x00007ffca0190000 - 0x00007ffca023e000 	C:\WINDOWS\System32\ADVAPI32.dll
0x00007ffc9e8d0000 - 0x00007ffc9e96e000 	C:\WINDOWS\System32\msvcrt.dll
0x00007ffc9f000000 - 0x00007ffc9f09c000 	C:\WINDOWS\System32\sechost.dll
0x00007ffc9f2d0000 - 0x00007ffc9f3f6000 	C:\WINDOWS\System32\RPCRT4.dll
0x00007ffca0570000 - 0x00007ffca070e000 	C:\WINDOWS\System32\USER32.dll
0x00007ffc9e420000 - 0x00007ffc9e442000 	C:\WINDOWS\System32\win32u.dll
0x00007ffca0160000 - 0x00007ffca018c000 	C:\WINDOWS\System32\GDI32.dll
0x00007ffc9e250000 - 0x00007ffc9e36a000 	C:\WINDOWS\System32\gdi32full.dll
0x00007ffc9e660000 - 0x00007ffc9e6fd000 	C:\WINDOWS\System32\msvcp_win.dll
0x00007ffc80380000 - 0x00007ffc8061a000 	C:\WINDOWS\WinSxS\amd64_microsoft.windows.common-controls_6595b64144ccf1df_6.0.19041.3570_none_60bb2a3971f3e41a\COMCTL32.dll
0x00007ffc93a90000 - 0x00007ffc93a9a000 	C:\WINDOWS\SYSTEM32\VERSION.dll
0x00007ffc6ff40000 - 0x00007ffc6ff5a000 	C:\Program Files\Java\jdk-18.0.2.1\bin\VCRUNTIME140.dll
0x00007ffc9eb60000 - 0x00007ffc9eb90000 	C:\WINDOWS\System32\IMM32.DLL
0x00007ffc79440000 - 0x00007ffc7944c000 	C:\Program Files\Java\jdk-18.0.2.1\bin\vcruntime140_1.dll
0x00007ffc5b750000 - 0x00007ffc5b7dd000 	C:\Program Files\Java\jdk-18.0.2.1\bin\msvcp140.dll
0x00007ffc609c0000 - 0x00007ffc615d1000 	C:\Program Files\Java\jdk-18.0.2.1\bin\server\jvm.dll
0x00007ffca07a0000 - 0x00007ffca07a8000 	C:\WINDOWS\System32\PSAPI.DLL
0x00007ffc89340000 - 0x00007ffc89367000 	C:\WINDOWS\SYSTEM32\WINMM.dll
0x00007ffc7fa90000 - 0x00007ffc7fa99000 	C:\WINDOWS\SYSTEM32\WSOCK32.dll
0x00007ffc9ff10000 - 0x00007ffc9ff7b000 	C:\WINDOWS\System32\WS2_32.dll
0x00007ffc9c790000 - 0x00007ffc9c7a2000 	C:\WINDOWS\SYSTEM32\kernel.appcore.dll
0x00007ffc93ca0000 - 0x00007ffc93caa000 	C:\Program Files\Java\jdk-18.0.2.1\bin\jimage.dll
0x00007ffc9c450000 - 0x00007ffc9c634000 	C:\WINDOWS\SYSTEM32\DBGHELP.DLL
0x00007ffc8a9c0000 - 0x00007ffc8a9f4000 	C:\WINDOWS\SYSTEM32\dbgcore.DLL
0x00007ffc9e5d0000 - 0x00007ffc9e652000 	C:\WINDOWS\System32\bcryptPrimitives.dll
0x00007ffc6cf10000 - 0x00007ffc6cf35000 	C:\Program Files\Java\jdk-18.0.2.1\bin\java.dll

dbghelp: loaded successfully - version: 4.0.5 - missing functions: none
symbol engine: initialized successfully - sym options: 0x614 - pdb path: .;C:\Program Files\Java\jdk-18.0.2.1\bin;C:\WINDOWS\SYSTEM32;C:\WINDOWS\WinSxS\amd64_microsoft.windows.common-controls_6595b64144ccf1df_6.0.19041.3570_none_60bb2a3971f3e41a;C:\Program Files\Java\jdk-18.0.2.1\bin\server

VM Arguments:
jvm_args: -Dfile.encoding=UTF-8 -Dstdout.encoding=UTF-8 -Dstderr.encoding=UTF-8 --module-path=D:\ThinkQuotient\eclipse-workspace\gitworkspace\JayshreeMaam\bin -XX:+ShowCodeDetailsInExceptionMessages -Djdk.module.main=JayshreeMaam 
java_command: JayshreeMaam/com.arraydemos.MarksPercentage
java_class_path (initial): <not set>
Launcher Type: SUN_STANDARD

[Global flags]
     intx CICompilerCount                          = 3                                         {product} {ergonomic}
     uint ConcGCThreads                            = 1                                         {product} {ergonomic}
     uint G1ConcRefinementThreads                  = 4                                         {product} {ergonomic}
   size_t G1HeapRegionSize                         = 1048576                                   {product} {ergonomic}
    uintx GCDrainStackTargetSize                   = 64                                        {product} {ergonomic}
   size_t InitialHeapSize                          = 132120576                                 {product} {ergonomic}
   size_t MarkStackSize                            = 4194304                                   {product} {ergonomic}
   size_t MaxHeapSize                              = 2113929216                                {product} {ergonomic}
   size_t MinHeapDeltaBytes                        = 1048576                                   {product} {ergonomic}
   size_t MinHeapSize                              = 8388608                                   {product} {ergonomic}
    uintx NonNMethodCodeHeapSize                   = 5832780                                {pd product} {ergonomic}
    uintx NonProfiledCodeHeapSize                  = 122912730                              {pd product} {ergonomic}
    uintx ProfiledCodeHeapSize                     = 122912730                              {pd product} {ergonomic}
    uintx ReservedCodeCacheSize                    = 251658240                              {pd product} {ergonomic}
     bool SegmentedCodeCache                       = true                                      {product} {ergonomic}
     bool ShowCodeDetailsInExceptionMessages       = true                                   {manageable} {command line}
   size_t SoftMaxHeapSize                          = 2113929216                             {manageable} {ergonomic}
     bool UseCompressedClassPointers               = true                           {product lp64_product} {ergonomic}
     bool UseCompressedOops                        = true                           {product lp64_product} {ergonomic}
     bool UseG1GC                                  = true                                      {product} {ergonomic}
     bool UseLargePagesIndividualAllocation        = false                                  {pd product} {ergonomic}

Logging:
Log output configuration:
 #0: stdout all=warning uptime,level,tags foldmultilines=false
 #1: stderr all=off uptime,level,tags foldmultilines=false

Environment Variables:
JAVA_HOME=C:\Program Files\Java\jdk-18.0.2.1
PATH=C:/Program Files/Java/jdk-18.0.2.1/bin/server;C:/Program Files/Java/jdk-18.0.2.1/bin;C:\Program Files\Java\jdk-18.0.2.1\bin;C:\Program Files (x86)\Intel\iCLS Client\;C:\Program Files\Intel\iCLS Client\;C:\Windows\system32;C:\Windows;C:\Windows\System32\Wbem;C:\Windows\System32\WindowsPowerShell\v1.0\;C:\Program Files (x86)\Intel\Intel(R) Management Engine Components\DAL;C:\Program Files\Intel\Intel(R) Management Engine Components\DAL;C:\Program Files (x86)\Intel\Intel(R) Management Engine Components\IPT;C:\Program Files\Intel\Intel(R) Management Engine Components\IPT;C:\Program Files\Intel\WiFi\bin\;C:\Program Files\Common Files\Intel\WirelessCommon\;C:\Program Files (x86)\NVIDIA Corporation\PhysX\Common;C:\WINDOWS\system32;C:\WINDOWS;C:\WINDOWS\System32\Wbem;C:\WINDOWS\System32\WindowsPowerShell\v1.0\;C:\WINDOWS\System32\OpenSSH\;C:\Users\aadar\AppData\Local\Microsoft\WindowsApps;;C:\Users\aadar\OneDrive\Desktop;
USERNAME=aadar
OS=Windows_NT
PROCESSOR_IDENTIFIER=Intel64 Family 6 Model 158 Stepping 9, GenuineIntel



---------------  S Y S T E M  ---------------

OS:
 Windows 10 , 64 bit Build 19041 (10.0.19041.3570)
OS uptime: 0 days 5:12 hours
Hyper-V role detected

CPU: total 4 (initial active 4) (4 cores per cpu, 1 threads per core) family 6 model 158 stepping 9 microcode 0xea, cx8, cmov, fxsr, mmx, 3dnowpref, sse, sse2, sse3, ssse3, sse4.1, sse4.2, popcnt, lzcnt, tsc, tscinvbit, avx, avx2, aes, erms, clmul, bmi1, bmi2, adx, fma, vzeroupper, clflush, clflushopt, hv

Memory: 4k page, system-wide physical 8058M (1698M free)
TotalPageFile size 10558M (AvailPageFile size 17M)
current process WorkingSet (physical memory assigned to process): 10M, peak: 10M
current process commit charge ("private bytes"): 52M, peak: 177M

vm_info: Java HotSpot(TM) 64-Bit Server VM (18.0.2.1+1-1) for windows-amd64 JRE (18.0.2.1+1-1), built on Aug 16 2022 01:46:33 by "mach5one" with MS VC++ 16.8 / 16.9 (VS2019)

END.
