#
# There is insufficient memory for the Java Runtime Environment to continue.
# Native memory allocation (mmap) failed to map 132120576 bytes for G1 virtual space
# Possible reasons:
#   The system is out of physical RAM or swap space
#   The process is running with CompressedOops enabled, and the Java Heap may be blocking the growth of the native heap
# Possible solutions:
#   Reduce memory load on the system
#   Increase physical memory or swap space
#   Check if swap backing store is full
#   Decrease Java heap size (-Xmx/-Xms)
#   Decrease number of Java threads
#   Decrease Java thread stack sizes (-Xss)
#   Set larger code cache with -XX:ReservedCodeCacheSize=
#   JVM is running with Unscaled Compressed Oops mode in which the Java heap is
#     placed in the first 4GB address space. The Java Heap base address is the
#     maximum limit for the native heap growth. Please use -XX:HeapBaseMinAddress
#     to set the Java Heap base and to place the Java Heap above 4GB virtual address.
# This output file may be truncated or incomplete.
#
#  Out of Memory Error (os_windows.cpp:3530), pid=2964, tid=7764
#
# JRE version:  (18.0.2.1+1) (build )
# Java VM: Java HotSpot(TM) 64-Bit Server VM (18.0.2.1+1-1, mixed mode, sharing, tiered, compressed oops, compressed class ptrs, g1 gc, windows-amd64)
# No core dump will be written. Minidumps are not enabled by default on client versions of Windows
#

---------------  S U M M A R Y ------------

Command Line: -Dfile.encoding=UTF-8 -Dstdout.encoding=UTF-8 -Dstderr.encoding=UTF-8 --module-path=D:\ThinkQuotient\eclipse-workspace\gitworkspace\JayshreeMaam\bin -XX:+ShowCodeDetailsInExceptionMessages -Djdk.module.main=JayshreeMaam JayshreeMaam/com.arraydemos.StudentMaxPercentage

Host: Intel(R) Core(TM) i5-7300HQ CPU @ 2.50GHz, 4 cores, 7G,  Windows 10 , 64 bit Build 19041 (10.0.19041.3570)
Time: Mon Nov  6 00:21:35 2023 India Standard Time elapsed time: 0.019528 seconds (0d 0h 0m 0s)

---------------  T H R E A D  ---------------

Current thread (0x000001dfbcda0830):  JavaThread "Unknown thread" [_thread_in_vm, id=7764, stack(0x00000013d1800000,0x00000013d1900000)]

Stack: [0x00000013d1800000,0x00000013d1900000]
Native frames: (J=compiled Java code, j=interpreted, Vv=VM code, C=native code)
V  [jvm.dll+0x6993aa]
V  [jvm.dll+0x7f46dd]
V  [jvm.dll+0x7f5fee]
V  [jvm.dll+0x7f66a3]
V  [jvm.dll+0x25cf1f]
V  [jvm.dll+0x6962f9]
V  [jvm.dll+0x68ae2a]
V  [jvm.dll+0x32255b]
V  [jvm.dll+0x329f36]
V  [jvm.dll+0x37eade]
V  [jvm.dll+0x37ed0f]
V  [jvm.dll+0x2fa2da]
V  [jvm.dll+0x2fb33d]
V  [jvm.dll+0x7c3310]
V  [jvm.dll+0x38be61]
V  [jvm.dll+0x7a2023]
V  [jvm.dll+0x40dc3f]
V  [jvm.dll+0x40f611]
C  [jli.dll+0x526b]
C  [ucrtbase.dll+0x21bb2]
C  [KERNEL32.DLL+0x17344]
C  [ntdll.dll+0x526b1]


---------------  P R O C E S S  ---------------

Threads class SMR info:
_java_thread_list=0x00007ffbdad8e550, length=0, elements={
}

Java Threads: ( => current thread )

Other Threads:
  0x000001dfbce001b0 WorkerThread "GC Thread#0" [stack: 0x00000013d1900000,0x00000013d1a00000] [id=4828]
  0x000001dfbce11d00 ConcurrentGCThread "G1 Main Marker" [stack: 0x00000013d1a00000,0x00000013d1b00000] [id=3456]
  0x000001dfbce12e90 WorkerThread "G1 Conc#0" [stack: 0x00000013d1b00000,0x00000013d1c00000] [id=13528]

[error occurred during error reporting (printing all threads), id 0xc0000005, EXCEPTION_ACCESS_VIOLATION (0xc0000005) at pc=0x00007ffbda5ba877]

VM state: not at safepoint (not fully initialized)

VM Mutex/Monitor currently owned by a thread:  ([mutex/lock_event])
[0x000001dfbcd9cda0] Heap_lock - owner thread: 0x000001dfbcda0830

Heap address: 0x0000000082000000, size: 2016 MB, Compressed Oops mode: 32-bit

CDS archive(s) mapped at: [0x0000000000000000-0x0000000000000000-0x0000000000000000), size 0, SharedBaseAddress: 0x0000000800000000, ArchiveRelocationMode: 0.
Narrow klass base: 0x0000000000000000, Narrow klass shift: 0, Narrow klass range: 0x0

GC Precious Log:
 CardTable entry size: 512
 Card Set container configuration: InlinePtr #cards 5 size 8 Array Of Cards #cards 12 size 40 Howl #buckets 4 coarsen threshold 1843 Howl Bitmap #cards 512 size 80 coarsen threshold 460 Card regions per heap region 1 cards per card region 2048

Heap:
 garbage-first heap   total 0K, used 0K [0x0000000082000000, 0x0000000100000000)
  region size 1024K, 0 young (0K), 0 survivors (0K)

[error occurred during error reporting (printing heap information), id 0xc0000005, EXCEPTION_ACCESS_VIOLATION (0xc0000005) at pc=0x00007ffbda9a1839]

GC Heap History (0 events):
No events

Deoptimization events (0 events):
No events

Classes loaded (0 events):
No events

Classes unloaded (0 events):
No events

Classes redefined (0 events):
No events

Internal exceptions (0 events):
No events

VM Operations (0 events):
No events

Events (1 events):
Event: 0.013 Loaded shared library C:\Program Files\Java\jdk-18.0.2.1\bin\java.dll


Dynamic libraries:
0x00007ff604920000 - 0x00007ff604930000 	C:\Program Files\Java\jdk-18.0.2.1\bin\javaw.exe
0x00007ffc295f0000 - 0x00007ffc297e7000 	C:\WINDOWS\SYSTEM32\ntdll.dll
0x00007ffc29210000 - 0x00007ffc292cd000 	C:\WINDOWS\System32\KERNEL32.DLL
0x00007ffc27150000 - 0x00007ffc27446000 	C:\WINDOWS\System32\KERNELBASE.dll
0x00007ffc27560000 - 0x00007ffc27660000 	C:\WINDOWS\System32\ucrtbase.dll
0x00007ffc056f0000 - 0x00007ffc0570a000 	C:\Program Files\Java\jdk-18.0.2.1\bin\VCRUNTIME140.dll
0x00007ffc07f90000 - 0x00007ffc07fa8000 	C:\Program Files\Java\jdk-18.0.2.1\bin\jli.dll
0x00007ffc27cb0000 - 0x00007ffc27d5e000 	C:\WINDOWS\System32\ADVAPI32.dll
0x00007ffc27950000 - 0x00007ffc279ee000 	C:\WINDOWS\System32\msvcrt.dll
0x00007ffc277a0000 - 0x00007ffc2783c000 	C:\WINDOWS\System32\sechost.dll
0x00007ffc27a50000 - 0x00007ffc27b76000 	C:\WINDOWS\System32\RPCRT4.dll
0x00007ffc28f70000 - 0x00007ffc2910e000 	C:\WINDOWS\System32\USER32.dll
0x00007ffc27710000 - 0x00007ffc27732000 	C:\WINDOWS\System32\win32u.dll
0x00007ffc27920000 - 0x00007ffc2794c000 	C:\WINDOWS\System32\GDI32.dll
0x00007ffc26ed0000 - 0x00007ffc26fea000 	C:\WINDOWS\System32\gdi32full.dll
0x00007ffc09da0000 - 0x00007ffc0a03a000 	C:\WINDOWS\WinSxS\amd64_microsoft.windows.common-controls_6595b64144ccf1df_6.0.19041.3570_none_60bb2a3971f3e41a\COMCTL32.dll
0x00007ffc26dc0000 - 0x00007ffc26e5d000 	C:\WINDOWS\System32\msvcp_win.dll
0x00007ffc1d2e0000 - 0x00007ffc1d2ea000 	C:\WINDOWS\SYSTEM32\VERSION.dll
0x00007ffc28da0000 - 0x00007ffc28dd0000 	C:\WINDOWS\System32\IMM32.DLL
0x00007ffc20500000 - 0x00007ffc2050c000 	C:\Program Files\Java\jdk-18.0.2.1\bin\vcruntime140_1.dll
0x00007ffc05230000 - 0x00007ffc052bd000 	C:\Program Files\Java\jdk-18.0.2.1\bin\msvcp140.dll
0x00007ffbda2b0000 - 0x00007ffbdaec1000 	C:\Program Files\Java\jdk-18.0.2.1\bin\server\jvm.dll
0x00007ffc29180000 - 0x00007ffc29188000 	C:\WINDOWS\System32\PSAPI.DLL
0x00007ffc0a4e0000 - 0x00007ffc0a4e9000 	C:\WINDOWS\SYSTEM32\WSOCK32.dll
0x00007ffc103f0000 - 0x00007ffc10417000 	C:\WINDOWS\SYSTEM32\WINMM.dll
0x00007ffc29110000 - 0x00007ffc2917b000 	C:\WINDOWS\System32\WS2_32.dll
0x00007ffc255e0000 - 0x00007ffc255f2000 	C:\WINDOWS\SYSTEM32\kernel.appcore.dll
0x00007ffc21e60000 - 0x00007ffc21e6a000 	C:\Program Files\Java\jdk-18.0.2.1\bin\jimage.dll
0x00007ffc252c0000 - 0x00007ffc254a4000 	C:\WINDOWS\SYSTEM32\DBGHELP.DLL
0x00007ffc148f0000 - 0x00007ffc14924000 	C:\WINDOWS\SYSTEM32\dbgcore.DLL
0x00007ffc274a0000 - 0x00007ffc27522000 	C:\WINDOWS\System32\bcryptPrimitives.dll
0x00007ffc21e10000 - 0x00007ffc21e35000 	C:\Program Files\Java\jdk-18.0.2.1\bin\java.dll

dbghelp: loaded successfully - version: 4.0.5 - missing functions: none
symbol engine: initialized successfully - sym options: 0x614 - pdb path: .;C:\Program Files\Java\jdk-18.0.2.1\bin;C:\WINDOWS\SYSTEM32;C:\WINDOWS\WinSxS\amd64_microsoft.windows.common-controls_6595b64144ccf1df_6.0.19041.3570_none_60bb2a3971f3e41a;C:\Program Files\Java\jdk-18.0.2.1\bin\server

VM Arguments:
jvm_args: -Dfile.encoding=UTF-8 -Dstdout.encoding=UTF-8 -Dstderr.encoding=UTF-8 --module-path=D:\ThinkQuotient\eclipse-workspace\gitworkspace\JayshreeMaam\bin -XX:+ShowCodeDetailsInExceptionMessages -Djdk.module.main=JayshreeMaam 
java_command: JayshreeMaam/com.arraydemos.StudentMaxPercentage
java_class_path (initial): <not set>
Launcher Type: SUN_STANDARD

[Global flags]
     intx CICompilerCount                          = 3                                         {product} {ergonomic}
     uint ConcGCThreads                            = 1                                         {product} {ergonomic}
     uint G1ConcRefinementThreads                  = 4                                         {product} {ergonomic}
   size_t G1HeapRegionSize                         = 1048576                                   {product} {ergonomic}
    uintx GCDrainStackTargetSize                   = 64                                        {product} {ergonomic}
   size_t InitialHeapSize                          = 132120576                                 {product} {ergonomic}
   size_t MarkStackSize                            = 4194304                                   {product} {ergonomic}
   size_t MaxHeapSize                              = 2113929216                                {product} {ergonomic}
   size_t MinHeapDeltaBytes                        = 1048576                                   {product} {ergonomic}
   size_t MinHeapSize                              = 8388608                                   {product} {ergonomic}
    uintx NonNMethodCodeHeapSize                   = 5832780                                {pd product} {ergonomic}
    uintx NonProfiledCodeHeapSize                  = 122912730                              {pd product} {ergonomic}
    uintx ProfiledCodeHeapSize                     = 122912730                              {pd product} {ergonomic}
    uintx ReservedCodeCacheSize                    = 251658240                              {pd product} {ergonomic}
     bool SegmentedCodeCache                       = true                                      {product} {ergonomic}
     bool ShowCodeDetailsInExceptionMessages       = true                                   {manageable} {command line}
   size_t SoftMaxHeapSize                          = 2113929216                             {manageable} {ergonomic}
     bool UseCompressedClassPointers               = true                           {product lp64_product} {ergonomic}
     bool UseCompressedOops                        = true                           {product lp64_product} {ergonomic}
     bool UseG1GC                                  = true                                      {product} {ergonomic}
     bool UseLargePagesIndividualAllocation        = false                                  {pd product} {ergonomic}

Logging:
Log output configuration:
 #0: stdout all=warning uptime,level,tags foldmultilines=false
 #1: stderr all=off uptime,level,tags foldmultilines=false

Environment Variables:
JAVA_HOME=C:\Program Files\Java\jdk-18.0.2.1
PATH=C:/Program Files/Java/jdk-18.0.2.1/bin/server;C:/Program Files/Java/jdk-18.0.2.1/bin;C:\Program Files\Java\jdk-18.0.2.1\bin;C:\Program Files (x86)\Intel\iCLS Client\;C:\Program Files\Intel\iCLS Client\;C:\Windows\system32;C:\Windows;C:\Windows\System32\Wbem;C:\Windows\System32\WindowsPowerShell\v1.0\;C:\Program Files (x86)\Intel\Intel(R) Management Engine Components\DAL;C:\Program Files\Intel\Intel(R) Management Engine Components\DAL;C:\Program Files (x86)\Intel\Intel(R) Management Engine Components\IPT;C:\Program Files\Intel\Intel(R) Management Engine Components\IPT;C:\Program Files\Intel\WiFi\bin\;C:\Program Files\Common Files\Intel\WirelessCommon\;C:\Program Files (x86)\NVIDIA Corporation\PhysX\Common;C:\WINDOWS\system32;C:\WINDOWS;C:\WINDOWS\System32\Wbem;C:\WINDOWS\System32\WindowsPowerShell\v1.0\;C:\WINDOWS\System32\OpenSSH\;C:\Users\aadar\AppData\Local\Microsoft\WindowsApps;;C:\Users\aadar\OneDrive\Desktop;
USERNAME=aadar
OS=Windows_NT
PROCESSOR_IDENTIFIER=Intel64 Family 6 Model 158 Stepping 9, GenuineIntel



---------------  S Y S T E M  ---------------

OS:
 Windows 10 , 64 bit Build 19041 (10.0.19041.3570)
OS uptime: 0 days 13:37 hours
Hyper-V role detected

CPU: total 4 (initial active 4) (4 cores per cpu, 1 threads per core) family 6 model 158 stepping 9 microcode 0xea, cx8, cmov, fxsr, mmx, 3dnowpref, sse, sse2, sse3, ssse3, sse4.1, sse4.2, popcnt, lzcnt, tsc, tscinvbit, avx, avx2, aes, erms, clmul, bmi1, bmi2, adx, fma, vzeroupper, clflush, clflushopt, hv

Memory: 4k page, system-wide physical 8058M (1991M free)
TotalPageFile size 10558M (AvailPageFile size 23M)
current process WorkingSet (physical memory assigned to process): 10M, peak: 10M
current process commit charge ("private bytes"): 52M, peak: 177M

vm_info: Java HotSpot(TM) 64-Bit Server VM (18.0.2.1+1-1) for windows-amd64 JRE (18.0.2.1+1-1), built on Aug 16 2022 01:46:33 by "mach5one" with MS VC++ 16.8 / 16.9 (VS2019)

END.
