#
# There is insufficient memory for the Java Runtime Environment to continue.
# Native memory allocation (mmap) failed to map 428867584 bytes for G1 virtual space
# Possible reasons:
#   The system is out of physical RAM or swap space
#   The process is running with CompressedOops enabled, and the Java Heap may be blocking the growth of the native heap
# Possible solutions:
#   Reduce memory load on the system
#   Increase physical memory or swap space
#   Check if swap backing store is full
#   Decrease Java heap size (-Xmx/-Xms)
#   Decrease number of Java threads
#   Decrease Java thread stack sizes (-Xss)
#   Set larger code cache with -XX:ReservedCodeCacheSize=
#   JVM is running with Unscaled Compressed Oops mode in which the Java heap is
#     placed in the first 4GB address space. The Java Heap base address is the
#     maximum limit for the native heap growth. Please use -XX:HeapBaseMinAddress
#     to set the Java Heap base and to place the Java Heap above 4GB virtual address.
# This output file may be truncated or incomplete.
#
#  Out of Memory Error (os_windows.cpp:3530), pid=12704, tid=14780
#
# JRE version: Java(TM) SE Runtime Environment (18.0.2.1+1) (build 18.0.2.1+1-1)
# Java VM: Java HotSpot(TM) 64-Bit Server VM (18.0.2.1+1-1, mixed mode, sharing, tiered, compressed oops, compressed class ptrs, g1 gc, windows-amd64)
# No core dump will be written. Minidumps are not enabled by default on client versions of Windows
#

---------------  S U M M A R Y ------------

Command Line: -Dfile.encoding=UTF-8 -Dstdout.encoding=UTF-8 -Dstderr.encoding=UTF-8 -XX:+ShowCodeDetailsInExceptionMessages com.jdbchashmapassignments.Doctors_Keys_Patients_Value_HashMap

Host: Intel(R) Core(TM) i5-7300HQ CPU @ 2.50GHz, 4 cores, 7G,  Windows 10 , 64 bit Build 19041 (10.0.19041.3636)
Time: Mon Dec 25 03:19:41 2023 India Standard Time elapsed time: 2.001863 seconds (0d 0h 0m 2s)

---------------  T H R E A D  ---------------

Current thread (0x000002865d52e760):  VMThread "VM Thread" [stack: 0x000000984a200000,0x000000984a300000] [id=14780]

Stack: [0x000000984a200000,0x000000984a300000]
Native frames: (J=compiled Java code, j=interpreted, Vv=VM code, C=native code)
V  [jvm.dll+0x6993aa]
V  [jvm.dll+0x7f46dd]
V  [jvm.dll+0x7f5fee]
V  [jvm.dll+0x7f66a3]
V  [jvm.dll+0x25cf1f]
V  [jvm.dll+0x6962f9]
V  [jvm.dll+0x68ae2a]
V  [jvm.dll+0x32255b]
V  [jvm.dll+0x329f36]
V  [jvm.dll+0x37eade]
V  [jvm.dll+0x37ed0f]
V  [jvm.dll+0x2fa2da]
V  [jvm.dll+0x2fa387]
V  [jvm.dll+0x33e8c2]
V  [jvm.dll+0x33ce64]
V  [jvm.dll+0x2f9ab0]
V  [jvm.dll+0x33c43b]
V  [jvm.dll+0x7fb48b]
V  [jvm.dll+0x7fc224]
V  [jvm.dll+0x7fc75c]
V  [jvm.dll+0x7fcbb4]
V  [jvm.dll+0x7fcc77]
V  [jvm.dll+0x7a120a]
V  [jvm.dll+0x698255]
C  [ucrtbase.dll+0x21bb2]
C  [KERNEL32.DLL+0x17344]
C  [ntdll.dll+0x526b1]

VM_Operation (0x0000009849bff100): G1CollectForAllocation, mode: safepoint, requested by thread 0x000002865d45e990


---------------  P R O C E S S  ---------------

Threads class SMR info:
_java_thread_list=0x000002867ce823b0, length=14, elements={
0x000002865d45e990, 0x000002867cbe57e0, 0x000002867cbe6ff0, 0x000002867cbff230,
0x000002867cbffae0, 0x000002867cc00390, 0x000002867cc00c40, 0x000002867cc01820,
0x000002867cc725b0, 0x000002867cc76270, 0x000002867ce391e0, 0x000002867ce41930,
0x000002865d45f930, 0x000002867d01ff00
}

Java Threads: ( => current thread )
  0x000002865d45e990 JavaThread "main" [_thread_blocked, id=10372, stack(0x0000009849b00000,0x0000009849c00000)]
  0x000002867cbe57e0 JavaThread "Reference Handler" daemon [_thread_blocked, id=5280, stack(0x000000984a300000,0x000000984a400000)]
  0x000002867cbe6ff0 JavaThread "Finalizer" daemon [_thread_blocked, id=11236, stack(0x000000984a400000,0x000000984a500000)]
  0x000002867cbff230 JavaThread "Signal Dispatcher" daemon [_thread_blocked, id=10664, stack(0x000000984a500000,0x000000984a600000)]
  0x000002867cbffae0 JavaThread "Attach Listener" daemon [_thread_blocked, id=11744, stack(0x000000984a600000,0x000000984a700000)]
  0x000002867cc00390 JavaThread "Service Thread" daemon [_thread_blocked, id=10644, stack(0x000000984a700000,0x000000984a800000)]
  0x000002867cc00c40 JavaThread "Monitor Deflation Thread" daemon [_thread_blocked, id=3712, stack(0x000000984a800000,0x000000984a900000)]
  0x000002867cc01820 JavaThread "C2 CompilerThread0" daemon [_thread_blocked, id=2440, stack(0x000000984a900000,0x000000984aa00000)]
  0x000002867cc725b0 JavaThread "C1 CompilerThread0" daemon [_thread_blocked, id=5368, stack(0x000000984aa00000,0x000000984ab00000)]
  0x000002867cc76270 JavaThread "Sweeper thread" daemon [_thread_blocked, id=14128, stack(0x000000984ab00000,0x000000984ac00000)]
  0x000002867ce391e0 JavaThread "Notification Thread" daemon [_thread_blocked, id=4512, stack(0x000000984ac00000,0x000000984ad00000)]
  0x000002867ce41930 JavaThread "Common-Cleaner" daemon [_thread_blocked, id=10392, stack(0x000000984ae00000,0x000000984af00000)]
  0x000002865d45f930 JavaThread "Abandoned connection cleanup thread" daemon [_thread_blocked, id=15512, stack(0x000000984af00000,0x000000984b000000)]
  0x000002867d01ff00 JavaThread "C2 CompilerThread1" daemon [_thread_blocked, id=15808, stack(0x000000984b000000,0x000000984b100000)]

Other Threads:
=>0x000002865d52e760 VMThread "VM Thread" [stack: 0x000000984a200000,0x000000984a300000] [id=14780]
  0x000002867ce3d6b0 WatcherThread "VM Periodic Task Thread" [stack: 0x000000984ad00000,0x000000984ae00000] [id=11048]
  0x000002865d4bd4a0 WorkerThread "GC Thread#0" [stack: 0x0000009849d00000,0x0000009849e00000] [id=1556]
  0x000002867d38e4e0 WorkerThread "GC Thread#1" [stack: 0x000000984b100000,0x000000984b200000] [id=13060]
  0x000002867d38e780 WorkerThread "GC Thread#2" [stack: 0x000000984b200000,0x000000984b300000] [id=6232]
  0x000002867d384b60 WorkerThread "GC Thread#3" [stack: 0x000000984b300000,0x000000984b400000] [id=5532]
  0x000002865d4cff00 ConcurrentGCThread "G1 Main Marker" [stack: 0x0000009849e00000,0x0000009849f00000] [id=7708]
  0x000002865d4d0fa0 WorkerThread "G1 Conc#0" [stack: 0x0000009849f00000,0x000000984a000000] [id=15596]
  0x000002865d50e360 ConcurrentGCThread "G1 Refine#0" [stack: 0x000000984a000000,0x000000984a100000] [id=14244]
  0x000002867d38ea20 ConcurrentGCThread "G1 Refine#1" [stack: 0x000000984b400000,0x000000984b500000] [id=2096]
  0x000002867d668cc0 ConcurrentGCThread "G1 Refine#2" [stack: 0x000000984b500000,0x000000984b600000] [id=10220]
  0x000002867d56f9c0 ConcurrentGCThread "G1 Refine#3" [stack: 0x000000984b600000,0x000000984b700000] [id=6740]
  0x000002865d50f320 ConcurrentGCThread "G1 Service" [stack: 0x000000984a100000,0x000000984a200000] [id=15352]

Threads with active compile tasks:

VM state: at safepoint (normal execution)

VM Mutex/Monitor currently owned by a thread:  ([mutex/lock_event])
[0x000002865d45a510] Threads_lock - owner thread: 0x000002865d52e760
[0x000002865d45b710] Heap_lock - owner thread: 0x000002865d45e990

Heap address: 0x0000000082000000, size: 2016 MB, Compressed Oops mode: 32-bit

CDS archive(s) mapped at: [0x0000000800000000-0x0000000800ba0000-0x0000000800ba0000), size 12189696, SharedBaseAddress: 0x0000000800000000, ArchiveRelocationMode: 0.
Compressed class space mapped at: 0x0000000800c00000-0x0000000840c00000, reserved size: 1073741824
Narrow klass base: 0x0000000800000000, Narrow klass shift: 0, Narrow klass range: 0x100000000

GC Precious Log:
 CardTable entry size: 512
 Card Set container configuration: InlinePtr #cards 5 size 8 Array Of Cards #cards 12 size 40 Howl #buckets 4 coarsen threshold 1843 Howl Bitmap #cards 512 size 80 coarsen threshold 460 Card regions per heap region 1 cards per card region 2048
 CPUs: 4 total, 4 available
 Memory: 8058M
 Large Page Support: Disabled
 NUMA Support: Disabled
 Compressed Oops: Enabled (32-bit)
 Heap Region Size: 1M
 Heap Min Capacity: 8M
 Heap Initial Capacity: 126M
 Heap Max Capacity: 2016M
 Pre-touch: Disabled
 Parallel Workers: 4
 Concurrent Workers: 1
 Concurrent Refinement Workers: 4
 Periodic GC: Disabled

Heap:
 garbage-first heap   total 299008K, used 206848K [0x0000000082000000, 0x0000000100000000)
  region size 1024K, 6 young (6144K), 6 survivors (6144K)
 Metaspace       used 9904K, committed 10112K, reserved 1114112K
  class space    used 1041K, committed 1152K, reserved 1048576K

Heap Regions: E=young(eden), S=young(survivor), O=old, HS=humongous(starts), HC=humongous(continues), CS=collection set, F=free, OA=open archive, CA=closed archive, TAMS=top-at-mark-start (previous, next)
|   0|0x0000000082000000, 0x0000000082100000, 0x0000000082100000|100%| O|  |TAMS 0x0000000082000000, 0x0000000082100000| Untracked 
|   1|0x0000000082100000, 0x0000000082200000, 0x0000000082200000|100%| O|  |TAMS 0x0000000082100000, 0x0000000082200000| Untracked 
|   2|0x0000000082200000, 0x0000000082300000, 0x0000000082300000|100%| O|  |TAMS 0x0000000082200000, 0x0000000082300000| Untracked 
|   3|0x0000000082300000, 0x0000000082400000, 0x0000000082400000|100%| O|  |TAMS 0x0000000082300000, 0x0000000082400000| Untracked 
|   4|0x0000000082400000, 0x0000000082500000, 0x0000000082500000|100%| O|  |TAMS 0x0000000082400000, 0x0000000082500000| Untracked 
|   5|0x0000000082500000, 0x0000000082600000, 0x0000000082600000|100%| O|  |TAMS 0x0000000082500000, 0x0000000082600000| Untracked 
|   6|0x0000000082600000, 0x0000000082700000, 0x0000000082700000|100%| O|  |TAMS 0x0000000082600000, 0x0000000082700000| Untracked 
|   7|0x0000000082700000, 0x0000000082800000, 0x0000000082800000|100%| O|  |TAMS 0x0000000082700000, 0x0000000082800000| Untracked 
|   8|0x0000000082800000, 0x0000000082900000, 0x0000000082900000|100%|HS|  |TAMS 0x0000000082800000, 0x0000000082900000| Complete 
|   9|0x0000000082900000, 0x0000000082a00000, 0x0000000082a00000|100%|HS|  |TAMS 0x0000000082900000, 0x0000000082a00000| Complete 
|  10|0x0000000082a00000, 0x0000000082b00000, 0x0000000082b00000|100%|HS|  |TAMS 0x0000000082a00000, 0x0000000082b00000| Complete 
|  11|0x0000000082b00000, 0x0000000082c00000, 0x0000000082c00000|100%|HC|  |TAMS 0x0000000082b00000, 0x0000000082c00000| Complete 
|  12|0x0000000082c00000, 0x0000000082d00000, 0x0000000082d00000|100%| O|  |TAMS 0x0000000082c00000, 0x0000000082d00000| Untracked 
|  13|0x0000000082d00000, 0x0000000082e00000, 0x0000000082e00000|100%| O|  |TAMS 0x0000000082d00000, 0x0000000082e00000| Untracked 
|  14|0x0000000082e00000, 0x0000000082f00000, 0x0000000082f00000|100%| O|  |TAMS 0x0000000082e00000, 0x0000000082f00000| Untracked 
|  15|0x0000000082f00000, 0x0000000083000000, 0x0000000083000000|100%| O|  |TAMS 0x0000000082f00000, 0x0000000083000000| Untracked 
|  16|0x0000000083000000, 0x0000000083100000, 0x0000000083100000|100%| O|  |TAMS 0x0000000083000000, 0x0000000083100000| Untracked 
|  17|0x0000000083100000, 0x0000000083200000, 0x0000000083200000|100%| O|  |TAMS 0x0000000083100000, 0x0000000083200000| Untracked 
|  18|0x0000000083200000, 0x0000000083300000, 0x0000000083300000|100%| O|  |TAMS 0x0000000083200000, 0x0000000083300000| Untracked 
|  19|0x0000000083300000, 0x0000000083400000, 0x0000000083400000|100%|HS|  |TAMS 0x0000000083300000, 0x0000000083400000| Complete 
|  20|0x0000000083400000, 0x0000000083500000, 0x0000000083500000|100%|HC|  |TAMS 0x0000000083400000, 0x0000000083500000| Complete 
|  21|0x0000000083500000, 0x0000000083600000, 0x0000000083600000|100%|HC|  |TAMS 0x0000000083500000, 0x0000000083600000| Complete 
|  22|0x0000000083600000, 0x0000000083700000, 0x0000000083700000|100%| O|  |TAMS 0x0000000083600000, 0x0000000083700000| Untracked 
|  23|0x0000000083700000, 0x0000000083800000, 0x0000000083800000|100%| O|  |TAMS 0x0000000083700000, 0x0000000083800000| Untracked 
|  24|0x0000000083800000, 0x0000000083900000, 0x0000000083900000|100%| O|  |TAMS 0x0000000083800000, 0x0000000083900000| Untracked 
|  25|0x0000000083900000, 0x0000000083a00000, 0x0000000083a00000|100%| O|  |TAMS 0x0000000083900000, 0x0000000083a00000| Untracked 
|  26|0x0000000083a00000, 0x0000000083b00000, 0x0000000083b00000|100%| O|  |TAMS 0x0000000083a00000, 0x0000000083b00000| Untracked 
|  27|0x0000000083b00000, 0x0000000083c00000, 0x0000000083c00000|100%| O|  |TAMS 0x0000000083b00000, 0x0000000083c00000| Untracked 
|  28|0x0000000083c00000, 0x0000000083d00000, 0x0000000083d00000|100%| O|  |TAMS 0x0000000083c00000, 0x0000000083d00000| Untracked 
|  29|0x0000000083d00000, 0x0000000083e00000, 0x0000000083e00000|100%| O|  |TAMS 0x0000000083d00000, 0x0000000083e00000| Untracked 
|  30|0x0000000083e00000, 0x0000000083f00000, 0x0000000083f00000|100%| O|  |TAMS 0x0000000083e00000, 0x0000000083f00000| Untracked 
|  31|0x0000000083f00000, 0x0000000084000000, 0x0000000084000000|100%| O|  |TAMS 0x0000000083f00000, 0x0000000084000000| Untracked 
|  32|0x0000000084000000, 0x0000000084100000, 0x0000000084100000|100%| O|  |TAMS 0x0000000084000000, 0x0000000084100000| Untracked 
|  33|0x0000000084100000, 0x0000000084200000, 0x0000000084200000|100%| O|  |TAMS 0x0000000084100000, 0x0000000084200000| Untracked 
|  34|0x0000000084200000, 0x0000000084300000, 0x0000000084300000|100%|HS|  |TAMS 0x0000000084200000, 0x0000000084300000| Complete 
|  35|0x0000000084300000, 0x0000000084400000, 0x0000000084400000|100%|HC|  |TAMS 0x0000000084300000, 0x0000000084400000| Complete 
|  36|0x0000000084400000, 0x0000000084500000, 0x0000000084500000|100%|HC|  |TAMS 0x0000000084400000, 0x0000000084500000| Complete 
|  37|0x0000000084500000, 0x0000000084600000, 0x0000000084600000|100%|HC|  |TAMS 0x0000000084500000, 0x0000000084600000| Complete 
|  38|0x0000000084600000, 0x0000000084700000, 0x0000000084700000|100%| O|  |TAMS 0x0000000084600000, 0x0000000084700000| Untracked 
|  39|0x0000000084700000, 0x0000000084800000, 0x0000000084800000|100%| O|  |TAMS 0x0000000084700000, 0x0000000084800000| Untracked 
|  40|0x0000000084800000, 0x0000000084900000, 0x0000000084900000|100%| O|  |TAMS 0x0000000084800000, 0x0000000084900000| Untracked 
|  41|0x0000000084900000, 0x0000000084a00000, 0x0000000084a00000|100%| O|  |TAMS 0x0000000084900000, 0x0000000084a00000| Untracked 
|  42|0x0000000084a00000, 0x0000000084b00000, 0x0000000084b00000|100%| O|  |TAMS 0x0000000084a00000, 0x0000000084b00000| Untracked 
|  43|0x0000000084b00000, 0x0000000084c00000, 0x0000000084c00000|100%| O|  |TAMS 0x0000000084b00000, 0x0000000084c00000| Untracked 
|  44|0x0000000084c00000, 0x0000000084d00000, 0x0000000084d00000|100%| O|  |TAMS 0x0000000084c00000, 0x0000000084d00000| Untracked 
|  45|0x0000000084d00000, 0x0000000084e00000, 0x0000000084e00000|100%| O|  |TAMS 0x0000000084d00000, 0x0000000084e00000| Untracked 
|  46|0x0000000084e00000, 0x0000000084f00000, 0x0000000084f00000|100%| O|  |TAMS 0x0000000084e00000, 0x0000000084f00000| Untracked 
|  47|0x0000000084f00000, 0x0000000085000000, 0x0000000085000000|100%| O|  |TAMS 0x0000000084f00000, 0x0000000085000000| Untracked 
|  48|0x0000000085000000, 0x0000000085100000, 0x0000000085100000|100%| O|  |TAMS 0x0000000085000000, 0x0000000085100000| Untracked 
|  49|0x0000000085100000, 0x0000000085200000, 0x0000000085200000|100%| O|  |TAMS 0x0000000085100000, 0x0000000085200000| Untracked 
|  50|0x0000000085200000, 0x0000000085300000, 0x0000000085300000|100%| O|  |TAMS 0x0000000085200000, 0x0000000085300000| Untracked 
|  51|0x0000000085300000, 0x0000000085400000, 0x0000000085400000|100%|HS|  |TAMS 0x0000000085300000, 0x0000000085400000| Complete 
|  52|0x0000000085400000, 0x0000000085500000, 0x0000000085500000|100%|HC|  |TAMS 0x0000000085400000, 0x0000000085500000| Complete 
|  53|0x0000000085500000, 0x0000000085600000, 0x0000000085600000|100%|HC|  |TAMS 0x0000000085500000, 0x0000000085600000| Complete 
|  54|0x0000000085600000, 0x0000000085700000, 0x0000000085700000|100%|HC|  |TAMS 0x0000000085600000, 0x0000000085700000| Complete 
|  55|0x0000000085700000, 0x0000000085800000, 0x0000000085800000|100%|HC|  |TAMS 0x0000000085700000, 0x0000000085800000| Complete 
|  56|0x0000000085800000, 0x0000000085900000, 0x0000000085900000|100%| O|  |TAMS 0x0000000085800000, 0x0000000085900000| Untracked 
|  57|0x0000000085900000, 0x0000000085a00000, 0x0000000085a00000|100%| O|  |TAMS 0x0000000085900000, 0x0000000085a00000| Untracked 
|  58|0x0000000085a00000, 0x0000000085b00000, 0x0000000085b00000|100%| O|  |TAMS 0x0000000085a00000, 0x0000000085b00000| Untracked 
|  59|0x0000000085b00000, 0x0000000085c00000, 0x0000000085c00000|100%| O|  |TAMS 0x0000000085b00000, 0x0000000085c00000| Untracked 
|  60|0x0000000085c00000, 0x0000000085d00000, 0x0000000085d00000|100%| O|  |TAMS 0x0000000085c00000, 0x0000000085d00000| Untracked 
|  61|0x0000000085d00000, 0x0000000085e00000, 0x0000000085e00000|100%| O|  |TAMS 0x0000000085d00000, 0x0000000085e00000| Untracked 
|  62|0x0000000085e00000, 0x0000000085f00000, 0x0000000085f00000|100%| O|  |TAMS 0x0000000085e00000, 0x0000000085f00000| Untracked 
|  63|0x0000000085f00000, 0x0000000086000000, 0x0000000086000000|100%| O|  |TAMS 0x0000000085f00000, 0x0000000086000000| Untracked 
|  64|0x0000000086000000, 0x0000000086100000, 0x0000000086100000|100%| O|  |TAMS 0x0000000086000000, 0x0000000086100000| Untracked 
|  65|0x0000000086100000, 0x0000000086200000, 0x0000000086200000|100%| O|  |TAMS 0x0000000086100000, 0x0000000086200000| Untracked 
|  66|0x0000000086200000, 0x0000000086300000, 0x0000000086300000|100%| O|  |TAMS 0x0000000086200000, 0x0000000086300000| Untracked 
|  67|0x0000000086300000, 0x0000000086400000, 0x0000000086400000|100%| O|  |TAMS 0x0000000086300000, 0x0000000086400000| Untracked 
|  68|0x0000000086400000, 0x0000000086500000, 0x0000000086500000|100%| O|  |TAMS 0x0000000086400000, 0x0000000086500000| Untracked 
|  69|0x0000000086500000, 0x0000000086600000, 0x0000000086600000|100%|HS|  |TAMS 0x0000000086500000, 0x0000000086600000| Complete 
|  70|0x0000000086600000, 0x0000000086700000, 0x0000000086700000|100%|HC|  |TAMS 0x0000000086600000, 0x0000000086700000| Complete 
|  71|0x0000000086700000, 0x0000000086800000, 0x0000000086800000|100%|HC|  |TAMS 0x0000000086700000, 0x0000000086800000| Complete 
|  72|0x0000000086800000, 0x0000000086900000, 0x0000000086900000|100%|HC|  |TAMS 0x0000000086800000, 0x0000000086900000| Complete 
|  73|0x0000000086900000, 0x0000000086a00000, 0x0000000086a00000|100%|HC|  |TAMS 0x0000000086900000, 0x0000000086a00000| Complete 
|  74|0x0000000086a00000, 0x0000000086b00000, 0x0000000086b00000|100%|HC|  |TAMS 0x0000000086a00000, 0x0000000086b00000| Complete 
|  75|0x0000000086b00000, 0x0000000086c00000, 0x0000000086c00000|100%|HC|  |TAMS 0x0000000086b00000, 0x0000000086c00000| Complete 
|  76|0x0000000086c00000, 0x0000000086d00000, 0x0000000086d00000|100%| O|  |TAMS 0x0000000086c00000, 0x0000000086d00000| Untracked 
|  77|0x0000000086d00000, 0x0000000086e00000, 0x0000000086e00000|100%| O|  |TAMS 0x0000000086d00000, 0x0000000086e00000| Untracked 
|  78|0x0000000086e00000, 0x0000000086f00000, 0x0000000086f00000|100%| O|  |TAMS 0x0000000086e00000, 0x0000000086f00000| Untracked 
|  79|0x0000000086f00000, 0x0000000087000000, 0x0000000087000000|100%| O|  |TAMS 0x0000000086f00000, 0x0000000087000000| Untracked 
|  80|0x0000000087000000, 0x0000000087100000, 0x0000000087100000|100%| O|  |TAMS 0x0000000087000000, 0x0000000087100000| Untracked 
|  81|0x0000000087100000, 0x0000000087200000, 0x0000000087200000|100%| O|  |TAMS 0x0000000087100000, 0x0000000087200000| Untracked 
|  82|0x0000000087200000, 0x0000000087300000, 0x0000000087300000|100%| O|  |TAMS 0x0000000087200000, 0x0000000087300000| Untracked 
|  83|0x0000000087300000, 0x0000000087400000, 0x0000000087400000|100%| O|  |TAMS 0x0000000087300000, 0x0000000087400000| Untracked 
|  84|0x0000000087400000, 0x0000000087500000, 0x0000000087500000|100%| O|  |TAMS 0x0000000087400000, 0x0000000087500000| Untracked 
|  85|0x0000000087500000, 0x0000000087600000, 0x0000000087600000|100%| O|  |TAMS 0x0000000087500000, 0x0000000087600000| Untracked 
|  86|0x0000000087600000, 0x0000000087700000, 0x0000000087700000|100%| O|  |TAMS 0x0000000087600000, 0x0000000087700000| Untracked 
|  87|0x0000000087700000, 0x0000000087800000, 0x0000000087800000|100%| O|  |TAMS 0x0000000087700000, 0x0000000087800000| Untracked 
|  88|0x0000000087800000, 0x0000000087900000, 0x0000000087900000|100%| O|  |TAMS 0x0000000087800000, 0x0000000087900000| Untracked 
|  89|0x0000000087900000, 0x0000000087a00000, 0x0000000087a00000|100%| O|  |TAMS 0x0000000087900000, 0x0000000087a00000| Untracked 
|  90|0x0000000087a00000, 0x0000000087b00000, 0x0000000087b00000|100%| O|  |TAMS 0x0000000087a00000, 0x0000000087b00000| Untracked 
|  91|0x0000000087b00000, 0x0000000087c00000, 0x0000000087c00000|100%| O|  |TAMS 0x0000000087b00000, 0x0000000087c00000| Untracked 
|  92|0x0000000087c00000, 0x0000000087d00000, 0x0000000087d00000|100%| O|  |TAMS 0x0000000087c00000, 0x0000000087d00000| Untracked 
|  93|0x0000000087d00000, 0x0000000087e00000, 0x0000000087e00000|100%| O|  |TAMS 0x0000000087d00000, 0x0000000087e00000| Untracked 
|  94|0x0000000087e00000, 0x0000000087f00000, 0x0000000087f00000|100%| O|  |TAMS 0x0000000087e00000, 0x0000000087f00000| Untracked 
|  95|0x0000000087f00000, 0x0000000088000000, 0x0000000088000000|100%| O|  |TAMS 0x0000000087f00000, 0x0000000088000000| Untracked 
|  96|0x0000000088000000, 0x0000000088100000, 0x0000000088100000|100%| O|  |TAMS 0x0000000088000000, 0x0000000088100000| Untracked 
|  97|0x0000000088100000, 0x0000000088200000, 0x0000000088200000|100%| O|  |TAMS 0x0000000088100000, 0x0000000088200000| Untracked 
|  98|0x0000000088200000, 0x0000000088300000, 0x0000000088300000|100%| O|  |TAMS 0x0000000088200000, 0x0000000088300000| Untracked 
|  99|0x0000000088300000, 0x0000000088400000, 0x0000000088400000|100%|HS|  |TAMS 0x0000000088300000, 0x0000000088400000| Complete 
| 100|0x0000000088400000, 0x0000000088500000, 0x0000000088500000|100%|HC|  |TAMS 0x0000000088400000, 0x0000000088500000| Complete 
| 101|0x0000000088500000, 0x0000000088600000, 0x0000000088600000|100%|HC|  |TAMS 0x0000000088500000, 0x0000000088600000| Complete 
| 102|0x0000000088600000, 0x0000000088700000, 0x0000000088700000|100%|HC|  |TAMS 0x0000000088600000, 0x0000000088700000| Complete 
| 103|0x0000000088700000, 0x0000000088800000, 0x0000000088800000|100%|HC|  |TAMS 0x0000000088700000, 0x0000000088800000| Complete 
| 104|0x0000000088800000, 0x0000000088900000, 0x0000000088900000|100%|HC|  |TAMS 0x0000000088800000, 0x0000000088900000| Complete 
| 105|0x0000000088900000, 0x0000000088a00000, 0x0000000088a00000|100%|HC|  |TAMS 0x0000000088900000, 0x0000000088a00000| Complete 
| 106|0x0000000088a00000, 0x0000000088b00000, 0x0000000088b00000|100%|HC|  |TAMS 0x0000000088a00000, 0x0000000088b00000| Complete 
| 107|0x0000000088b00000, 0x0000000088c00000, 0x0000000088c00000|100%|HC|  |TAMS 0x0000000088b00000, 0x0000000088c00000| Complete 
| 108|0x0000000088c00000, 0x0000000088d00000, 0x0000000088d00000|100%|HC|  |TAMS 0x0000000088c00000, 0x0000000088d00000| Complete 
| 109|0x0000000088d00000, 0x0000000088e00000, 0x0000000088e00000|100%|HC|  |TAMS 0x0000000088d00000, 0x0000000088e00000| Complete 
| 110|0x0000000088e00000, 0x0000000088f00000, 0x0000000088f00000|100%| O|  |TAMS 0x0000000088e00000, 0x0000000088f00000| Untracked 
| 111|0x0000000088f00000, 0x0000000089000000, 0x0000000089000000|100%| O|  |TAMS 0x0000000088f00000, 0x0000000089000000| Untracked 
| 112|0x0000000089000000, 0x0000000089100000, 0x0000000089100000|100%| O|  |TAMS 0x0000000089000000, 0x0000000089100000| Untracked 
| 113|0x0000000089100000, 0x0000000089200000, 0x0000000089200000|100%| O|  |TAMS 0x0000000089100000, 0x0000000089200000| Untracked 
| 114|0x0000000089200000, 0x0000000089300000, 0x0000000089300000|100%| O|  |TAMS 0x0000000089200000, 0x0000000089300000| Untracked 
| 115|0x0000000089300000, 0x0000000089400000, 0x0000000089400000|100%| O|  |TAMS 0x0000000089300000, 0x0000000089400000| Untracked 
| 116|0x0000000089400000, 0x0000000089500000, 0x0000000089500000|100%| O|  |TAMS 0x0000000089400000, 0x0000000089500000| Untracked 
| 117|0x0000000089500000, 0x0000000089600000, 0x0000000089600000|100%| O|  |TAMS 0x0000000089500000, 0x0000000089600000| Untracked 
| 118|0x0000000089600000, 0x0000000089700000, 0x0000000089700000|100%| O|  |TAMS 0x0000000089600000, 0x0000000089700000| Untracked 
| 119|0x0000000089700000, 0x0000000089800000, 0x0000000089800000|100%| O|  |TAMS 0x0000000089700000, 0x0000000089800000| Untracked 
| 120|0x0000000089800000, 0x0000000089900000, 0x0000000089900000|100%| O|  |TAMS 0x0000000089800000, 0x0000000089900000| Untracked 
| 121|0x0000000089900000, 0x0000000089a00000, 0x0000000089a00000|100%| O|  |TAMS 0x0000000089900000, 0x0000000089a00000| Untracked 
| 122|0x0000000089a00000, 0x0000000089b00000, 0x0000000089b00000|100%| O|  |TAMS 0x0000000089a00000, 0x0000000089b00000| Untracked 
| 123|0x0000000089b00000, 0x0000000089c00000, 0x0000000089c00000|100%| O|  |TAMS 0x0000000089b00000, 0x0000000089c00000| Untracked 
| 124|0x0000000089c00000, 0x0000000089d00000, 0x0000000089d00000|100%| O|  |TAMS 0x0000000089c00000, 0x0000000089d00000| Untracked 
| 125|0x0000000089d00000, 0x0000000089e00000, 0x0000000089e00000|100%| O|  |TAMS 0x0000000089d00000, 0x0000000089e00000| Untracked 
| 126|0x0000000089e00000, 0x0000000089f00000, 0x0000000089f00000|100%| O|  |TAMS 0x0000000089e00000, 0x0000000089f00000| Untracked 
| 127|0x0000000089f00000, 0x000000008a000000, 0x000000008a000000|100%| O|  |TAMS 0x0000000089f00000, 0x000000008a000000| Untracked 
| 128|0x000000008a000000, 0x000000008a100000, 0x000000008a100000|100%| O|  |TAMS 0x000000008a000000, 0x000000008a100000| Untracked 
| 129|0x000000008a100000, 0x000000008a200000, 0x000000008a200000|100%| O|  |TAMS 0x000000008a100000, 0x000000008a200000| Untracked 
| 130|0x000000008a200000, 0x000000008a300000, 0x000000008a300000|100%| O|  |TAMS 0x000000008a200000, 0x000000008a300000| Untracked 
| 131|0x000000008a300000, 0x000000008a400000, 0x000000008a400000|100%| O|  |TAMS 0x000000008a300000, 0x000000008a400000| Untracked 
| 132|0x000000008a400000, 0x000000008a500000, 0x000000008a500000|100%| O|  |TAMS 0x000000008a400000, 0x000000008a480000| Untracked 
| 133|0x000000008a500000, 0x000000008a600000, 0x000000008a600000|100%| O|  |TAMS 0x000000008a500000, 0x000000008a500000| Untracked 
| 134|0x000000008a600000, 0x000000008a700000, 0x000000008a700000|100%| O|  |TAMS 0x000000008a600000, 0x000000008a600000| Untracked 
| 135|0x000000008a700000, 0x000000008a800000, 0x000000008a800000|100%| O|  |TAMS 0x000000008a700000, 0x000000008a700000| Untracked 
| 136|0x000000008a800000, 0x000000008a900000, 0x000000008a900000|100%| O|  |TAMS 0x000000008a800000, 0x000000008a800000| Untracked 
| 137|0x000000008a900000, 0x000000008aa00000, 0x000000008aa00000|100%| O|  |TAMS 0x000000008a900000, 0x000000008a900000| Untracked 
| 138|0x000000008aa00000, 0x000000008ab00000, 0x000000008ab00000|100%| O|  |TAMS 0x000000008aa00000, 0x000000008aa00000| Untracked 
| 139|0x000000008ab00000, 0x000000008ac00000, 0x000000008ac00000|100%| O|  |TAMS 0x000000008ab00000, 0x000000008ab00000| Untracked 
| 140|0x000000008ac00000, 0x000000008ad00000, 0x000000008ad00000|100%| O|  |TAMS 0x000000008ac00000, 0x000000008ac00000| Untracked 
| 141|0x000000008ad00000, 0x000000008ae00000, 0x000000008ae00000|100%| O|  |TAMS 0x000000008ad00000, 0x000000008ad00000| Untracked 
| 142|0x000000008ae00000, 0x000000008af00000, 0x000000008af00000|100%| O|  |TAMS 0x000000008ae00000, 0x000000008ae00000| Untracked 
| 143|0x000000008af00000, 0x000000008b000000, 0x000000008b000000|100%| O|  |TAMS 0x000000008af00000, 0x000000008af00000| Untracked 
| 144|0x000000008b000000, 0x000000008b100000, 0x000000008b100000|100%| O|  |TAMS 0x000000008b000000, 0x000000008b000000| Untracked 
| 145|0x000000008b100000, 0x000000008b200000, 0x000000008b200000|100%| O|  |TAMS 0x000000008b100000, 0x000000008b100000| Untracked 
| 146|0x000000008b200000, 0x000000008b300000, 0x000000008b300000|100%| O|  |TAMS 0x000000008b200000, 0x000000008b200000| Untracked 
| 147|0x000000008b300000, 0x000000008b400000, 0x000000008b400000|100%| O|  |TAMS 0x000000008b300000, 0x000000008b300000| Untracked 
| 148|0x000000008b400000, 0x000000008b500000, 0x000000008b500000|100%| O|  |TAMS 0x000000008b400000, 0x000000008b400000| Untracked 
| 149|0x000000008b500000, 0x000000008b600000, 0x000000008b600000|100%| O|  |TAMS 0x000000008b500000, 0x000000008b500000| Untracked 
| 150|0x000000008b600000, 0x000000008b700000, 0x000000008b700000|100%| O|  |TAMS 0x000000008b600000, 0x000000008b600000| Untracked 
| 151|0x000000008b700000, 0x000000008b800000, 0x000000008b800000|100%| O|  |TAMS 0x000000008b700000, 0x000000008b700000| Untracked 
| 152|0x000000008b800000, 0x000000008b900000, 0x000000008b900000|100%| O|  |TAMS 0x000000008b800000, 0x000000008b800000| Untracked 
| 153|0x000000008b900000, 0x000000008ba00000, 0x000000008ba00000|100%| O|  |TAMS 0x000000008b900000, 0x000000008b900000| Untracked 
| 154|0x000000008ba00000, 0x000000008bb00000, 0x000000008bb00000|100%| O|  |TAMS 0x000000008ba00000, 0x000000008ba00000| Untracked 
| 155|0x000000008bb00000, 0x000000008bc00000, 0x000000008bc00000|100%| O|  |TAMS 0x000000008bb00000, 0x000000008bb00000| Untracked 
| 156|0x000000008bc00000, 0x000000008bd00000, 0x000000008bd00000|100%| O|  |TAMS 0x000000008bc00000, 0x000000008bc00000| Untracked 
| 157|0x000000008bd00000, 0x000000008be00000, 0x000000008be00000|100%| O|  |TAMS 0x000000008bd00000, 0x000000008bd00000| Untracked 
| 158|0x000000008be00000, 0x000000008bf00000, 0x000000008bf00000|100%|HS|  |TAMS 0x000000008be00000, 0x000000008be00000| Complete 
| 159|0x000000008bf00000, 0x000000008c000000, 0x000000008c000000|100%|HC|  |TAMS 0x000000008bf00000, 0x000000008bf00000| Complete 
| 160|0x000000008c000000, 0x000000008c100000, 0x000000008c100000|100%|HC|  |TAMS 0x000000008c000000, 0x000000008c000000| Complete 
| 161|0x000000008c100000, 0x000000008c200000, 0x000000008c200000|100%|HC|  |TAMS 0x000000008c100000, 0x000000008c100000| Complete 
| 162|0x000000008c200000, 0x000000008c300000, 0x000000008c300000|100%|HC|  |TAMS 0x000000008c200000, 0x000000008c200000| Complete 
| 163|0x000000008c300000, 0x000000008c400000, 0x000000008c400000|100%|HC|  |TAMS 0x000000008c300000, 0x000000008c300000| Complete 
| 164|0x000000008c400000, 0x000000008c500000, 0x000000008c500000|100%|HC|  |TAMS 0x000000008c400000, 0x000000008c400000| Complete 
| 165|0x000000008c500000, 0x000000008c600000, 0x000000008c600000|100%|HC|  |TAMS 0x000000008c500000, 0x000000008c500000| Complete 
| 166|0x000000008c600000, 0x000000008c700000, 0x000000008c700000|100%|HC|  |TAMS 0x000000008c600000, 0x000000008c600000| Complete 
| 167|0x000000008c700000, 0x000000008c800000, 0x000000008c800000|100%|HC|  |TAMS 0x000000008c700000, 0x000000008c700000| Complete 
| 168|0x000000008c800000, 0x000000008c900000, 0x000000008c900000|100%|HC|  |TAMS 0x000000008c800000, 0x000000008c800000| Complete 
| 169|0x000000008c900000, 0x000000008ca00000, 0x000000008ca00000|100%|HC|  |TAMS 0x000000008c900000, 0x000000008c900000| Complete 
| 170|0x000000008ca00000, 0x000000008cb00000, 0x000000008cb00000|100%|HC|  |TAMS 0x000000008ca00000, 0x000000008ca00000| Complete 
| 171|0x000000008cb00000, 0x000000008cc00000, 0x000000008cc00000|100%|HC|  |TAMS 0x000000008cb00000, 0x000000008cb00000| Complete 
| 172|0x000000008cc00000, 0x000000008cd00000, 0x000000008cd00000|100%|HC|  |TAMS 0x000000008cc00000, 0x000000008cc00000| Complete 
| 173|0x000000008cd00000, 0x000000008ce00000, 0x000000008ce00000|100%|HC|  |TAMS 0x000000008cd00000, 0x000000008cd00000| Complete 
| 174|0x000000008ce00000, 0x000000008cf00000, 0x000000008cf00000|100%| O|  |TAMS 0x000000008ce00000, 0x000000008ce00000| Untracked 
| 175|0x000000008cf00000, 0x000000008d000000, 0x000000008d000000|100%| O|  |TAMS 0x000000008cf00000, 0x000000008cf00000| Untracked 
| 176|0x000000008d000000, 0x000000008d100000, 0x000000008d100000|100%| O|  |TAMS 0x000000008d000000, 0x000000008d000000| Untracked 
| 177|0x000000008d100000, 0x000000008d200000, 0x000000008d200000|100%| O|  |TAMS 0x000000008d100000, 0x000000008d100000| Untracked 
| 178|0x000000008d200000, 0x000000008d300000, 0x000000008d300000|100%| O|  |TAMS 0x000000008d200000, 0x000000008d200000| Untracked 
| 179|0x000000008d300000, 0x000000008d400000, 0x000000008d400000|100%| O|  |TAMS 0x000000008d300000, 0x000000008d300000| Untracked 
| 180|0x000000008d400000, 0x000000008d500000, 0x000000008d500000|100%| O|  |TAMS 0x000000008d400000, 0x000000008d400000| Untracked 
| 181|0x000000008d500000, 0x000000008d600000, 0x000000008d600000|100%| O|  |TAMS 0x000000008d500000, 0x000000008d500000| Untracked 
| 182|0x000000008d600000, 0x000000008d700000, 0x000000008d700000|100%| O|  |TAMS 0x000000008d600000, 0x000000008d600000| Untracked 
| 183|0x000000008d700000, 0x000000008d800000, 0x000000008d800000|100%| O|  |TAMS 0x000000008d700000, 0x000000008d700000| Untracked 
| 184|0x000000008d800000, 0x000000008d900000, 0x000000008d900000|100%| O|  |TAMS 0x000000008d800000, 0x000000008d800000| Untracked 
| 185|0x000000008d900000, 0x000000008da00000, 0x000000008da00000|100%| O|  |TAMS 0x000000008d900000, 0x000000008d900000| Untracked 
| 186|0x000000008da00000, 0x000000008db00000, 0x000000008db00000|100%| O|  |TAMS 0x000000008da00000, 0x000000008da00000| Untracked 
| 187|0x000000008db00000, 0x000000008dc00000, 0x000000008dc00000|100%| O|  |TAMS 0x000000008db00000, 0x000000008db00000| Untracked 
| 188|0x000000008dc00000, 0x000000008dd00000, 0x000000008dd00000|100%| O|  |TAMS 0x000000008dc00000, 0x000000008dc00000| Untracked 
| 189|0x000000008dd00000, 0x000000008de00000, 0x000000008de00000|100%| O|  |TAMS 0x000000008dd00000, 0x000000008dd00000| Untracked 
| 190|0x000000008de00000, 0x000000008df00000, 0x000000008df00000|100%| O|  |TAMS 0x000000008de00000, 0x000000008de00000| Untracked 
| 191|0x000000008df00000, 0x000000008e000000, 0x000000008e000000|100%| O|  |TAMS 0x000000008df00000, 0x000000008df00000| Untracked 
| 192|0x000000008e000000, 0x000000008e100000, 0x000000008e100000|100%| O|  |TAMS 0x000000008e000000, 0x000000008e000000| Untracked 
| 193|0x000000008e100000, 0x000000008e200000, 0x000000008e200000|100%| O|  |TAMS 0x000000008e100000, 0x000000008e100000| Untracked 
| 194|0x000000008e200000, 0x000000008e300000, 0x000000008e300000|100%| O|  |TAMS 0x000000008e200000, 0x000000008e200000| Untracked 
| 195|0x000000008e300000, 0x000000008e400000, 0x000000008e400000|100%| O|  |TAMS 0x000000008e300000, 0x000000008e300000| Untracked 
| 196|0x000000008e400000, 0x000000008e400000, 0x000000008e500000|  0%| F|  |TAMS 0x000000008e400000, 0x000000008e400000| Untracked 
| 197|0x000000008e500000, 0x000000008e500000, 0x000000008e600000|  0%| F|  |TAMS 0x000000008e500000, 0x000000008e500000| Untracked 
| 198|0x000000008e600000, 0x000000008e600000, 0x000000008e700000|  0%| F|  |TAMS 0x000000008e600000, 0x000000008e600000| Untracked 
| 199|0x000000008e700000, 0x000000008e700000, 0x000000008e800000|  0%| F|  |TAMS 0x000000008e700000, 0x000000008e700000| Untracked 
| 200|0x000000008e800000, 0x000000008e800000, 0x000000008e900000|  0%| F|  |TAMS 0x000000008e800000, 0x000000008e800000| Untracked 
| 201|0x000000008e900000, 0x000000008e900000, 0x000000008ea00000|  0%| F|  |TAMS 0x000000008e900000, 0x000000008e900000| Untracked 
| 202|0x000000008ea00000, 0x000000008ea00000, 0x000000008eb00000|  0%| F|  |TAMS 0x000000008ea00000, 0x000000008ea00000| Untracked 
| 203|0x000000008eb00000, 0x000000008eb00000, 0x000000008ec00000|  0%| F|  |TAMS 0x000000008eb00000, 0x000000008eb00000| Untracked 
| 204|0x000000008ec00000, 0x000000008ec00000, 0x000000008ed00000|  0%| F|  |TAMS 0x000000008ec00000, 0x000000008ec00000| Untracked 
| 205|0x000000008ed00000, 0x000000008ed00000, 0x000000008ee00000|  0%| F|  |TAMS 0x000000008ed00000, 0x000000008ed00000| Untracked 
| 206|0x000000008ee00000, 0x000000008ee00000, 0x000000008ef00000|  0%| F|  |TAMS 0x000000008ee00000, 0x000000008ee00000| Untracked 
| 207|0x000000008ef00000, 0x000000008ef00000, 0x000000008f000000|  0%| F|  |TAMS 0x000000008ef00000, 0x000000008ef00000| Untracked 
| 208|0x000000008f000000, 0x000000008f000000, 0x000000008f100000|  0%| F|  |TAMS 0x000000008f000000, 0x000000008f000000| Untracked 
| 209|0x000000008f100000, 0x000000008f100000, 0x000000008f200000|  0%| F|  |TAMS 0x000000008f100000, 0x000000008f100000| Untracked 
| 210|0x000000008f200000, 0x000000008f200000, 0x000000008f300000|  0%| F|  |TAMS 0x000000008f200000, 0x000000008f200000| Untracked 
| 211|0x000000008f300000, 0x000000008f300000, 0x000000008f400000|  0%| F|  |TAMS 0x000000008f300000, 0x000000008f300000| Untracked 
| 212|0x000000008f400000, 0x000000008f400000, 0x000000008f500000|  0%| F|  |TAMS 0x000000008f400000, 0x000000008f400000| Untracked 
| 213|0x000000008f500000, 0x000000008f500000, 0x000000008f600000|  0%| F|  |TAMS 0x000000008f500000, 0x000000008f500000| Untracked 
| 214|0x000000008f600000, 0x000000008f600000, 0x000000008f700000|  0%| F|  |TAMS 0x000000008f600000, 0x000000008f600000| Untracked 
| 215|0x000000008f700000, 0x000000008f700000, 0x000000008f800000|  0%| F|  |TAMS 0x000000008f700000, 0x000000008f700000| Untracked 
| 216|0x000000008f800000, 0x000000008f800000, 0x000000008f900000|  0%| F|  |TAMS 0x000000008f800000, 0x000000008f800000| Untracked 
| 217|0x000000008f900000, 0x000000008f900000, 0x000000008fa00000|  0%| F|  |TAMS 0x000000008f900000, 0x000000008f900000| Untracked 
| 218|0x000000008fa00000, 0x000000008fa00000, 0x000000008fb00000|  0%| F|  |TAMS 0x000000008fa00000, 0x000000008fa00000| Untracked 
| 219|0x000000008fb00000, 0x000000008fb00000, 0x000000008fc00000|  0%| F|  |TAMS 0x000000008fb00000, 0x000000008fb00000| Untracked 
| 220|0x000000008fc00000, 0x000000008fc00000, 0x000000008fd00000|  0%| F|  |TAMS 0x000000008fc00000, 0x000000008fc00000| Untracked 
| 221|0x000000008fd00000, 0x000000008fd00000, 0x000000008fe00000|  0%| F|  |TAMS 0x000000008fd00000, 0x000000008fd00000| Untracked 
| 222|0x000000008fe00000, 0x000000008fe00000, 0x000000008ff00000|  0%| F|  |TAMS 0x000000008fe00000, 0x000000008fe00000| Untracked 
| 223|0x000000008ff00000, 0x000000008ff00000, 0x0000000090000000|  0%| F|  |TAMS 0x000000008ff00000, 0x000000008ff00000| Untracked 
| 224|0x0000000090000000, 0x0000000090000000, 0x0000000090100000|  0%| F|  |TAMS 0x0000000090000000, 0x0000000090000000| Untracked 
| 225|0x0000000090100000, 0x0000000090100000, 0x0000000090200000|  0%| F|  |TAMS 0x0000000090100000, 0x0000000090100000| Untracked 
| 226|0x0000000090200000, 0x0000000090200000, 0x0000000090300000|  0%| F|  |TAMS 0x0000000090200000, 0x0000000090200000| Untracked 
| 227|0x0000000090300000, 0x0000000090300000, 0x0000000090400000|  0%| F|  |TAMS 0x0000000090300000, 0x0000000090300000| Untracked 
| 228|0x0000000090400000, 0x0000000090400000, 0x0000000090500000|  0%| F|  |TAMS 0x0000000090400000, 0x0000000090400000| Untracked 
| 229|0x0000000090500000, 0x0000000090500000, 0x0000000090600000|  0%| F|  |TAMS 0x0000000090500000, 0x0000000090500000| Untracked 
| 230|0x0000000090600000, 0x0000000090600000, 0x0000000090700000|  0%| F|  |TAMS 0x0000000090600000, 0x0000000090600000| Untracked 
| 231|0x0000000090700000, 0x0000000090700000, 0x0000000090800000|  0%| F|  |TAMS 0x0000000090700000, 0x0000000090700000| Untracked 
| 232|0x0000000090800000, 0x0000000090800000, 0x0000000090900000|  0%| F|  |TAMS 0x0000000090800000, 0x0000000090800000| Untracked 
| 233|0x0000000090900000, 0x0000000090900000, 0x0000000090a00000|  0%| F|  |TAMS 0x0000000090900000, 0x0000000090900000| Untracked 
| 234|0x0000000090a00000, 0x0000000090a00000, 0x0000000090b00000|  0%| F|  |TAMS 0x0000000090a00000, 0x0000000090a00000| Untracked 
| 235|0x0000000090b00000, 0x0000000090b00000, 0x0000000090c00000|  0%| F|  |TAMS 0x0000000090b00000, 0x0000000090b00000| Untracked 
| 236|0x0000000090c00000, 0x0000000090c00000, 0x0000000090d00000|  0%| F|  |TAMS 0x0000000090c00000, 0x0000000090c00000| Untracked 
| 237|0x0000000090d00000, 0x0000000090d00000, 0x0000000090e00000|  0%| F|  |TAMS 0x0000000090d00000, 0x0000000090d00000| Untracked 
| 238|0x0000000090e00000, 0x0000000090e00000, 0x0000000090f00000|  0%| F|  |TAMS 0x0000000090e00000, 0x0000000090e00000| Untracked 
| 239|0x0000000090f00000, 0x0000000090f00000, 0x0000000091000000|  0%| F|  |TAMS 0x0000000090f00000, 0x0000000090f00000| Untracked 
| 240|0x0000000091000000, 0x0000000091000000, 0x0000000091100000|  0%| F|  |TAMS 0x0000000091000000, 0x0000000091000000| Untracked 
| 241|0x0000000091100000, 0x0000000091100000, 0x0000000091200000|  0%| F|  |TAMS 0x0000000091100000, 0x0000000091100000| Untracked 
| 242|0x0000000091200000, 0x0000000091200000, 0x0000000091300000|  0%| F|  |TAMS 0x0000000091200000, 0x0000000091200000| Untracked 
| 243|0x0000000091300000, 0x0000000091300000, 0x0000000091400000|  0%| F|  |TAMS 0x0000000091300000, 0x0000000091300000| Untracked 
| 244|0x0000000091400000, 0x0000000091400000, 0x0000000091500000|  0%| F|  |TAMS 0x0000000091400000, 0x0000000091400000| Untracked 
| 245|0x0000000091500000, 0x0000000091500000, 0x0000000091600000|  0%| F|  |TAMS 0x0000000091500000, 0x0000000091500000| Untracked 
| 246|0x0000000091600000, 0x0000000091700000, 0x0000000091700000|100%| S|CS|TAMS 0x0000000091600000, 0x0000000091600000| Complete 
| 247|0x0000000091700000, 0x0000000091800000, 0x0000000091800000|100%| S|CS|TAMS 0x0000000091700000, 0x0000000091700000| Complete 
| 248|0x0000000091800000, 0x0000000091900000, 0x0000000091900000|100%| S|CS|TAMS 0x0000000091800000, 0x0000000091800000| Complete 
| 249|0x0000000091900000, 0x0000000091a00000, 0x0000000091a00000|100%| S|CS|TAMS 0x0000000091900000, 0x0000000091900000| Complete 
| 250|0x0000000091a00000, 0x0000000091b00000, 0x0000000091b00000|100%| S|CS|TAMS 0x0000000091a00000, 0x0000000091a00000| Complete 
| 251|0x0000000091b00000, 0x0000000091c00000, 0x0000000091c00000|100%| S|CS|TAMS 0x0000000091b00000, 0x0000000091b00000| Complete 
| 252|0x0000000091c00000, 0x0000000091c00000, 0x0000000091d00000|  0%| F|  |TAMS 0x0000000091c00000, 0x0000000091c00000| Untracked 
| 253|0x0000000091d00000, 0x0000000091d00000, 0x0000000091e00000|  0%| F|  |TAMS 0x0000000091d00000, 0x0000000091d00000| Untracked 
| 254|0x0000000091e00000, 0x0000000091e00000, 0x0000000091f00000|  0%| F|  |TAMS 0x0000000091e00000, 0x0000000091e00000| Untracked 
| 255|0x0000000091f00000, 0x0000000091f00000, 0x0000000092000000|  0%| F|  |TAMS 0x0000000091f00000, 0x0000000091f00000| Untracked 
| 256|0x0000000092000000, 0x0000000092000000, 0x0000000092100000|  0%| F|  |TAMS 0x0000000092000000, 0x0000000092000000| Untracked 
| 257|0x0000000092100000, 0x0000000092100000, 0x0000000092200000|  0%| F|  |TAMS 0x0000000092100000, 0x0000000092100000| Untracked 
| 258|0x0000000092200000, 0x0000000092200000, 0x0000000092300000|  0%| F|  |TAMS 0x0000000092200000, 0x0000000092200000| Untracked 
| 259|0x0000000092300000, 0x0000000092300000, 0x0000000092400000|  0%| F|  |TAMS 0x0000000092300000, 0x0000000092300000| Untracked 
| 260|0x0000000092400000, 0x0000000092400000, 0x0000000092500000|  0%| F|  |TAMS 0x0000000092400000, 0x0000000092400000| Untracked 
| 261|0x0000000092500000, 0x0000000092500000, 0x0000000092600000|  0%| F|  |TAMS 0x0000000092500000, 0x0000000092500000| Untracked 
| 262|0x0000000092600000, 0x0000000092600000, 0x0000000092700000|  0%| F|  |TAMS 0x0000000092600000, 0x0000000092600000| Untracked 
| 263|0x0000000092700000, 0x0000000092700000, 0x0000000092800000|  0%| F|  |TAMS 0x0000000092700000, 0x0000000092700000| Untracked 
| 264|0x0000000092800000, 0x0000000092800000, 0x0000000092900000|  0%| F|  |TAMS 0x0000000092800000, 0x0000000092800000| Untracked 
| 265|0x0000000092900000, 0x0000000092900000, 0x0000000092a00000|  0%| F|  |TAMS 0x0000000092900000, 0x0000000092900000| Untracked 
| 266|0x0000000092a00000, 0x0000000092a00000, 0x0000000092b00000|  0%| F|  |TAMS 0x0000000092a00000, 0x0000000092a00000| Untracked 
| 267|0x0000000092b00000, 0x0000000092b00000, 0x0000000092c00000|  0%| F|  |TAMS 0x0000000092b00000, 0x0000000092b00000| Untracked 
| 268|0x0000000092c00000, 0x0000000092c00000, 0x0000000092d00000|  0%| F|  |TAMS 0x0000000092c00000, 0x0000000092c00000| Untracked 
| 269|0x0000000092d00000, 0x0000000092d00000, 0x0000000092e00000|  0%| F|  |TAMS 0x0000000092d00000, 0x0000000092d00000| Untracked 
| 270|0x0000000092e00000, 0x0000000092e00000, 0x0000000092f00000|  0%| F|  |TAMS 0x0000000092e00000, 0x0000000092e00000| Untracked 
| 271|0x0000000092f00000, 0x0000000092f00000, 0x0000000093000000|  0%| F|  |TAMS 0x0000000092f00000, 0x0000000092f00000| Untracked 
| 272|0x0000000093000000, 0x0000000093000000, 0x0000000093100000|  0%| F|  |TAMS 0x0000000093000000, 0x0000000093000000| Untracked 
| 273|0x0000000093100000, 0x0000000093100000, 0x0000000093200000|  0%| F|  |TAMS 0x0000000093100000, 0x0000000093100000| Untracked 
| 274|0x0000000093200000, 0x0000000093200000, 0x0000000093300000|  0%| F|  |TAMS 0x0000000093200000, 0x0000000093200000| Untracked 
| 275|0x0000000093300000, 0x0000000093300000, 0x0000000093400000|  0%| F|  |TAMS 0x0000000093300000, 0x0000000093300000| Untracked 
| 276|0x0000000093400000, 0x0000000093400000, 0x0000000093500000|  0%| F|  |TAMS 0x0000000093400000, 0x0000000093400000| Untracked 
| 277|0x0000000093500000, 0x0000000093500000, 0x0000000093600000|  0%| F|  |TAMS 0x0000000093500000, 0x0000000093500000| Untracked 
| 278|0x0000000093600000, 0x0000000093600000, 0x0000000093700000|  0%| F|  |TAMS 0x0000000093600000, 0x0000000093600000| Untracked 
| 279|0x0000000093700000, 0x0000000093700000, 0x0000000093800000|  0%| F|  |TAMS 0x0000000093700000, 0x0000000093700000| Untracked 
| 280|0x0000000093800000, 0x0000000093800000, 0x0000000093900000|  0%| F|  |TAMS 0x0000000093800000, 0x0000000093800000| Untracked 
| 281|0x0000000093900000, 0x0000000093900000, 0x0000000093a00000|  0%| F|  |TAMS 0x0000000093900000, 0x0000000093900000| Untracked 
| 282|0x0000000093a00000, 0x0000000093a00000, 0x0000000093b00000|  0%| F|  |TAMS 0x0000000093a00000, 0x0000000093a00000| Untracked 
| 283|0x0000000093b00000, 0x0000000093b00000, 0x0000000093c00000|  0%| F|  |TAMS 0x0000000093b00000, 0x0000000093b00000| Untracked 
| 284|0x0000000093c00000, 0x0000000093c00000, 0x0000000093d00000|  0%| F|  |TAMS 0x0000000093c00000, 0x0000000093c00000| Untracked 
| 285|0x0000000093d00000, 0x0000000093d00000, 0x0000000093e00000|  0%| F|  |TAMS 0x0000000093d00000, 0x0000000093d00000| Untracked 
| 286|0x0000000093e00000, 0x0000000093e00000, 0x0000000093f00000|  0%| F|  |TAMS 0x0000000093e00000, 0x0000000093e00000| Untracked 
| 287|0x0000000093f00000, 0x0000000093f00000, 0x0000000094000000|  0%| F|  |TAMS 0x0000000093f00000, 0x0000000093f00000| Untracked 
| 288|0x0000000094000000, 0x0000000094000000, 0x0000000094100000|  0%| F|  |TAMS 0x0000000094000000, 0x0000000094000000| Untracked 
| 289|0x0000000094100000, 0x0000000094100000, 0x0000000094200000|  0%| F|  |TAMS 0x0000000094100000, 0x0000000094100000| Untracked 
| 290|0x0000000094200000, 0x0000000094200000, 0x0000000094300000|  0%| F|  |TAMS 0x0000000094200000, 0x0000000094200000| Untracked 
| 291|0x0000000094300000, 0x0000000094300000, 0x0000000094400000|  0%| F|  |TAMS 0x0000000094300000, 0x0000000094300000| Untracked 

Card table byte_map: [0x0000028675fa0000,0x0000028676390000] _byte_map_base: 0x0000028675b90000

Marking Bits (Prev, Next): (CMBitMap*) 0x000002865d4bf9d0, (CMBitMap*) 0x000002865d4bfa10
 Prev Bits: [0x0000028676780000, 0x0000028678700000)
 Next Bits: [0x0000028678700000, 0x000002867a680000)

Polling page: 0x000002865d2b0000

Metaspace:

Usage:
  Non-class:      8.66 MB used.
      Class:      1.02 MB used.
       Both:      9.67 MB used.

Virtual space:
  Non-class space:       64.00 MB reserved,       8.75 MB ( 14%) committed,  1 nodes.
      Class space:        1.00 GB reserved,       1.12 MB ( <1%) committed,  1 nodes.
             Both:        1.06 GB reserved,       9.88 MB ( <1%) committed. 

Chunk freelists:
   Non-Class:  2.67 MB
       Class:  2.72 MB
        Both:  5.39 MB

MaxMetaspaceSize: unlimited
CompressedClassSpaceSize: 1.00 GB
Initial GC threshold: 21.00 MB
Current GC threshold: 21.00 MB
CDS: on
MetaspaceReclaimPolicy: balanced
 - commit_granule_bytes: 65536.
 - commit_granule_words: 8192.
 - virtual_space_node_default_size: 8388608.
 - enlarge_chunks_in_place: 1.
 - new_chunks_are_fully_committed: 0.
 - uncommit_free_chunks: 1.
 - use_allocation_guard: 0.


Internal statistics:

num_allocs_failed_limit: 0.
num_arena_births: 54.
num_arena_deaths: 0.
num_vsnodes_births: 2.
num_vsnodes_deaths: 0.
num_space_committed: 158.
num_space_uncommitted: 0.
num_chunks_returned_to_freelist: 0.
num_chunks_taken_from_freelist: 203.
num_chunk_merges: 0.
num_chunk_splits: 127.
num_chunks_enlarged: 87.
num_inconsistent_stats: 0.

CodeHeap 'non-profiled nmethods': size=120000Kb used=610Kb max_used=610Kb free=119389Kb
 bounds [0x000002866e060000, 0x000002866e2d0000, 0x0000028675590000]
CodeHeap 'profiled nmethods': size=120000Kb used=2346Kb max_used=2346Kb free=117653Kb
 bounds [0x0000028666b30000, 0x0000028666da0000, 0x000002866e060000]
CodeHeap 'non-nmethods': size=5760Kb used=1222Kb max_used=1260Kb free=4537Kb
 bounds [0x0000028666590000, 0x0000028666800000, 0x0000028666b30000]
 total_blobs=1869 nmethods=1353 adapters=429
 compilation: enabled
              stopped_count=0, restarted_count=0
 full_count=0

Compilation events (20 events):
Event: 1.254 Thread 0x000002867d01ff00 nmethod 1344 0x000002866e0ea690 code [0x000002866e0ea880, 0x000002866e0eafe8]
Event: 1.254 Thread 0x000002867d01ff00 1345       4       com.mysql.cj.jdbc.result.ResultSetImpl::getNonStringValueFromRow (76 bytes)
Event: 1.258 Thread 0x000002867d01ff00 nmethod 1345 0x000002866e0eb790 code [0x000002866e0eb940, 0x000002866e0ebc88]
Event: 1.258 Thread 0x000002867d01ff00 1353 %     4       com.jdbchashmapassignments.Doctors_Keys_Patients_Value_HashMap::createHashMap @ 26 (108 bytes)
Event: 1.264 Thread 0x000002867cc01820 nmethod 1341 0x000002866e0ec090 code [0x000002866e0ec2c0, 0x000002866e0ed2d8]
Event: 1.264 Thread 0x000002867cc01820 1346   !   4       com.mysql.cj.jdbc.result.ResultSetImpl::getString (158 bytes)
Event: 1.270 Thread 0x000002867cc01820 nmethod 1346 0x000002866e0edd90 code [0x000002866e0edf60, 0x000002866e0ee708]
Event: 1.270 Thread 0x000002867cc01820 1347   !   4       com.mysql.cj.jdbc.result.ResultSetImpl::beforeFirst (66 bytes)
Event: 1.297 Thread 0x000002867cc01820 nmethod 1347 0x000002866e0eee90 code [0x000002866e0ef080, 0x000002866e0ef9b8]
Event: 1.297 Thread 0x000002867cc01820 1327   !   4       com.mysql.cj.Messages::getString (95 bytes)
Event: 1.305 Thread 0x000002867cc01820 nmethod 1327 0x000002866e0f0090 code [0x000002866e0f0240, 0x000002866e0f06f8]
Event: 1.305 Thread 0x000002867cc01820 1332       4       java.util.PropertyResourceBundle::handleGetObject (23 bytes)
Event: 1.312 Thread 0x000002867cc01820 nmethod 1332 0x000002866e0f0c10 code [0x000002866e0f0dc0, 0x000002866e0f1238]
Event: 1.312 Thread 0x000002867cc01820 1338       4       com.mysql.cj.result.StringValueFactory::createFromBytes (8 bytes)
Event: 1.317 Thread 0x000002867cc01820 nmethod 1338 0x000002866e0f1610 code [0x000002866e0f1800, 0x000002866e0f1f10]
Event: 1.317 Thread 0x000002867cc01820 1339       4       com.mysql.cj.result.BaseDecoratingValueFactory::createFromLong (11 bytes)
Event: 1.318 Thread 0x000002867cc01820 nmethod 1339 0x000002866e0f2490 code [0x000002866e0f2620, 0x000002866e0f2818]
Event: 1.318 Thread 0x000002867cc01820 1343       4       com.mysql.cj.result.IntegerBoundsEnforcer::createFromLong (68 bytes)
Event: 1.320 Thread 0x000002867cc01820 nmethod 1343 0x000002866e0f2a10 code [0x000002866e0f2ba0, 0x000002866e0f2d38]
Event: 1.327 Thread 0x000002867d01ff00 nmethod 1353% 0x000002866e0f2e90 code [0x000002866e0f3240, 0x000002866e0f6c20]

GC Heap History (19 events):
Event: 0.906 GC heap before
{Heap before GC invocations=0 (full 0):
 garbage-first heap   total 129024K, used 13312K [0x0000000082000000, 0x0000000100000000)
  region size 1024K, 13 young (13312K), 0 survivors (0K)
 Metaspace       used 5314K, committed 5504K, reserved 1114112K
  class space    used 526K, committed 640K, reserved 1048576K
}
Event: 0.911 GC heap after
{Heap after GC invocations=1 (full 0):
 garbage-first heap   total 129024K, used 4481K [0x0000000082000000, 0x0000000100000000)
  region size 1024K, 2 young (2048K), 2 survivors (2048K)
 Metaspace       used 5314K, committed 5504K, reserved 1114112K
  class space    used 526K, committed 640K, reserved 1048576K
}
Event: 1.221 GC heap before
{Heap before GC invocations=1 (full 0):
 garbage-first heap   total 129024K, used 16769K [0x0000000082000000, 0x0000000100000000)
  region size 1024K, 15 young (15360K), 2 survivors (2048K)
 Metaspace       used 9902K, committed 10112K, reserved 1114112K
  class space    used 1041K, committed 1152K, reserved 1048576K
}
Event: 1.228 GC heap after
{Heap after GC invocations=2 (full 0):
 garbage-first heap   total 129024K, used 9417K [0x0000000082000000, 0x0000000100000000)
  region size 1024K, 2 young (2048K), 2 survivors (2048K)
 Metaspace       used 9902K, committed 10112K, reserved 1114112K
  class space    used 1041K, committed 1152K, reserved 1048576K
}
Event: 1.283 GC heap before
{Heap before GC invocations=2 (full 0):
 garbage-first heap   total 129024K, used 30921K [0x0000000082000000, 0x0000000100000000)
  region size 1024K, 19 young (19456K), 2 survivors (2048K)
 Metaspace       used 9904K, committed 10112K, reserved 1114112K
  class space    used 1041K, committed 1152K, reserved 1048576K
}
Event: 1.296 GC heap after
{Heap after GC invocations=3 (full 0):
 garbage-first heap   total 129024K, used 22018K [0x0000000082000000, 0x0000000100000000)
  region size 1024K, 3 young (3072K), 3 survivors (3072K)
 Metaspace       used 9904K, committed 10112K, reserved 1114112K
  class space    used 1041K, committed 1152K, reserved 1048576K
}
Event: 1.352 GC heap before
{Heap before GC invocations=3 (full 0):
 garbage-first heap   total 129024K, used 50690K [0x0000000082000000, 0x0000000100000000)
  region size 1024K, 28 young (28672K), 3 survivors (3072K)
 Metaspace       used 9904K, committed 10112K, reserved 1114112K
  class space    used 1041K, committed 1152K, reserved 1048576K
}
Event: 1.370 GC heap after
{Heap after GC invocations=4 (full 0):
 garbage-first heap   total 129024K, used 38310K [0x0000000082000000, 0x0000000100000000)
  region size 1024K, 4 young (4096K), 4 survivors (4096K)
 Metaspace       used 9904K, committed 10112K, reserved 1114112K
  class space    used 1041K, committed 1152K, reserved 1048576K
}
Event: 1.418 GC heap before
{Heap before GC invocations=4 (full 0):
 garbage-first heap   total 129024K, used 68006K [0x0000000082000000, 0x0000000100000000)
  region size 1024K, 29 young (29696K), 4 survivors (4096K)
 Metaspace       used 9904K, committed 10112K, reserved 1114112K
  class space    used 1041K, committed 1152K, reserved 1048576K
}
Event: 1.434 GC heap after
{Heap after GC invocations=5 (full 0):
 garbage-first heap   total 129024K, used 56320K [0x0000000082000000, 0x0000000100000000)
  region size 1024K, 4 young (4096K), 4 survivors (4096K)
 Metaspace       used 9904K, committed 10112K, reserved 1114112K
  class space    used 1041K, committed 1152K, reserved 1048576K
}
Event: 1.479 GC heap before
{Heap before GC invocations=5 (full 0):
 garbage-first heap   total 129024K, used 84992K [0x0000000082000000, 0x0000000100000000)
  region size 1024K, 27 young (27648K), 4 survivors (4096K)
 Metaspace       used 9904K, committed 10112K, reserved 1114112K
  class space    used 1041K, committed 1152K, reserved 1048576K
}
Event: 1.494 GC heap after
{Heap after GC invocations=6 (full 0):
 garbage-first heap   total 299008K, used 74240K [0x0000000082000000, 0x0000000100000000)
  region size 1024K, 4 young (4096K), 4 survivors (4096K)
 Metaspace       used 9904K, committed 10112K, reserved 1114112K
  class space    used 1041K, committed 1152K, reserved 1048576K
}
Event: 1.603 GC heap before
{Heap before GC invocations=6 (full 0):
 garbage-first heap   total 299008K, used 129536K [0x0000000082000000, 0x0000000100000000)
  region size 1024K, 51 young (52224K), 4 survivors (4096K)
 Metaspace       used 9904K, committed 10112K, reserved 1114112K
  class space    used 1041K, committed 1152K, reserved 1048576K
}
Event: 1.628 GC heap after
{Heap after GC invocations=7 (full 0):
 garbage-first heap   total 299008K, used 105984K [0x0000000082000000, 0x0000000100000000)
  region size 1024K, 7 young (7168K), 7 survivors (7168K)
 Metaspace       used 9904K, committed 10112K, reserved 1114112K
  class space    used 1041K, committed 1152K, reserved 1048576K
}
Event: 1.735 GC heap before
{Heap before GC invocations=7 (full 0):
 garbage-first heap   total 299008K, used 168448K [0x0000000082000000, 0x0000000100000000)
  region size 1024K, 57 young (58368K), 7 survivors (7168K)
 Metaspace       used 9904K, committed 10112K, reserved 1114112K
  class space    used 1041K, committed 1152K, reserved 1048576K
}
Event: 1.758 GC heap after
{Heap after GC invocations=8 (full 0):
 garbage-first heap   total 299008K, used 143872K [0x0000000082000000, 0x0000000100000000)
  region size 1024K, 8 young (8192K), 8 survivors (8192K)
 Metaspace       used 9904K, committed 10112K, reserved 1114112K
  class space    used 1041K, committed 1152K, reserved 1048576K
}
Event: 1.847 GC heap before
{Heap before GC invocations=8 (full 0):
 garbage-first heap   total 299008K, used 192000K [0x0000000082000000, 0x0000000100000000)
  region size 1024K, 55 young (56320K), 8 survivors (8192K)
 Metaspace       used 9904K, committed 10112K, reserved 1114112K
  class space    used 1041K, committed 1152K, reserved 1048576K
}
Event: 1.868 GC heap after
{Heap after GC invocations=9 (full 0):
 garbage-first heap   total 299008K, used 168960K [0x0000000082000000, 0x0000000100000000)
  region size 1024K, 7 young (7168K), 7 survivors (7168K)
 Metaspace       used 9904K, committed 10112K, reserved 1114112K
  class space    used 1041K, committed 1152K, reserved 1048576K
}
Event: 1.978 GC heap before
{Heap before GC invocations=9 (full 0):
 garbage-first heap   total 299008K, used 226304K [0x0000000082000000, 0x0000000100000000)
  region size 1024K, 47 young (48128K), 7 survivors (7168K)
 Metaspace       used 9904K, committed 10112K, reserved 1114112K
  class space    used 1041K, committed 1152K, reserved 1048576K
}

Deoptimization events (20 events):
Event: 1.035 Thread 0x000002865d45e990 Uncommon trap: trap_request=0xffffff45 fr.pc=0x000002866e0b94e4 relative=0x00000000000001c4
Event: 1.035 Thread 0x000002865d45e990 Uncommon trap: reason=unstable_if action=reinterpret pc=0x000002866e0b94e4 method=java.util.HashMap.putVal(ILjava/lang/Object;Ljava/lang/Object;ZZ)Ljava/lang/Object; @ 162 c2
Event: 1.035 Thread 0x000002865d45e990 DEOPT PACKING pc=0x000002866e0b94e4 sp=0x0000009849bfba60
Event: 1.035 Thread 0x000002865d45e990 DEOPT UNPACKING pc=0x00000286665e23a3 sp=0x0000009849bfba10 mode 2
Event: 1.049 Thread 0x000002865d45e990 Uncommon trap: trap_request=0xffffff45 fr.pc=0x000002866e0bb9b8 relative=0x00000000000002f8
Event: 1.049 Thread 0x000002865d45e990 Uncommon trap: reason=unstable_if action=reinterpret pc=0x000002866e0bb9b8 method=java.util.regex.Pattern$SliceI.match(Ljava/util/regex/Matcher;ILjava/lang/CharSequence;)Z @ 29 c2
Event: 1.049 Thread 0x000002865d45e990 DEOPT PACKING pc=0x000002866e0bb9b8 sp=0x0000009849bfded0
Event: 1.049 Thread 0x000002865d45e990 DEOPT UNPACKING pc=0x00000286665e23a3 sp=0x0000009849bfde68 mode 2
Event: 1.073 Thread 0x000002865d45e990 Uncommon trap: trap_request=0xffffffe4 fr.pc=0x000002866e0a801c relative=0x000000000000047c
Event: 1.073 Thread 0x000002865d45e990 Uncommon trap: reason=range_check action=make_not_entrant pc=0x000002866e0a801c method=sun.security.util.DerValue.<init>([BIIZZ)V @ 83 c2
Event: 1.073 Thread 0x000002865d45e990 DEOPT PACKING pc=0x000002866e0a801c sp=0x0000009849bfdbf0
Event: 1.073 Thread 0x000002865d45e990 DEOPT UNPACKING pc=0x00000286665e23a3 sp=0x0000009849bfdb80 mode 2
Event: 1.134 Thread 0x000002865d45e990 DEOPT PACKING pc=0x0000028666b961b1 sp=0x0000009849bfeb90
Event: 1.134 Thread 0x000002865d45e990 DEOPT UNPACKING pc=0x00000286665e2b43 sp=0x0000009849bfe088 mode 0
Event: 1.134 Thread 0x000002865d45e990 DEOPT PACKING pc=0x0000028666b961b1 sp=0x0000009849bfeb90
Event: 1.134 Thread 0x000002865d45e990 DEOPT UNPACKING pc=0x00000286665e2b43 sp=0x0000009849bfe088 mode 0
Event: 1.153 Thread 0x000002865d45e990 DEOPT PACKING pc=0x0000028666b99c56 sp=0x0000009849bfdbf0
Event: 1.153 Thread 0x000002865d45e990 DEOPT UNPACKING pc=0x00000286665e2b43 sp=0x0000009849bfd090 mode 0
Event: 1.328 Thread 0x000002865d45e990 DEOPT PACKING pc=0x0000028666d75e55 sp=0x0000009849bff370
Event: 1.328 Thread 0x000002865d45e990 DEOPT UNPACKING pc=0x00000286665e2b43 sp=0x0000009849bfe8c0 mode 0

Classes loaded (20 events):
Event: 1.113 Loading class com/sun/crypto/provider/GaloisCounterMode$DecryptOp
Event: 1.113 Loading class com/sun/crypto/provider/GaloisCounterMode$DecryptOp done
Event: 1.114 Loading class jdk/internal/event/TLSHandshakeEvent
Event: 1.114 Loading class jdk/internal/event/TLSHandshakeEvent done
Event: 1.114 Loading class javax/net/ssl/SSLEngineResult$HandshakeStatus
Event: 1.114 Loading class javax/net/ssl/SSLEngineResult$HandshakeStatus done
Event: 1.126 Loading class java/math/BigDecimal
Event: 1.126 Loading class java/math/BigDecimal done
Event: 1.133 Loading class java/io/Console
Event: 1.133 Loading class java/io/Console done
Event: 1.138 Loading class java/time/format/DateTimeParseException
Event: 1.138 Loading class java/time/DateTimeException
Event: 1.138 Loading class java/time/DateTimeException done
Event: 1.138 Loading class java/time/format/DateTimeParseException done
Event: 1.145 Loading class java/util/TimerTask
Event: 1.145 Loading class java/util/TimerTask done
Event: 1.146 Loading class java/util/concurrent/atomic/AtomicBoolean
Event: 1.146 Loading class java/util/concurrent/atomic/AtomicBoolean done
Event: 1.146 Loading class java/util/NoSuchElementException
Event: 1.146 Loading class java/util/NoSuchElementException done

Classes unloaded (0 events):
No events

Classes redefined (0 events):
No events

Internal exceptions (8 events):
Event: 0.551 Thread 0x000002865d45e990 Exception <a 'java/lang/NoSuchMethodError'{0x0000000089b4ea90}: 'java.lang.Object java.lang.invoke.DirectMethodHandle$Holder.invokeStaticInit(java.lang.Object)'> (0x0000000089b4ea90) 
thrown [s\open\src\hotspot\share\interpreter\linkResolver.cpp, line 759]
Event: 0.552 Thread 0x000002865d45e990 Exception <a 'java/lang/NoSuchMethodError'{0x0000000089b54e98}: 'java.lang.Object java.lang.invoke.DirectMethodHandle$Holder.invokeInterface(java.lang.Object, java.lang.Object)'> (0x0000000089b54e98) 
thrown [s\open\src\hotspot\share\interpreter\linkResolver.cpp, line 759]
Event: 0.613 Thread 0x000002865d45e990 Exception <a 'java/lang/NoSuchMethodError'{0x0000000089bc7308}: 'java.lang.Object java.lang.invoke.DirectMethodHandle$Holder.invokeVirtual(java.lang.Object, java.lang.Object, java.lang.Object)'> (0x0000000089bc7308) 
thrown [s\open\src\hotspot\share\interpreter\linkResolver.cpp, line 759]
Event: 0.646 Thread 0x000002865d45e990 Exception <a 'java/lang/NoSuchMethodError'{0x0000000089a9b7c0}: 'void java.lang.invoke.DirectMethodHandle$Holder.invokeStatic(java.lang.Object, java.lang.Object, java.lang.Object)'> (0x0000000089a9b7c0) 
thrown [s\open\src\hotspot\share\interpreter\linkResolver.cpp, line 759]
Event: 0.733 Thread 0x000002865d45e990 Exception <a 'java/lang/NoSuchMethodError'{0x000000008989a7b0}: 'void java.lang.invoke.DirectMethodHandle$Holder.invokeStatic(java.lang.Object, java.lang.Object)'> (0x000000008989a7b0) 
thrown [s\open\src\hotspot\share\interpreter\linkResolver.cpp, line 759]
Event: 0.944 Thread 0x000002865d45e990 Exception <a 'sun/nio/fs/WindowsException'{0x0000000089c7a7c8}> (0x0000000089c7a7c8) 
thrown [s\open\src\hotspot\share\prims\jni.cpp, line 516]
Event: 0.979 Thread 0x000002865d45e990 Exception <a 'java/lang/NoSuchMethodError'{0x0000000089bbedd8}: 'java.lang.Object java.lang.invoke.DirectMethodHandle$Holder.invokeStaticInit(java.lang.Object, int, int, int, int)'> (0x0000000089bbedd8) 
thrown [s\open\src\hotspot\share\interpreter\linkResolver.cpp, line 759]
Event: 1.016 Thread 0x000002865d45e990 Exception <a 'java/lang/NoSuchMethodError'{0x0000000089bfc7a0}: 'java.lang.Object java.lang.invoke.DirectMethodHandle$Holder.invokeStaticInit(java.lang.Object, java.lang.Object, int, int, int, int)'> (0x0000000089bfc7a0) 
thrown [s\open\src\hotspot\share\interpreter\linkResolver.cpp, line 759]

VM Operations (20 events):
Event: 0.914 Executing VM operation: G1CollectForAllocation done
Event: 0.950 Executing VM operation: HandshakeAllThreads
Event: 0.951 Executing VM operation: HandshakeAllThreads done
Event: 1.221 Executing VM operation: G1CollectForAllocation
Event: 1.228 Executing VM operation: G1CollectForAllocation done
Event: 1.283 Executing VM operation: G1CollectForAllocation
Event: 1.296 Executing VM operation: G1CollectForAllocation done
Event: 1.352 Executing VM operation: G1CollectForAllocation
Event: 1.370 Executing VM operation: G1CollectForAllocation done
Event: 1.418 Executing VM operation: G1CollectForAllocation
Event: 1.434 Executing VM operation: G1CollectForAllocation done
Event: 1.479 Executing VM operation: G1CollectForAllocation
Event: 1.494 Executing VM operation: G1CollectForAllocation done
Event: 1.603 Executing VM operation: G1CollectForAllocation
Event: 1.628 Executing VM operation: G1CollectForAllocation done
Event: 1.735 Executing VM operation: G1CollectForAllocation
Event: 1.758 Executing VM operation: G1CollectForAllocation done
Event: 1.847 Executing VM operation: G1CollectForAllocation
Event: 1.868 Executing VM operation: G1CollectForAllocation done
Event: 1.978 Executing VM operation: G1CollectForAllocation

Events (20 events):
Event: 0.019 Loaded shared library C:\Program Files\Java\jdk-18.0.2.1\bin\jsvml.dll
Event: 0.019 Thread 0x000002865d45e990 Thread added: 0x000002865d45e990
Event: 0.037 Thread 0x000002867cbe57e0 Thread added: 0x000002867cbe57e0
Event: 0.037 Thread 0x000002867cbe6ff0 Thread added: 0x000002867cbe6ff0
Event: 0.050 Thread 0x000002867cbff230 Thread added: 0x000002867cbff230
Event: 0.050 Thread 0x000002867cbffae0 Thread added: 0x000002867cbffae0
Event: 0.050 Thread 0x000002867cc00390 Thread added: 0x000002867cc00390
Event: 0.050 Thread 0x000002867cc00c40 Thread added: 0x000002867cc00c40
Event: 0.077 Thread 0x000002867cc01820 Thread added: 0x000002867cc01820
Event: 0.118 Thread 0x000002867cc725b0 Thread added: 0x000002867cc725b0
Event: 0.130 Thread 0x000002867cc76270 Thread added: 0x000002867cc76270
Event: 0.369 Thread 0x000002867ce391e0 Thread added: 0x000002867ce391e0
Event: 0.375 Thread 0x000002867ce41930 Thread added: 0x000002867ce41930
Event: 0.388 Loaded shared library C:\Program Files\Java\jdk-18.0.2.1\bin\jimage.dll
Event: 0.400 Loaded shared library C:\Program Files\Java\jdk-18.0.2.1\bin\net.dll
Event: 0.402 Loaded shared library C:\Program Files\Java\jdk-18.0.2.1\bin\nio.dll
Event: 0.416 Loaded shared library C:\Program Files\Java\jdk-18.0.2.1\bin\zip.dll
Event: 0.427 Thread 0x000002865d45f930 Thread added: 0x000002865d45f930
Event: 0.585 Thread 0x000002867d01ff00 Thread added: 0x000002867d01ff00
Event: 0.846 Loaded shared library C:\Program Files\Java\jdk-18.0.2.1\bin\sunmscapi.dll


Dynamic libraries:
0x00007ff611460000 - 0x00007ff611470000 	C:\Program Files\Java\jdk-18.0.2.1\bin\javaw.exe
0x00007ff8577b0000 - 0x00007ff8579a8000 	C:\WINDOWS\SYSTEM32\ntdll.dll
0x00007ff857010000 - 0x00007ff8570cd000 	C:\WINDOWS\System32\KERNEL32.DLL
0x00007ff855030000 - 0x00007ff855326000 	C:\WINDOWS\System32\KERNELBASE.dll
0x00007ff855540000 - 0x00007ff855640000 	C:\WINDOWS\System32\ucrtbase.dll
0x00007ff8306f0000 - 0x00007ff830708000 	C:\Program Files\Java\jdk-18.0.2.1\bin\jli.dll
0x00007ff855b10000 - 0x00007ff855bbf000 	C:\WINDOWS\System32\ADVAPI32.dll
0x00007ff857200000 - 0x00007ff85729e000 	C:\WINDOWS\System32\msvcrt.dll
0x00007ff857670000 - 0x00007ff85770c000 	C:\WINDOWS\System32\sechost.dll
0x00007ff8570d0000 - 0x00007ff8571f6000 	C:\WINDOWS\System32\RPCRT4.dll
0x00007ff856ae0000 - 0x00007ff856c7e000 	C:\WINDOWS\System32\USER32.dll
0x00007ff8556c0000 - 0x00007ff8556e2000 	C:\WINDOWS\System32\win32u.dll
0x00007ff856c80000 - 0x00007ff856cac000 	C:\WINDOWS\System32\GDI32.dll
0x00007ff8556f0000 - 0x00007ff85580a000 	C:\WINDOWS\System32\gdi32full.dll
0x00007ff854f90000 - 0x00007ff85502d000 	C:\WINDOWS\System32\msvcp_win.dll
0x00007ff82bed0000 - 0x00007ff82beea000 	C:\Program Files\Java\jdk-18.0.2.1\bin\VCRUNTIME140.dll
0x00007ff837a20000 - 0x00007ff837cba000 	C:\WINDOWS\WinSxS\amd64_microsoft.windows.common-controls_6595b64144ccf1df_6.0.19041.3636_none_60b6a03d71f818d5\COMCTL32.dll
0x00007ff84bac0000 - 0x00007ff84baca000 	C:\WINDOWS\SYSTEM32\VERSION.dll
0x00007ff856cb0000 - 0x00007ff856ce0000 	C:\WINDOWS\System32\IMM32.DLL
0x00007ff84c8c0000 - 0x00007ff84c8cc000 	C:\Program Files\Java\jdk-18.0.2.1\bin\vcruntime140_1.dll
0x00007ff818160000 - 0x00007ff8181ed000 	C:\Program Files\Java\jdk-18.0.2.1\bin\msvcp140.dll
0x00007ff809400000 - 0x00007ff80a011000 	C:\Program Files\Java\jdk-18.0.2.1\bin\server\jvm.dll
0x00007ff856920000 - 0x00007ff856928000 	C:\WINDOWS\System32\PSAPI.DLL
0x00007ff838040000 - 0x00007ff838049000 	C:\WINDOWS\SYSTEM32\WSOCK32.dll
0x00007ff856030000 - 0x00007ff85609b000 	C:\WINDOWS\System32\WS2_32.dll
0x00007ff83e960000 - 0x00007ff83e987000 	C:\WINDOWS\SYSTEM32\WINMM.dll
0x00007ff853780000 - 0x00007ff853792000 	C:\WINDOWS\SYSTEM32\kernel.appcore.dll
0x00007ff851f30000 - 0x00007ff851f3a000 	C:\Program Files\Java\jdk-18.0.2.1\bin\jimage.dll
0x00007ff853440000 - 0x00007ff853624000 	C:\WINDOWS\SYSTEM32\DBGHELP.DLL
0x00007ff840db0000 - 0x00007ff840de4000 	C:\WINDOWS\SYSTEM32\dbgcore.DLL
0x00007ff855810000 - 0x00007ff855892000 	C:\WINDOWS\System32\bcryptPrimitives.dll
0x00007ff837130000 - 0x00007ff837155000 	C:\Program Files\Java\jdk-18.0.2.1\bin\java.dll
0x00007ff817b50000 - 0x00007ff817c26000 	C:\Program Files\Java\jdk-18.0.2.1\bin\jsvml.dll
0x00007ff8560a0000 - 0x00007ff8567e5000 	C:\WINDOWS\System32\SHELL32.dll
0x00007ff852bd0000 - 0x00007ff85336b000 	C:\WINDOWS\SYSTEM32\windows.storage.dll
0x00007ff8572b0000 - 0x00007ff857604000 	C:\WINDOWS\System32\combase.dll
0x00007ff854960000 - 0x00007ff85498d000 	C:\WINDOWS\SYSTEM32\Wldp.dll
0x00007ff8567f0000 - 0x00007ff85689d000 	C:\WINDOWS\System32\SHCORE.dll
0x00007ff857610000 - 0x00007ff857665000 	C:\WINDOWS\System32\shlwapi.dll
0x00007ff854e50000 - 0x00007ff854e75000 	C:\WINDOWS\SYSTEM32\profapi.dll
0x00007ff84ff20000 - 0x00007ff84ff33000 	C:\Program Files\Java\jdk-18.0.2.1\bin\net.dll
0x00007ff84b020000 - 0x00007ff84b12a000 	C:\WINDOWS\SYSTEM32\WINHTTP.dll
0x00007ff854670000 - 0x00007ff8546da000 	C:\WINDOWS\system32\mswsock.dll
0x00007ff84deb0000 - 0x00007ff84dec6000 	C:\Program Files\Java\jdk-18.0.2.1\bin\nio.dll
0x00007ff837090000 - 0x00007ff8370a8000 	C:\Program Files\Java\jdk-18.0.2.1\bin\zip.dll
0x00007ff854370000 - 0x00007ff85443a000 	C:\WINDOWS\SYSTEM32\DNSAPI.dll
0x00007ff854320000 - 0x00007ff85435b000 	C:\WINDOWS\SYSTEM32\IPHLPAPI.DLL
0x00007ff857000000 - 0x00007ff857008000 	C:\WINDOWS\System32\NSI.dll
0x00007ff84bb80000 - 0x00007ff84bb8a000 	C:\Windows\System32\rasadhlp.dll
0x00007ff843700000 - 0x00007ff843780000 	C:\WINDOWS\System32\fwpuclnt.dll
0x00007ff855640000 - 0x00007ff855667000 	C:\WINDOWS\System32\bcrypt.dll
0x00007ff84e600000 - 0x00007ff84e60e000 	C:\Program Files\Java\jdk-18.0.2.1\bin\sunmscapi.dll
0x00007ff855330000 - 0x00007ff85548d000 	C:\WINDOWS\System32\CRYPT32.dll
0x00007ff8549d0000 - 0x00007ff8549f7000 	C:\WINDOWS\SYSTEM32\ncrypt.dll
0x00007ff854990000 - 0x00007ff8549cb000 	C:\WINDOWS\SYSTEM32\NTASN1.dll
0x00007ff8548a0000 - 0x00007ff8548b8000 	C:\WINDOWS\SYSTEM32\CRYPTSP.dll
0x00007ff853f40000 - 0x00007ff853f74000 	C:\WINDOWS\system32\rsaenh.dll
0x00007ff854e10000 - 0x00007ff854e3e000 	C:\WINDOWS\SYSTEM32\USERENV.dll
0x00007ff854890000 - 0x00007ff85489c000 	C:\WINDOWS\SYSTEM32\CRYPTBASE.dll
0x00007ff848cb0000 - 0x00007ff848cc7000 	C:\WINDOWS\SYSTEM32\dhcpcsvc6.DLL
0x00007ff84abe0000 - 0x00007ff84abfd000 	C:\WINDOWS\SYSTEM32\dhcpcsvc.DLL

dbghelp: loaded successfully - version: 4.0.5 - missing functions: none
symbol engine: initialized successfully - sym options: 0x614 - pdb path: .;C:\Program Files\Java\jdk-18.0.2.1\bin;C:\WINDOWS\SYSTEM32;C:\WINDOWS\WinSxS\amd64_microsoft.windows.common-controls_6595b64144ccf1df_6.0.19041.3636_none_60b6a03d71f818d5;C:\Program Files\Java\jdk-18.0.2.1\bin\server

VM Arguments:
jvm_args: -Dfile.encoding=UTF-8 -Dstdout.encoding=UTF-8 -Dstderr.encoding=UTF-8 -XX:+ShowCodeDetailsInExceptionMessages 
java_command: com.jdbchashmapassignments.Doctors_Keys_Patients_Value_HashMap
java_class_path (initial): D:\ThinkQuotient\eclipse-workspace\JDBC\bin;D:\mysql-connector-java-8.0.11.jar
Launcher Type: SUN_STANDARD

[Global flags]
     intx CICompilerCount                          = 3                                         {product} {ergonomic}
     uint ConcGCThreads                            = 1                                         {product} {ergonomic}
     uint G1ConcRefinementThreads                  = 4                                         {product} {ergonomic}
   size_t G1HeapRegionSize                         = 1048576                                   {product} {ergonomic}
    uintx GCDrainStackTargetSize                   = 64                                        {product} {ergonomic}
   size_t InitialHeapSize                          = 132120576                                 {product} {ergonomic}
   size_t MarkStackSize                            = 4194304                                   {product} {ergonomic}
   size_t MaxHeapSize                              = 2113929216                                {product} {ergonomic}
   size_t MaxNewSize                               = 1267728384                                {product} {ergonomic}
   size_t MinHeapDeltaBytes                        = 1048576                                   {product} {ergonomic}
   size_t MinHeapSize                              = 8388608                                   {product} {ergonomic}
    uintx NonNMethodCodeHeapSize                   = 5832780                                {pd product} {ergonomic}
    uintx NonProfiledCodeHeapSize                  = 122912730                              {pd product} {ergonomic}
    uintx ProfiledCodeHeapSize                     = 122912730                              {pd product} {ergonomic}
    uintx ReservedCodeCacheSize                    = 251658240                              {pd product} {ergonomic}
     bool SegmentedCodeCache                       = true                                      {product} {ergonomic}
     bool ShowCodeDetailsInExceptionMessages       = true                                   {manageable} {command line}
   size_t SoftMaxHeapSize                          = 2113929216                             {manageable} {ergonomic}
     bool UseCompressedClassPointers               = true                           {product lp64_product} {ergonomic}
     bool UseCompressedOops                        = true                           {product lp64_product} {ergonomic}
     bool UseG1GC                                  = true                                      {product} {ergonomic}
     bool UseLargePagesIndividualAllocation        = false                                  {pd product} {ergonomic}

Logging:
Log output configuration:
 #0: stdout all=warning uptime,level,tags foldmultilines=false
 #1: stderr all=off uptime,level,tags foldmultilines=false

Environment Variables:
JAVA_HOME=C:\Program Files\Java\jdk-18.0.2.1
PATH=C:/Program Files/Java/jdk-18.0.2.1/bin/server;C:/Program Files/Java/jdk-18.0.2.1/bin;C:\Program Files\Java\jdk-18.0.2.1\bin;C:\Program Files (x86)\Intel\iCLS Client\;C:\Program Files\Intel\iCLS Client\;C:\Windows\system32;C:\Windows;C:\Windows\System32\Wbem;C:\Windows\System32\WindowsPowerShell\v1.0\;C:\Program Files (x86)\Intel\Intel(R) Management Engine Components\DAL;C:\Program Files\Intel\Intel(R) Management Engine Components\DAL;C:\Program Files (x86)\Intel\Intel(R) Management Engine Components\IPT;C:\Program Files\Intel\Intel(R) Management Engine Components\IPT;C:\Program Files\Intel\WiFi\bin\;C:\Program Files\Common Files\Intel\WirelessCommon\;C:\Program Files (x86)\NVIDIA Corporation\PhysX\Common;C:\WINDOWS\system32;C:\WINDOWS;C:\WINDOWS\System32\Wbem;C:\WINDOWS\System32\WindowsPowerShell\v1.0\;C:\WINDOWS\System32\OpenSSH\;C:\Program Files\MySQL\MySQL Shell 8.0\bin\;C:\Users\aadar\AppData\Local\Microsoft\WindowsApps;;C:\Users\aadar\OneDrive\Desktop;
USERNAME=aadar
OS=Windows_NT
PROCESSOR_IDENTIFIER=Intel64 Family 6 Model 158 Stepping 9, GenuineIntel



---------------  S Y S T E M  ---------------

OS:
 Windows 10 , 64 bit Build 19041 (10.0.19041.3636)
OS uptime: 0 days 17:28 hours
Hyper-V role detected

CPU: total 4 (initial active 4) (4 cores per cpu, 1 threads per core) family 6 model 158 stepping 9 microcode 0xea, cx8, cmov, fxsr, mmx, 3dnowpref, sse, sse2, sse3, ssse3, sse4.1, sse4.2, popcnt, lzcnt, tsc, tscinvbit, avx, avx2, aes, erms, clmul, bmi1, bmi2, adx, fma, vzeroupper, clflush, clflushopt, hv

Memory: 4k page, system-wide physical 8058M (1543M free)
TotalPageFile size 11680M (AvailPageFile size 349M)
current process WorkingSet (physical memory assigned to process): 313M, peak: 313M
current process commit charge ("private bytes"): 393M, peak: 802M

vm_info: Java HotSpot(TM) 64-Bit Server VM (18.0.2.1+1-1) for windows-amd64 JRE (18.0.2.1+1-1), built on Aug 16 2022 01:46:33 by "mach5one" with MS VC++ 16.8 / 16.9 (VS2019)

END.
