#
# There is insufficient memory for the Java Runtime Environment to continue.
# Native memory allocation (mmap) failed to map 132120576 bytes for G1 virtual space
# Possible reasons:
#   The system is out of physical RAM or swap space
#   The process is running with CompressedOops enabled, and the Java Heap may be blocking the growth of the native heap
# Possible solutions:
#   Reduce memory load on the system
#   Increase physical memory or swap space
#   Check if swap backing store is full
#   Decrease Java heap size (-Xmx/-Xms)
#   Decrease number of Java threads
#   Decrease Java thread stack sizes (-Xss)
#   Set larger code cache with -XX:ReservedCodeCacheSize=
#   JVM is running with Unscaled Compressed Oops mode in which the Java heap is
#     placed in the first 4GB address space. The Java Heap base address is the
#     maximum limit for the native heap growth. Please use -XX:HeapBaseMinAddress
#     to set the Java Heap base and to place the Java Heap above 4GB virtual address.
# This output file may be truncated or incomplete.
#
#  Out of Memory Error (os_windows.cpp:3530), pid=2208, tid=14096
#
# JRE version:  (18.0.2.1+1) (build )
# Java VM: Java HotSpot(TM) 64-Bit Server VM (18.0.2.1+1-1, mixed mode, sharing, tiered, compressed oops, compressed class ptrs, g1 gc, windows-amd64)
# No core dump will be written. Minidumps are not enabled by default on client versions of Windows
#

---------------  S U M M A R Y ------------

Command Line: -Dfile.encoding=UTF-8 -Dstdout.encoding=UTF-8 -Dstderr.encoding=UTF-8 -XX:+ShowCodeDetailsInExceptionMessages com.tq.PrepareStatementDemo

Host: Intel(R) Core(TM) i5-7300HQ CPU @ 2.50GHz, 4 cores, 7G,  Windows 10 , 64 bit Build 19041 (10.0.19041.3636)
Time: Thu Dec 21 16:48:37 2023 India Standard Time elapsed time: 0.012885 seconds (0d 0h 0m 0s)

---------------  T H R E A D  ---------------

Current thread (0x00000212cc33fb50):  JavaThread "Unknown thread" [_thread_in_vm, id=14096, stack(0x0000006dd9600000,0x0000006dd9700000)]

Stack: [0x0000006dd9600000,0x0000006dd9700000]
Native frames: (J=compiled Java code, j=interpreted, Vv=VM code, C=native code)
V  [jvm.dll+0x6993aa]
V  [jvm.dll+0x7f46dd]
V  [jvm.dll+0x7f5fee]
V  [jvm.dll+0x7f66a3]
V  [jvm.dll+0x25cf1f]
V  [jvm.dll+0x6962f9]
V  [jvm.dll+0x68ae2a]
V  [jvm.dll+0x32255b]
V  [jvm.dll+0x329f36]
V  [jvm.dll+0x37eade]
V  [jvm.dll+0x37ed0f]
V  [jvm.dll+0x2fa2da]
V  [jvm.dll+0x2fb33d]
V  [jvm.dll+0x7c3310]
V  [jvm.dll+0x38be61]
V  [jvm.dll+0x7a2023]
V  [jvm.dll+0x40dc3f]
V  [jvm.dll+0x40f611]
C  [jli.dll+0x526b]
C  [ucrtbase.dll+0x21bb2]
C  [KERNEL32.DLL+0x17344]
C  [ntdll.dll+0x526b1]


---------------  P R O C E S S  ---------------

Threads class SMR info:
_java_thread_list=0x00007ffe975fe550, length=0, elements={
}

Java Threads: ( => current thread )

Other Threads:
  0x00000212cc39f020 WorkerThread "GC Thread#0" [stack: 0x0000006dd9700000,0x0000006dd9800000] [id=14784]
  0x00000212cc3b1210 ConcurrentGCThread "G1 Main Marker" [stack: 0x0000006dd9800000,0x0000006dd9900000] [id=12936]
  0x00000212cc3b1b10 WorkerThread "G1 Conc#0" [stack: 0x0000006dd9900000,0x0000006dd9a00000] [id=15192]

[error occurred during error reporting (printing all threads), id 0xc0000005, EXCEPTION_ACCESS_VIOLATION (0xc0000005) at pc=0x00007ffe96e2a877]

VM state: not at safepoint (not fully initialized)

VM Mutex/Monitor currently owned by a thread:  ([mutex/lock_event])
[0x00000212cc33d4a0] Heap_lock - owner thread: 0x00000212cc33fb50

Heap address: 0x0000000082000000, size: 2016 MB, Compressed Oops mode: 32-bit

CDS archive(s) mapped at: [0x0000000000000000-0x0000000000000000-0x0000000000000000), size 0, SharedBaseAddress: 0x0000000800000000, ArchiveRelocationMode: 0.
Narrow klass base: 0x0000000000000000, Narrow klass shift: 0, Narrow klass range: 0x0

GC Precious Log:
 CardTable entry size: 512
 Card Set container configuration: InlinePtr #cards 5 size 8 Array Of Cards #cards 12 size 40 Howl #buckets 4 coarsen threshold 1843 Howl Bitmap #cards 512 size 80 coarsen threshold 460 Card regions per heap region 1 cards per card region 2048

Heap:
 garbage-first heap   total 0K, used 0K [0x0000000082000000, 0x0000000100000000)
  region size 1024K, 0 young (0K), 0 survivors (0K)

[error occurred during error reporting (printing heap information), id 0xc0000005, EXCEPTION_ACCESS_VIOLATION (0xc0000005) at pc=0x00007ffe97211839]

GC Heap History (0 events):
No events

Deoptimization events (0 events):
No events

Classes loaded (0 events):
No events

Classes unloaded (0 events):
No events

Classes redefined (0 events):
No events

Internal exceptions (0 events):
No events

VM Operations (0 events):
No events

Events (1 events):
Event: 0.008 Loaded shared library C:\Program Files\Java\jdk-18.0.2.1\bin\java.dll


Dynamic libraries:
0x00007ff6a9670000 - 0x00007ff6a9680000 	C:\Program Files\Java\jdk-18.0.2.1\bin\javaw.exe
0x00007ffef77f0000 - 0x00007ffef79e8000 	C:\WINDOWS\SYSTEM32\ntdll.dll
0x00007ffef7540000 - 0x00007ffef75fd000 	C:\WINDOWS\System32\KERNEL32.DLL
0x00007ffef5420000 - 0x00007ffef5716000 	C:\WINDOWS\System32\KERNELBASE.dll
0x00007ffef4f40000 - 0x00007ffef5040000 	C:\WINDOWS\System32\ucrtbase.dll
0x00007ffecb6c0000 - 0x00007ffecb6da000 	C:\Program Files\Java\jdk-18.0.2.1\bin\VCRUNTIME140.dll
0x00007ffed4560000 - 0x00007ffed4578000 	C:\Program Files\Java\jdk-18.0.2.1\bin\jli.dll
0x00007ffef6ad0000 - 0x00007ffef6b7f000 	C:\WINDOWS\System32\ADVAPI32.dll
0x00007ffef6100000 - 0x00007ffef619e000 	C:\WINDOWS\System32\msvcrt.dll
0x00007ffef5970000 - 0x00007ffef5a0c000 	C:\WINDOWS\System32\sechost.dll
0x00007ffef5df0000 - 0x00007ffef5f16000 	C:\WINDOWS\System32\RPCRT4.dll
0x00007ffef5b70000 - 0x00007ffef5d0e000 	C:\WINDOWS\System32\USER32.dll
0x00007ffef5770000 - 0x00007ffef5792000 	C:\WINDOWS\System32\win32u.dll
0x00007ffed6640000 - 0x00007ffed68da000 	C:\WINDOWS\WinSxS\amd64_microsoft.windows.common-controls_6595b64144ccf1df_6.0.19041.3636_none_60b6a03d71f818d5\COMCTL32.dll
0x00007ffef5f20000 - 0x00007ffef5f4c000 	C:\WINDOWS\System32\GDI32.dll
0x00007ffef50d0000 - 0x00007ffef51ea000 	C:\WINDOWS\System32\gdi32full.dll
0x00007ffef51f0000 - 0x00007ffef528d000 	C:\WINDOWS\System32\msvcp_win.dll
0x00007ffeeb510000 - 0x00007ffeeb51a000 	C:\WINDOWS\SYSTEM32\VERSION.dll
0x00007ffef7510000 - 0x00007ffef7540000 	C:\WINDOWS\System32\IMM32.DLL
0x00007ffeec6c0000 - 0x00007ffeec6cc000 	C:\Program Files\Java\jdk-18.0.2.1\bin\vcruntime140_1.dll
0x00007ffeb4dc0000 - 0x00007ffeb4e4d000 	C:\Program Files\Java\jdk-18.0.2.1\bin\msvcp140.dll
0x00007ffe96b20000 - 0x00007ffe97731000 	C:\Program Files\Java\jdk-18.0.2.1\bin\server\jvm.dll
0x00007ffef6b80000 - 0x00007ffef6b88000 	C:\WINDOWS\System32\PSAPI.DLL
0x00007ffede0c0000 - 0x00007ffede0e7000 	C:\WINDOWS\SYSTEM32\WINMM.dll
0x00007ffed7b80000 - 0x00007ffed7b89000 	C:\WINDOWS\SYSTEM32\WSOCK32.dll
0x00007ffef76b0000 - 0x00007ffef771b000 	C:\WINDOWS\System32\WS2_32.dll
0x00007ffef3730000 - 0x00007ffef3742000 	C:\WINDOWS\SYSTEM32\kernel.appcore.dll
0x00007ffeef350000 - 0x00007ffeef35a000 	C:\Program Files\Java\jdk-18.0.2.1\bin\jimage.dll
0x00007ffef33f0000 - 0x00007ffef35d4000 	C:\WINDOWS\SYSTEM32\DBGHELP.DLL
0x00007ffee1f80000 - 0x00007ffee1fb4000 	C:\WINDOWS\SYSTEM32\dbgcore.DLL
0x00007ffef5040000 - 0x00007ffef50c2000 	C:\WINDOWS\System32\bcryptPrimitives.dll
0x00007ffeb5780000 - 0x00007ffeb57a5000 	C:\Program Files\Java\jdk-18.0.2.1\bin\java.dll

dbghelp: loaded successfully - version: 4.0.5 - missing functions: none
symbol engine: initialized successfully - sym options: 0x614 - pdb path: .;C:\Program Files\Java\jdk-18.0.2.1\bin;C:\WINDOWS\SYSTEM32;C:\WINDOWS\WinSxS\amd64_microsoft.windows.common-controls_6595b64144ccf1df_6.0.19041.3636_none_60b6a03d71f818d5;C:\Program Files\Java\jdk-18.0.2.1\bin\server

VM Arguments:
jvm_args: -Dfile.encoding=UTF-8 -Dstdout.encoding=UTF-8 -Dstderr.encoding=UTF-8 -XX:+ShowCodeDetailsInExceptionMessages 
java_command: com.tq.PrepareStatementDemo
java_class_path (initial): D:\ThinkQuotient\eclipse-workspace\JDBC\bin;D:\mysql-connector-java-8.0.11.jar
Launcher Type: SUN_STANDARD

[Global flags]
     intx CICompilerCount                          = 3                                         {product} {ergonomic}
     uint ConcGCThreads                            = 1                                         {product} {ergonomic}
     uint G1ConcRefinementThreads                  = 4                                         {product} {ergonomic}
   size_t G1HeapRegionSize                         = 1048576                                   {product} {ergonomic}
    uintx GCDrainStackTargetSize                   = 64                                        {product} {ergonomic}
   size_t InitialHeapSize                          = 132120576                                 {product} {ergonomic}
   size_t MarkStackSize                            = 4194304                                   {product} {ergonomic}
   size_t MaxHeapSize                              = 2113929216                                {product} {ergonomic}
   size_t MinHeapDeltaBytes                        = 1048576                                   {product} {ergonomic}
   size_t MinHeapSize                              = 8388608                                   {product} {ergonomic}
    uintx NonNMethodCodeHeapSize                   = 5832780                                {pd product} {ergonomic}
    uintx NonProfiledCodeHeapSize                  = 122912730                              {pd product} {ergonomic}
    uintx ProfiledCodeHeapSize                     = 122912730                              {pd product} {ergonomic}
    uintx ReservedCodeCacheSize                    = 251658240                              {pd product} {ergonomic}
     bool SegmentedCodeCache                       = true                                      {product} {ergonomic}
     bool ShowCodeDetailsInExceptionMessages       = true                                   {manageable} {command line}
   size_t SoftMaxHeapSize                          = 2113929216                             {manageable} {ergonomic}
     bool UseCompressedClassPointers               = true                           {product lp64_product} {ergonomic}
     bool UseCompressedOops                        = true                           {product lp64_product} {ergonomic}
     bool UseG1GC                                  = true                                      {product} {ergonomic}
     bool UseLargePagesIndividualAllocation        = false                                  {pd product} {ergonomic}

Logging:
Log output configuration:
 #0: stdout all=warning uptime,level,tags foldmultilines=false
 #1: stderr all=off uptime,level,tags foldmultilines=false

Environment Variables:
JAVA_HOME=C:\Program Files\Java\jdk-18.0.2.1
PATH=C:/Program Files/Java/jdk-18.0.2.1/bin/server;C:/Program Files/Java/jdk-18.0.2.1/bin;C:\Program Files\Java\jdk-18.0.2.1\bin;C:\Program Files (x86)\Intel\iCLS Client\;C:\Program Files\Intel\iCLS Client\;C:\Windows\system32;C:\Windows;C:\Windows\System32\Wbem;C:\Windows\System32\WindowsPowerShell\v1.0\;C:\Program Files (x86)\Intel\Intel(R) Management Engine Components\DAL;C:\Program Files\Intel\Intel(R) Management Engine Components\DAL;C:\Program Files (x86)\Intel\Intel(R) Management Engine Components\IPT;C:\Program Files\Intel\Intel(R) Management Engine Components\IPT;C:\Program Files\Intel\WiFi\bin\;C:\Program Files\Common Files\Intel\WirelessCommon\;C:\Program Files (x86)\NVIDIA Corporation\PhysX\Common;C:\WINDOWS\system32;C:\WINDOWS;C:\WINDOWS\System32\Wbem;C:\WINDOWS\System32\WindowsPowerShell\v1.0\;C:\WINDOWS\System32\OpenSSH\;C:\Program Files\MySQL\MySQL Shell 8.0\bin\;C:\Users\aadar\AppData\Local\Microsoft\WindowsApps;;C:\Users\aadar\OneDrive\Desktop;
USERNAME=aadar
OS=Windows_NT
PROCESSOR_IDENTIFIER=Intel64 Family 6 Model 158 Stepping 9, GenuineIntel



---------------  S Y S T E M  ---------------

OS:
 Windows 10 , 64 bit Build 19041 (10.0.19041.3636)
OS uptime: 0 days 7:16 hours
Hyper-V role detected

CPU: total 4 (initial active 4) (4 cores per cpu, 1 threads per core) family 6 model 158 stepping 9 microcode 0xea, cx8, cmov, fxsr, mmx, 3dnowpref, sse, sse2, sse3, ssse3, sse4.1, sse4.2, popcnt, lzcnt, tsc, tscinvbit, avx, avx2, aes, erms, clmul, bmi1, bmi2, adx, fma, vzeroupper, clflush, clflushopt, hv

Memory: 4k page, system-wide physical 8058M (1009M free)
TotalPageFile size 11683M (AvailPageFile size 48M)
current process WorkingSet (physical memory assigned to process): 10M, peak: 10M
current process commit charge ("private bytes"): 52M, peak: 177M

vm_info: Java HotSpot(TM) 64-Bit Server VM (18.0.2.1+1-1) for windows-amd64 JRE (18.0.2.1+1-1), built on Aug 16 2022 01:46:33 by "mach5one" with MS VC++ 16.8 / 16.9 (VS2019)

END.
