#
# There is insufficient memory for the Java Runtime Environment to continue.
# Native memory allocation (mmap) failed to map 365953024 bytes for G1 virtual space
# Possible reasons:
#   The system is out of physical RAM or swap space
#   The process is running with CompressedOops enabled, and the Java Heap may be blocking the growth of the native heap
# Possible solutions:
#   Reduce memory load on the system
#   Increase physical memory or swap space
#   Check if swap backing store is full
#   Decrease Java heap size (-Xmx/-Xms)
#   Decrease number of Java threads
#   Decrease Java thread stack sizes (-Xss)
#   Set larger code cache with -XX:ReservedCodeCacheSize=
#   JVM is running with Unscaled Compressed Oops mode in which the Java heap is
#     placed in the first 4GB address space. The Java Heap base address is the
#     maximum limit for the native heap growth. Please use -XX:HeapBaseMinAddress
#     to set the Java Heap base and to place the Java Heap above 4GB virtual address.
# This output file may be truncated or incomplete.
#
#  Out of Memory Error (os_windows.cpp:3530), pid=1768, tid=12740
#
# JRE version: Java(TM) SE Runtime Environment (18.0.2.1+1) (build 18.0.2.1+1-1)
# Java VM: Java HotSpot(TM) 64-Bit Server VM (18.0.2.1+1-1, mixed mode, sharing, tiered, compressed oops, compressed class ptrs, g1 gc, windows-amd64)
# No core dump will be written. Minidumps are not enabled by default on client versions of Windows
#

---------------  S U M M A R Y ------------

Command Line: -Dfile.encoding=UTF-8 -Dstdout.encoding=UTF-8 -Dstderr.encoding=UTF-8 -XX:+ShowCodeDetailsInExceptionMessages com.jdbchashmapassignments.Doctors_Keys_Patients_Value_HashMap

Host: Intel(R) Core(TM) i5-7300HQ CPU @ 2.50GHz, 4 cores, 7G,  Windows 10 , 64 bit Build 19041 (10.0.19041.3636)
Time: Mon Dec 25 03:18:21 2023 India Standard Time elapsed time: 1.335881 seconds (0d 0h 0m 1s)

---------------  T H R E A D  ---------------

Current thread (0x000002c6a1031450):  VMThread "VM Thread" [stack: 0x000000f11c500000,0x000000f11c600000] [id=12740]

Stack: [0x000000f11c500000,0x000000f11c600000]
Native frames: (J=compiled Java code, j=interpreted, Vv=VM code, C=native code)
V  [jvm.dll+0x6993aa]
V  [jvm.dll+0x7f46dd]
V  [jvm.dll+0x7f5fee]
V  [jvm.dll+0x7f66a3]
V  [jvm.dll+0x25cf1f]
V  [jvm.dll+0x6962f9]
V  [jvm.dll+0x68ae2a]
V  [jvm.dll+0x32255b]
V  [jvm.dll+0x329f36]
V  [jvm.dll+0x37eade]
V  [jvm.dll+0x37ed0f]
V  [jvm.dll+0x2fa2da]
V  [jvm.dll+0x2fa387]
V  [jvm.dll+0x33e8c2]
V  [jvm.dll+0x33ce64]
V  [jvm.dll+0x2f9ab0]
V  [jvm.dll+0x33c43b]
V  [jvm.dll+0x7fb48b]
V  [jvm.dll+0x7fc224]
V  [jvm.dll+0x7fc75c]
V  [jvm.dll+0x7fcbb4]
V  [jvm.dll+0x7fcc77]
V  [jvm.dll+0x7a120a]
V  [jvm.dll+0x698255]
C  [ucrtbase.dll+0x21bb2]
C  [KERNEL32.DLL+0x17344]
C  [ntdll.dll+0x526b1]

VM_Operation (0x000000f11bfff2c0): G1CollectForAllocation, mode: safepoint, requested by thread 0x000002c69ee6bfb0


---------------  P R O C E S S  ---------------

Threads class SMR info:
_java_thread_list=0x000002c6c2cf7e30, length=14, elements={
0x000002c69ee6bfb0, 0x000002c6be81b240, 0x000002c6be823dc0, 0x000002c6be83c730,
0x000002c6be83cfe0, 0x000002c6be83d890, 0x000002c6be83e280, 0x000002c6be847cf0,
0x000002c6be8973e0, 0x000002c6be8c4090, 0x000002c6c2c8c560, 0x000002c6c2c932e0,
0x000002c6c2cebfd0, 0x000002c6c2e9e1f0
}

Java Threads: ( => current thread )
  0x000002c69ee6bfb0 JavaThread "main" [_thread_blocked, id=15956, stack(0x000000f11bf00000,0x000000f11c000000)]
  0x000002c6be81b240 JavaThread "Reference Handler" daemon [_thread_blocked, id=15432, stack(0x000000f11c600000,0x000000f11c700000)]
  0x000002c6be823dc0 JavaThread "Finalizer" daemon [_thread_blocked, id=7792, stack(0x000000f11c700000,0x000000f11c800000)]
  0x000002c6be83c730 JavaThread "Signal Dispatcher" daemon [_thread_blocked, id=15916, stack(0x000000f11c800000,0x000000f11c900000)]
  0x000002c6be83cfe0 JavaThread "Attach Listener" daemon [_thread_blocked, id=15564, stack(0x000000f11c900000,0x000000f11ca00000)]
  0x000002c6be83d890 JavaThread "Service Thread" daemon [_thread_blocked, id=6028, stack(0x000000f11ca00000,0x000000f11cb00000)]
  0x000002c6be83e280 JavaThread "Monitor Deflation Thread" daemon [_thread_blocked, id=4480, stack(0x000000f11cb00000,0x000000f11cc00000)]
  0x000002c6be847cf0 JavaThread "C2 CompilerThread0" daemon [_thread_blocked, id=15064, stack(0x000000f11cc00000,0x000000f11cd00000)]
  0x000002c6be8973e0 JavaThread "C1 CompilerThread0" daemon [_thread_blocked, id=5232, stack(0x000000f11cd00000,0x000000f11ce00000)]
  0x000002c6be8c4090 JavaThread "Sweeper thread" daemon [_thread_blocked, id=15052, stack(0x000000f11ce00000,0x000000f11cf00000)]
  0x000002c6c2c8c560 JavaThread "Notification Thread" daemon [_thread_blocked, id=2896, stack(0x000000f11cf00000,0x000000f11d000000)]
  0x000002c6c2c932e0 JavaThread "Common-Cleaner" daemon [_thread_blocked, id=2548, stack(0x000000f11d100000,0x000000f11d200000)]
  0x000002c6c2cebfd0 JavaThread "Abandoned connection cleanup thread" daemon [_thread_blocked, id=15460, stack(0x000000f11d200000,0x000000f11d300000)]
  0x000002c6c2e9e1f0 JavaThread "C2 CompilerThread1" daemon [_thread_blocked, id=15080, stack(0x000000f11d300000,0x000000f11d400000)]

Other Threads:
=>0x000002c6a1031450 VMThread "VM Thread" [stack: 0x000000f11c500000,0x000000f11c600000] [id=12740]
  0x000002c6c2c8e280 WatcherThread "VM Periodic Task Thread" [stack: 0x000000f11d000000,0x000000f11d100000] [id=7272]
  0x000002c6a1017bc0 WorkerThread "GC Thread#0" [stack: 0x000000f11c000000,0x000000f11c100000] [id=15068]
  0x000002c6c31c19f0 WorkerThread "GC Thread#1" [stack: 0x000000f11d400000,0x000000f11d500000] [id=9636]
  0x000002c6c2e67b80 WorkerThread "GC Thread#2" [stack: 0x000000f11d500000,0x000000f11d600000] [id=3216]
  0x000002c6c32624d0 WorkerThread "GC Thread#3" [stack: 0x000000f11d600000,0x000000f11d700000] [id=12712]
  0x000002c6a102a620 ConcurrentGCThread "G1 Main Marker" [stack: 0x000000f11c100000,0x000000f11c200000] [id=13656]
  0x000002c6a102af20 WorkerThread "G1 Conc#0" [stack: 0x000000f11c200000,0x000000f11c300000] [id=5436]
  0x000002c6a1063270 ConcurrentGCThread "G1 Refine#0" [stack: 0x000000f11c300000,0x000000f11c400000] [id=15648]
  0x000002c6c2cf3fe0 ConcurrentGCThread "G1 Refine#1" [stack: 0x000000f11d700000,0x000000f11d800000] [id=5320]
  0x000002c6c36d0be0 ConcurrentGCThread "G1 Refine#2" [stack: 0x000000f11d800000,0x000000f11d900000] [id=10460]
  0x000002c6c325bca0 ConcurrentGCThread "G1 Refine#3" [stack: 0x000000f11d900000,0x000000f11da00000] [id=4736]
  0x000002c6a1063a90 ConcurrentGCThread "G1 Service" [stack: 0x000000f11c400000,0x000000f11c500000] [id=9812]

Threads with active compile tasks:

VM state: at safepoint (normal execution)

VM Mutex/Monitor currently owned by a thread:  ([mutex/lock_event])
[0x000002c6a0fb5120] Threads_lock - owner thread: 0x000002c6a1031450
[0x000002c6a0fb51b0] Heap_lock - owner thread: 0x000002c69ee6bfb0

Heap address: 0x0000000082000000, size: 2016 MB, Compressed Oops mode: 32-bit

CDS archive(s) mapped at: [0x0000000800000000-0x0000000800ba0000-0x0000000800ba0000), size 12189696, SharedBaseAddress: 0x0000000800000000, ArchiveRelocationMode: 0.
Compressed class space mapped at: 0x0000000800c00000-0x0000000840c00000, reserved size: 1073741824
Narrow klass base: 0x0000000800000000, Narrow klass shift: 0, Narrow klass range: 0x100000000

GC Precious Log:
 CardTable entry size: 512
 Card Set container configuration: InlinePtr #cards 5 size 8 Array Of Cards #cards 12 size 40 Howl #buckets 4 coarsen threshold 1843 Howl Bitmap #cards 512 size 80 coarsen threshold 460 Card regions per heap region 1 cards per card region 2048
 CPUs: 4 total, 4 available
 Memory: 8058M
 Large Page Support: Disabled
 NUMA Support: Disabled
 Compressed Oops: Enabled (32-bit)
 Heap Region Size: 1M
 Heap Min Capacity: 8M
 Heap Initial Capacity: 126M
 Heap Max Capacity: 2016M
 Pre-touch: Disabled
 Parallel Workers: 4
 Concurrent Workers: 1
 Concurrent Refinement Workers: 4
 Periodic GC: Disabled

Heap:
 garbage-first heap   total 258048K, used 161792K [0x0000000082000000, 0x0000000100000000)
  region size 1024K, 6 young (6144K), 6 survivors (6144K)
 Metaspace       used 9896K, committed 10112K, reserved 1114112K
  class space    used 1041K, committed 1152K, reserved 1048576K

Heap Regions: E=young(eden), S=young(survivor), O=old, HS=humongous(starts), HC=humongous(continues), CS=collection set, F=free, OA=open archive, CA=closed archive, TAMS=top-at-mark-start (previous, next)
|   0|0x0000000082000000, 0x0000000082100000, 0x0000000082100000|100%| O|  |TAMS 0x0000000082000000, 0x0000000082100000| Untracked 
|   1|0x0000000082100000, 0x0000000082200000, 0x0000000082200000|100%| O|  |TAMS 0x0000000082100000, 0x0000000082200000| Untracked 
|   2|0x0000000082200000, 0x0000000082300000, 0x0000000082300000|100%| O|  |TAMS 0x0000000082200000, 0x0000000082300000| Untracked 
|   3|0x0000000082300000, 0x0000000082400000, 0x0000000082400000|100%| O|  |TAMS 0x0000000082300000, 0x0000000082400000| Untracked 
|   4|0x0000000082400000, 0x0000000082500000, 0x0000000082500000|100%| O|  |TAMS 0x0000000082400000, 0x0000000082500000| Untracked 
|   5|0x0000000082500000, 0x0000000082600000, 0x0000000082600000|100%| O|  |TAMS 0x0000000082500000, 0x0000000082600000| Untracked 
|   6|0x0000000082600000, 0x0000000082700000, 0x0000000082700000|100%|HS|  |TAMS 0x0000000082600000, 0x0000000082700000| Complete 
|   7|0x0000000082700000, 0x0000000082800000, 0x0000000082800000|100%|HS|  |TAMS 0x0000000082700000, 0x0000000082800000| Complete 
|   8|0x0000000082800000, 0x0000000082900000, 0x0000000082900000|100%| O|  |TAMS 0x0000000082800000, 0x0000000082900000| Untracked 
|   9|0x0000000082900000, 0x0000000082a00000, 0x0000000082a00000|100%| O|  |TAMS 0x0000000082900000, 0x0000000082a00000| Untracked 
|  10|0x0000000082a00000, 0x0000000082b00000, 0x0000000082b00000|100%| O|  |TAMS 0x0000000082a00000, 0x0000000082b00000| Untracked 
|  11|0x0000000082b00000, 0x0000000082c00000, 0x0000000082c00000|100%| O|  |TAMS 0x0000000082b00000, 0x0000000082c00000| Untracked 
|  12|0x0000000082c00000, 0x0000000082d00000, 0x0000000082d00000|100%| O|  |TAMS 0x0000000082c00000, 0x0000000082d00000| Untracked 
|  13|0x0000000082d00000, 0x0000000082e00000, 0x0000000082e00000|100%| O|  |TAMS 0x0000000082d00000, 0x0000000082e00000| Untracked 
|  14|0x0000000082e00000, 0x0000000082f00000, 0x0000000082f00000|100%| O|  |TAMS 0x0000000082e00000, 0x0000000082f00000| Untracked 
|  15|0x0000000082f00000, 0x0000000083000000, 0x0000000083000000|100%| O|  |TAMS 0x0000000082f00000, 0x0000000083000000| Untracked 
|  16|0x0000000083000000, 0x0000000083100000, 0x0000000083100000|100%|HS|  |TAMS 0x0000000083000000, 0x0000000083100000| Complete 
|  17|0x0000000083100000, 0x0000000083200000, 0x0000000083200000|100%|HC|  |TAMS 0x0000000083100000, 0x0000000083200000| Complete 
|  18|0x0000000083200000, 0x0000000083300000, 0x0000000083300000|100%|HS|  |TAMS 0x0000000083200000, 0x0000000083300000| Complete 
|  19|0x0000000083300000, 0x0000000083400000, 0x0000000083400000|100%|HC|  |TAMS 0x0000000083300000, 0x0000000083400000| Complete 
|  20|0x0000000083400000, 0x0000000083500000, 0x0000000083500000|100%|HC|  |TAMS 0x0000000083400000, 0x0000000083500000| Complete 
|  21|0x0000000083500000, 0x0000000083600000, 0x0000000083600000|100%| O|  |TAMS 0x0000000083500000, 0x0000000083600000| Untracked 
|  22|0x0000000083600000, 0x0000000083700000, 0x0000000083700000|100%| O|  |TAMS 0x0000000083600000, 0x0000000083700000| Untracked 
|  23|0x0000000083700000, 0x0000000083800000, 0x0000000083800000|100%| O|  |TAMS 0x0000000083700000, 0x0000000083800000| Untracked 
|  24|0x0000000083800000, 0x0000000083900000, 0x0000000083900000|100%| O|  |TAMS 0x0000000083800000, 0x0000000083900000| Untracked 
|  25|0x0000000083900000, 0x0000000083a00000, 0x0000000083a00000|100%| O|  |TAMS 0x0000000083900000, 0x0000000083a00000| Untracked 
|  26|0x0000000083a00000, 0x0000000083b00000, 0x0000000083b00000|100%| O|  |TAMS 0x0000000083a00000, 0x0000000083b00000| Untracked 
|  27|0x0000000083b00000, 0x0000000083c00000, 0x0000000083c00000|100%| O|  |TAMS 0x0000000083b00000, 0x0000000083c00000| Untracked 
|  28|0x0000000083c00000, 0x0000000083d00000, 0x0000000083d00000|100%| O|  |TAMS 0x0000000083c00000, 0x0000000083d00000| Untracked 
|  29|0x0000000083d00000, 0x0000000083e00000, 0x0000000083e00000|100%| O|  |TAMS 0x0000000083d00000, 0x0000000083e00000| Untracked 
|  30|0x0000000083e00000, 0x0000000083f00000, 0x0000000083f00000|100%| O|  |TAMS 0x0000000083e00000, 0x0000000083f00000| Untracked 
|  31|0x0000000083f00000, 0x0000000084000000, 0x0000000084000000|100%| O|  |TAMS 0x0000000083f00000, 0x0000000084000000| Untracked 
|  32|0x0000000084000000, 0x0000000084100000, 0x0000000084100000|100%|HS|  |TAMS 0x0000000084000000, 0x0000000084100000| Complete 
|  33|0x0000000084100000, 0x0000000084200000, 0x0000000084200000|100%|HC|  |TAMS 0x0000000084100000, 0x0000000084200000| Complete 
|  34|0x0000000084200000, 0x0000000084300000, 0x0000000084300000|100%|HC|  |TAMS 0x0000000084200000, 0x0000000084300000| Complete 
|  35|0x0000000084300000, 0x0000000084400000, 0x0000000084400000|100%|HC|  |TAMS 0x0000000084300000, 0x0000000084400000| Complete 
|  36|0x0000000084400000, 0x0000000084500000, 0x0000000084500000|100%| O|  |TAMS 0x0000000084400000, 0x0000000084500000| Untracked 
|  37|0x0000000084500000, 0x0000000084600000, 0x0000000084600000|100%| O|  |TAMS 0x0000000084500000, 0x0000000084600000| Untracked 
|  38|0x0000000084600000, 0x0000000084700000, 0x0000000084700000|100%| O|  |TAMS 0x0000000084600000, 0x0000000084700000| Untracked 
|  39|0x0000000084700000, 0x0000000084800000, 0x0000000084800000|100%| O|  |TAMS 0x0000000084700000, 0x0000000084800000| Untracked 
|  40|0x0000000084800000, 0x0000000084900000, 0x0000000084900000|100%| O|  |TAMS 0x0000000084800000, 0x0000000084900000| Untracked 
|  41|0x0000000084900000, 0x0000000084a00000, 0x0000000084a00000|100%| O|  |TAMS 0x0000000084900000, 0x0000000084a00000| Untracked 
|  42|0x0000000084a00000, 0x0000000084b00000, 0x0000000084b00000|100%| O|  |TAMS 0x0000000084a00000, 0x0000000084b00000| Untracked 
|  43|0x0000000084b00000, 0x0000000084c00000, 0x0000000084c00000|100%| O|  |TAMS 0x0000000084b00000, 0x0000000084c00000| Untracked 
|  44|0x0000000084c00000, 0x0000000084d00000, 0x0000000084d00000|100%| O|  |TAMS 0x0000000084c00000, 0x0000000084d00000| Untracked 
|  45|0x0000000084d00000, 0x0000000084e00000, 0x0000000084e00000|100%| O|  |TAMS 0x0000000084d00000, 0x0000000084e00000| Untracked 
|  46|0x0000000084e00000, 0x0000000084f00000, 0x0000000084f00000|100%| O|  |TAMS 0x0000000084e00000, 0x0000000084f00000| Untracked 
|  47|0x0000000084f00000, 0x0000000085000000, 0x0000000085000000|100%| O|  |TAMS 0x0000000084f00000, 0x0000000085000000| Untracked 
|  48|0x0000000085000000, 0x0000000085100000, 0x0000000085100000|100%| O|  |TAMS 0x0000000085000000, 0x0000000085100000| Untracked 
|  49|0x0000000085100000, 0x0000000085200000, 0x0000000085200000|100%| O|  |TAMS 0x0000000085100000, 0x0000000085200000| Untracked 
|  50|0x0000000085200000, 0x0000000085300000, 0x0000000085300000|100%|HS|  |TAMS 0x0000000085200000, 0x0000000085300000| Complete 
|  51|0x0000000085300000, 0x0000000085400000, 0x0000000085400000|100%|HC|  |TAMS 0x0000000085300000, 0x0000000085400000| Complete 
|  52|0x0000000085400000, 0x0000000085500000, 0x0000000085500000|100%|HC|  |TAMS 0x0000000085400000, 0x0000000085500000| Complete 
|  53|0x0000000085500000, 0x0000000085600000, 0x0000000085600000|100%|HC|  |TAMS 0x0000000085500000, 0x0000000085600000| Complete 
|  54|0x0000000085600000, 0x0000000085700000, 0x0000000085700000|100%|HC|  |TAMS 0x0000000085600000, 0x0000000085700000| Complete 
|  55|0x0000000085700000, 0x0000000085800000, 0x0000000085800000|100%| O|  |TAMS 0x0000000085700000, 0x0000000085800000| Untracked 
|  56|0x0000000085800000, 0x0000000085900000, 0x0000000085900000|100%| O|  |TAMS 0x0000000085800000, 0x0000000085900000| Untracked 
|  57|0x0000000085900000, 0x0000000085a00000, 0x0000000085a00000|100%| O|  |TAMS 0x0000000085900000, 0x0000000085a00000| Untracked 
|  58|0x0000000085a00000, 0x0000000085b00000, 0x0000000085b00000|100%| O|  |TAMS 0x0000000085a00000, 0x0000000085b00000| Untracked 
|  59|0x0000000085b00000, 0x0000000085c00000, 0x0000000085c00000|100%| O|  |TAMS 0x0000000085b00000, 0x0000000085c00000| Untracked 
|  60|0x0000000085c00000, 0x0000000085d00000, 0x0000000085d00000|100%| O|  |TAMS 0x0000000085c00000, 0x0000000085d00000| Untracked 
|  61|0x0000000085d00000, 0x0000000085e00000, 0x0000000085e00000|100%| O|  |TAMS 0x0000000085d00000, 0x0000000085e00000| Untracked 
|  62|0x0000000085e00000, 0x0000000085f00000, 0x0000000085f00000|100%| O|  |TAMS 0x0000000085e00000, 0x0000000085f00000| Untracked 
|  63|0x0000000085f00000, 0x0000000086000000, 0x0000000086000000|100%| O|  |TAMS 0x0000000085f00000, 0x0000000086000000| Untracked 
|  64|0x0000000086000000, 0x0000000086100000, 0x0000000086100000|100%| O|  |TAMS 0x0000000086000000, 0x0000000086100000| Untracked 
|  65|0x0000000086100000, 0x0000000086200000, 0x0000000086200000|100%| O|  |TAMS 0x0000000086100000, 0x0000000086200000| Untracked 
|  66|0x0000000086200000, 0x0000000086300000, 0x0000000086300000|100%| O|  |TAMS 0x0000000086200000, 0x0000000086300000| Untracked 
|  67|0x0000000086300000, 0x0000000086400000, 0x0000000086400000|100%| O|  |TAMS 0x0000000086300000, 0x0000000086400000| Untracked 
|  68|0x0000000086400000, 0x0000000086500000, 0x0000000086500000|100%| O|  |TAMS 0x0000000086400000, 0x0000000086500000| Untracked 
|  69|0x0000000086500000, 0x0000000086600000, 0x0000000086600000|100%| O|  |TAMS 0x0000000086500000, 0x0000000086600000| Untracked 
|  70|0x0000000086600000, 0x0000000086700000, 0x0000000086700000|100%| O|  |TAMS 0x0000000086600000, 0x0000000086700000| Untracked 
|  71|0x0000000086700000, 0x0000000086800000, 0x0000000086800000|100%|HS|  |TAMS 0x0000000086700000, 0x0000000086800000| Complete 
|  72|0x0000000086800000, 0x0000000086900000, 0x0000000086900000|100%|HC|  |TAMS 0x0000000086800000, 0x0000000086900000| Complete 
|  73|0x0000000086900000, 0x0000000086a00000, 0x0000000086a00000|100%|HC|  |TAMS 0x0000000086900000, 0x0000000086a00000| Complete 
|  74|0x0000000086a00000, 0x0000000086b00000, 0x0000000086b00000|100%|HC|  |TAMS 0x0000000086a00000, 0x0000000086b00000| Complete 
|  75|0x0000000086b00000, 0x0000000086c00000, 0x0000000086c00000|100%|HC|  |TAMS 0x0000000086b00000, 0x0000000086c00000| Complete 
|  76|0x0000000086c00000, 0x0000000086d00000, 0x0000000086d00000|100%|HC|  |TAMS 0x0000000086c00000, 0x0000000086d00000| Complete 
|  77|0x0000000086d00000, 0x0000000086e00000, 0x0000000086e00000|100%|HC|  |TAMS 0x0000000086d00000, 0x0000000086e00000| Complete 
|  78|0x0000000086e00000, 0x0000000086f00000, 0x0000000086f00000|100%| O|  |TAMS 0x0000000086e00000, 0x0000000086f00000| Untracked 
|  79|0x0000000086f00000, 0x0000000087000000, 0x0000000087000000|100%| O|  |TAMS 0x0000000086f00000, 0x0000000087000000| Untracked 
|  80|0x0000000087000000, 0x0000000087100000, 0x0000000087100000|100%| O|  |TAMS 0x0000000087000000, 0x0000000087100000| Untracked 
|  81|0x0000000087100000, 0x0000000087200000, 0x0000000087200000|100%| O|  |TAMS 0x0000000087100000, 0x0000000087200000| Untracked 
|  82|0x0000000087200000, 0x0000000087300000, 0x0000000087300000|100%| O|  |TAMS 0x0000000087200000, 0x0000000087300000| Untracked 
|  83|0x0000000087300000, 0x0000000087400000, 0x0000000087400000|100%| O|  |TAMS 0x0000000087300000, 0x0000000087400000| Untracked 
|  84|0x0000000087400000, 0x0000000087500000, 0x0000000087500000|100%| O|  |TAMS 0x0000000087400000, 0x0000000087500000| Untracked 
|  85|0x0000000087500000, 0x0000000087600000, 0x0000000087600000|100%| O|  |TAMS 0x0000000087500000, 0x0000000087600000| Untracked 
|  86|0x0000000087600000, 0x0000000087700000, 0x0000000087700000|100%| O|  |TAMS 0x0000000087600000, 0x0000000087700000| Untracked 
|  87|0x0000000087700000, 0x0000000087800000, 0x0000000087800000|100%| O|  |TAMS 0x0000000087700000, 0x0000000087800000| Untracked 
|  88|0x0000000087800000, 0x0000000087900000, 0x0000000087900000|100%| O|  |TAMS 0x0000000087800000, 0x0000000087900000| Untracked 
|  89|0x0000000087900000, 0x0000000087a00000, 0x0000000087a00000|100%| O|  |TAMS 0x0000000087900000, 0x0000000087a00000| Untracked 
|  90|0x0000000087a00000, 0x0000000087b00000, 0x0000000087b00000|100%| O|  |TAMS 0x0000000087a00000, 0x0000000087b00000| Untracked 
|  91|0x0000000087b00000, 0x0000000087c00000, 0x0000000087c00000|100%| O|  |TAMS 0x0000000087b00000, 0x0000000087c00000| Untracked 
|  92|0x0000000087c00000, 0x0000000087d00000, 0x0000000087d00000|100%| O|  |TAMS 0x0000000087c00000, 0x0000000087d00000| Untracked 
|  93|0x0000000087d00000, 0x0000000087e00000, 0x0000000087e00000|100%| O|  |TAMS 0x0000000087d00000, 0x0000000087e00000| Untracked 
|  94|0x0000000087e00000, 0x0000000087f00000, 0x0000000087f00000|100%| O|  |TAMS 0x0000000087e00000, 0x0000000087f00000| Untracked 
|  95|0x0000000087f00000, 0x0000000088000000, 0x0000000088000000|100%| O|  |TAMS 0x0000000087f00000, 0x0000000088000000| Untracked 
|  96|0x0000000088000000, 0x0000000088100000, 0x0000000088100000|100%| O|  |TAMS 0x0000000088000000, 0x0000000088100000| Untracked 
|  97|0x0000000088100000, 0x0000000088200000, 0x0000000088200000|100%| O|  |TAMS 0x0000000088100000, 0x0000000088200000| Untracked 
|  98|0x0000000088200000, 0x0000000088300000, 0x0000000088300000|100%| O|  |TAMS 0x0000000088200000, 0x0000000088300000| Untracked 
|  99|0x0000000088300000, 0x0000000088400000, 0x0000000088400000|100%|HS|  |TAMS 0x0000000088300000, 0x0000000088400000| Complete 
| 100|0x0000000088400000, 0x0000000088500000, 0x0000000088500000|100%|HC|  |TAMS 0x0000000088400000, 0x0000000088500000| Complete 
| 101|0x0000000088500000, 0x0000000088600000, 0x0000000088600000|100%|HC|  |TAMS 0x0000000088500000, 0x0000000088600000| Complete 
| 102|0x0000000088600000, 0x0000000088700000, 0x0000000088700000|100%|HC|  |TAMS 0x0000000088600000, 0x0000000088700000| Complete 
| 103|0x0000000088700000, 0x0000000088800000, 0x0000000088800000|100%|HC|  |TAMS 0x0000000088700000, 0x0000000088800000| Complete 
| 104|0x0000000088800000, 0x0000000088900000, 0x0000000088900000|100%|HC|  |TAMS 0x0000000088800000, 0x0000000088900000| Complete 
| 105|0x0000000088900000, 0x0000000088a00000, 0x0000000088a00000|100%|HC|  |TAMS 0x0000000088900000, 0x0000000088a00000| Complete 
| 106|0x0000000088a00000, 0x0000000088b00000, 0x0000000088b00000|100%|HC|  |TAMS 0x0000000088a00000, 0x0000000088b00000| Complete 
| 107|0x0000000088b00000, 0x0000000088c00000, 0x0000000088c00000|100%|HC|  |TAMS 0x0000000088b00000, 0x0000000088c00000| Complete 
| 108|0x0000000088c00000, 0x0000000088d00000, 0x0000000088d00000|100%|HC|  |TAMS 0x0000000088c00000, 0x0000000088d00000| Complete 
| 109|0x0000000088d00000, 0x0000000088e00000, 0x0000000088e00000|100%|HC|  |TAMS 0x0000000088d00000, 0x0000000088e00000| Complete 
| 110|0x0000000088e00000, 0x0000000088f00000, 0x0000000088f00000|100%| O|  |TAMS 0x0000000088e00000, 0x0000000088f00000| Untracked 
| 111|0x0000000088f00000, 0x0000000089000000, 0x0000000089000000|100%| O|  |TAMS 0x0000000088f00000, 0x0000000089000000| Untracked 
| 112|0x0000000089000000, 0x0000000089100000, 0x0000000089100000|100%| O|  |TAMS 0x0000000089000000, 0x0000000089100000| Untracked 
| 113|0x0000000089100000, 0x0000000089200000, 0x0000000089200000|100%| O|  |TAMS 0x0000000089100000, 0x0000000089200000| Untracked 
| 114|0x0000000089200000, 0x0000000089300000, 0x0000000089300000|100%| O|  |TAMS 0x0000000089200000, 0x0000000089300000| Untracked 
| 115|0x0000000089300000, 0x0000000089400000, 0x0000000089400000|100%| O|  |TAMS 0x0000000089300000, 0x0000000089400000| Untracked 
| 116|0x0000000089400000, 0x0000000089500000, 0x0000000089500000|100%| O|  |TAMS 0x0000000089400000, 0x0000000089500000| Untracked 
| 117|0x0000000089500000, 0x0000000089600000, 0x0000000089600000|100%| O|  |TAMS 0x0000000089500000, 0x0000000089600000| Untracked 
| 118|0x0000000089600000, 0x0000000089700000, 0x0000000089700000|100%| O|  |TAMS 0x0000000089600000, 0x0000000089700000| Untracked 
| 119|0x0000000089700000, 0x0000000089800000, 0x0000000089800000|100%| O|  |TAMS 0x0000000089700000, 0x0000000089800000| Untracked 
| 120|0x0000000089800000, 0x0000000089900000, 0x0000000089900000|100%| O|  |TAMS 0x0000000089800000, 0x0000000089900000| Untracked 
| 121|0x0000000089900000, 0x0000000089a00000, 0x0000000089a00000|100%| O|  |TAMS 0x0000000089900000, 0x0000000089a00000| Untracked 
| 122|0x0000000089a00000, 0x0000000089b00000, 0x0000000089b00000|100%| O|  |TAMS 0x0000000089a00000, 0x0000000089b00000| Untracked 
| 123|0x0000000089b00000, 0x0000000089c00000, 0x0000000089c00000|100%| O|  |TAMS 0x0000000089b00000, 0x0000000089c00000| Untracked 
| 124|0x0000000089c00000, 0x0000000089d00000, 0x0000000089d00000|100%| O|  |TAMS 0x0000000089c00000, 0x0000000089d00000| Untracked 
| 125|0x0000000089d00000, 0x0000000089e00000, 0x0000000089e00000|100%| O|  |TAMS 0x0000000089d00000, 0x0000000089e00000| Untracked 
| 126|0x0000000089e00000, 0x0000000089f00000, 0x0000000089f00000|100%| O|  |TAMS 0x0000000089e00000, 0x0000000089f00000| Untracked 
| 127|0x0000000089f00000, 0x000000008a000000, 0x000000008a000000|100%| O|  |TAMS 0x0000000089f00000, 0x000000008a000000| Untracked 
| 128|0x000000008a000000, 0x000000008a100000, 0x000000008a100000|100%| O|  |TAMS 0x000000008a000000, 0x000000008a100000| Untracked 
| 129|0x000000008a100000, 0x000000008a200000, 0x000000008a200000|100%| O|  |TAMS 0x000000008a100000, 0x000000008a200000| Untracked 
| 130|0x000000008a200000, 0x000000008a300000, 0x000000008a300000|100%| O|  |TAMS 0x000000008a200000, 0x000000008a300000| Untracked 
| 131|0x000000008a300000, 0x000000008a400000, 0x000000008a400000|100%| O|  |TAMS 0x000000008a300000, 0x000000008a380000| Untracked 
| 132|0x000000008a400000, 0x000000008a500000, 0x000000008a500000|100%| O|  |TAMS 0x000000008a400000, 0x000000008a400000| Untracked 
| 133|0x000000008a500000, 0x000000008a600000, 0x000000008a600000|100%| O|  |TAMS 0x000000008a500000, 0x000000008a500000| Untracked 
| 134|0x000000008a600000, 0x000000008a700000, 0x000000008a700000|100%| O|  |TAMS 0x000000008a600000, 0x000000008a600000| Untracked 
| 135|0x000000008a700000, 0x000000008a800000, 0x000000008a800000|100%| O|  |TAMS 0x000000008a700000, 0x000000008a700000| Untracked 
| 136|0x000000008a800000, 0x000000008a900000, 0x000000008a900000|100%| O|  |TAMS 0x000000008a800000, 0x000000008a800000| Untracked 
| 137|0x000000008a900000, 0x000000008aa00000, 0x000000008aa00000|100%| O|  |TAMS 0x000000008a900000, 0x000000008a900000| Untracked 
| 138|0x000000008aa00000, 0x000000008ab00000, 0x000000008ab00000|100%| O|  |TAMS 0x000000008aa00000, 0x000000008aa00000| Untracked 
| 139|0x000000008ab00000, 0x000000008ac00000, 0x000000008ac00000|100%| O|  |TAMS 0x000000008ab00000, 0x000000008ab00000| Untracked 
| 140|0x000000008ac00000, 0x000000008ad00000, 0x000000008ad00000|100%| O|  |TAMS 0x000000008ac00000, 0x000000008ac00000| Untracked 
| 141|0x000000008ad00000, 0x000000008ae00000, 0x000000008ae00000|100%| O|  |TAMS 0x000000008ad00000, 0x000000008ad00000| Untracked 
| 142|0x000000008ae00000, 0x000000008af00000, 0x000000008af00000|100%| O|  |TAMS 0x000000008ae00000, 0x000000008ae00000| Untracked 
| 143|0x000000008af00000, 0x000000008b000000, 0x000000008b000000|100%| O|  |TAMS 0x000000008af00000, 0x000000008af00000| Untracked 
| 144|0x000000008b000000, 0x000000008b100000, 0x000000008b100000|100%| O|  |TAMS 0x000000008b000000, 0x000000008b000000| Untracked 
| 145|0x000000008b100000, 0x000000008b200000, 0x000000008b200000|100%| O|  |TAMS 0x000000008b100000, 0x000000008b100000| Untracked 
| 146|0x000000008b200000, 0x000000008b300000, 0x000000008b300000|100%| O|  |TAMS 0x000000008b200000, 0x000000008b200000| Untracked 
| 147|0x000000008b300000, 0x000000008b400000, 0x000000008b400000|100%| O|  |TAMS 0x000000008b300000, 0x000000008b300000| Untracked 
| 148|0x000000008b400000, 0x000000008b500000, 0x000000008b500000|100%| O|  |TAMS 0x000000008b400000, 0x000000008b400000| Untracked 
| 149|0x000000008b500000, 0x000000008b600000, 0x000000008b600000|100%| O|  |TAMS 0x000000008b500000, 0x000000008b500000| Untracked 
| 150|0x000000008b600000, 0x000000008b700000, 0x000000008b700000|100%| O|  |TAMS 0x000000008b600000, 0x000000008b600000| Untracked 
| 151|0x000000008b700000, 0x000000008b800000, 0x000000008b800000|100%| O|  |TAMS 0x000000008b700000, 0x000000008b700000| Untracked 
| 152|0x000000008b800000, 0x000000008b800000, 0x000000008b900000|  0%| F|  |TAMS 0x000000008b800000, 0x000000008b800000| Untracked 
| 153|0x000000008b900000, 0x000000008b900000, 0x000000008ba00000|  0%| F|  |TAMS 0x000000008b900000, 0x000000008b900000| Untracked 
| 154|0x000000008ba00000, 0x000000008ba00000, 0x000000008bb00000|  0%| F|  |TAMS 0x000000008ba00000, 0x000000008ba00000| Untracked 
| 155|0x000000008bb00000, 0x000000008bb00000, 0x000000008bc00000|  0%| F|  |TAMS 0x000000008bb00000, 0x000000008bb00000| Untracked 
| 156|0x000000008bc00000, 0x000000008bc00000, 0x000000008bd00000|  0%| F|  |TAMS 0x000000008bc00000, 0x000000008bc00000| Untracked 
| 157|0x000000008bd00000, 0x000000008bd00000, 0x000000008be00000|  0%| F|  |TAMS 0x000000008bd00000, 0x000000008bd00000| Untracked 
| 158|0x000000008be00000, 0x000000008be00000, 0x000000008bf00000|  0%| F|  |TAMS 0x000000008be00000, 0x000000008be00000| Untracked 
| 159|0x000000008bf00000, 0x000000008bf00000, 0x000000008c000000|  0%| F|  |TAMS 0x000000008bf00000, 0x000000008bf00000| Untracked 
| 160|0x000000008c000000, 0x000000008c000000, 0x000000008c100000|  0%| F|  |TAMS 0x000000008c000000, 0x000000008c000000| Untracked 
| 161|0x000000008c100000, 0x000000008c100000, 0x000000008c200000|  0%| F|  |TAMS 0x000000008c100000, 0x000000008c100000| Untracked 
| 162|0x000000008c200000, 0x000000008c200000, 0x000000008c300000|  0%| F|  |TAMS 0x000000008c200000, 0x000000008c200000| Untracked 
| 163|0x000000008c300000, 0x000000008c300000, 0x000000008c400000|  0%| F|  |TAMS 0x000000008c300000, 0x000000008c300000| Untracked 
| 164|0x000000008c400000, 0x000000008c400000, 0x000000008c500000|  0%| F|  |TAMS 0x000000008c400000, 0x000000008c400000| Untracked 
| 165|0x000000008c500000, 0x000000008c500000, 0x000000008c600000|  0%| F|  |TAMS 0x000000008c500000, 0x000000008c500000| Untracked 
| 166|0x000000008c600000, 0x000000008c600000, 0x000000008c700000|  0%| F|  |TAMS 0x000000008c600000, 0x000000008c600000| Untracked 
| 167|0x000000008c700000, 0x000000008c700000, 0x000000008c800000|  0%| F|  |TAMS 0x000000008c700000, 0x000000008c700000| Untracked 
| 168|0x000000008c800000, 0x000000008c800000, 0x000000008c900000|  0%| F|  |TAMS 0x000000008c800000, 0x000000008c800000| Untracked 
| 169|0x000000008c900000, 0x000000008c900000, 0x000000008ca00000|  0%| F|  |TAMS 0x000000008c900000, 0x000000008c900000| Untracked 
| 170|0x000000008ca00000, 0x000000008ca00000, 0x000000008cb00000|  0%| F|  |TAMS 0x000000008ca00000, 0x000000008ca00000| Untracked 
| 171|0x000000008cb00000, 0x000000008cb00000, 0x000000008cc00000|  0%| F|  |TAMS 0x000000008cb00000, 0x000000008cb00000| Untracked 
| 172|0x000000008cc00000, 0x000000008cc00000, 0x000000008cd00000|  0%| F|  |TAMS 0x000000008cc00000, 0x000000008cc00000| Untracked 
| 173|0x000000008cd00000, 0x000000008cd00000, 0x000000008ce00000|  0%| F|  |TAMS 0x000000008cd00000, 0x000000008cd00000| Untracked 
| 174|0x000000008ce00000, 0x000000008ce00000, 0x000000008cf00000|  0%| F|  |TAMS 0x000000008ce00000, 0x000000008ce00000| Untracked 
| 175|0x000000008cf00000, 0x000000008cf00000, 0x000000008d000000|  0%| F|  |TAMS 0x000000008cf00000, 0x000000008cf00000| Untracked 
| 176|0x000000008d000000, 0x000000008d000000, 0x000000008d100000|  0%| F|  |TAMS 0x000000008d000000, 0x000000008d000000| Untracked 
| 177|0x000000008d100000, 0x000000008d100000, 0x000000008d200000|  0%| F|  |TAMS 0x000000008d100000, 0x000000008d100000| Untracked 
| 178|0x000000008d200000, 0x000000008d200000, 0x000000008d300000|  0%| F|  |TAMS 0x000000008d200000, 0x000000008d200000| Untracked 
| 179|0x000000008d300000, 0x000000008d300000, 0x000000008d400000|  0%| F|  |TAMS 0x000000008d300000, 0x000000008d300000| Untracked 
| 180|0x000000008d400000, 0x000000008d400000, 0x000000008d500000|  0%| F|  |TAMS 0x000000008d400000, 0x000000008d400000| Untracked 
| 181|0x000000008d500000, 0x000000008d500000, 0x000000008d600000|  0%| F|  |TAMS 0x000000008d500000, 0x000000008d500000| Untracked 
| 182|0x000000008d600000, 0x000000008d600000, 0x000000008d700000|  0%| F|  |TAMS 0x000000008d600000, 0x000000008d600000| Untracked 
| 183|0x000000008d700000, 0x000000008d700000, 0x000000008d800000|  0%| F|  |TAMS 0x000000008d700000, 0x000000008d700000| Untracked 
| 184|0x000000008d800000, 0x000000008d800000, 0x000000008d900000|  0%| F|  |TAMS 0x000000008d800000, 0x000000008d800000| Untracked 
| 185|0x000000008d900000, 0x000000008d900000, 0x000000008da00000|  0%| F|  |TAMS 0x000000008d900000, 0x000000008d900000| Untracked 
| 186|0x000000008da00000, 0x000000008da00000, 0x000000008db00000|  0%| F|  |TAMS 0x000000008da00000, 0x000000008da00000| Untracked 
| 187|0x000000008db00000, 0x000000008db00000, 0x000000008dc00000|  0%| F|  |TAMS 0x000000008db00000, 0x000000008db00000| Untracked 
| 188|0x000000008dc00000, 0x000000008dc00000, 0x000000008dd00000|  0%| F|  |TAMS 0x000000008dc00000, 0x000000008dc00000| Untracked 
| 189|0x000000008dd00000, 0x000000008dd00000, 0x000000008de00000|  0%| F|  |TAMS 0x000000008dd00000, 0x000000008dd00000| Untracked 
| 190|0x000000008de00000, 0x000000008de00000, 0x000000008df00000|  0%| F|  |TAMS 0x000000008de00000, 0x000000008de00000| Untracked 
| 191|0x000000008df00000, 0x000000008df00000, 0x000000008e000000|  0%| F|  |TAMS 0x000000008df00000, 0x000000008df00000| Untracked 
| 192|0x000000008e000000, 0x000000008e000000, 0x000000008e100000|  0%| F|  |TAMS 0x000000008e000000, 0x000000008e000000| Untracked 
| 193|0x000000008e100000, 0x000000008e100000, 0x000000008e200000|  0%| F|  |TAMS 0x000000008e100000, 0x000000008e100000| Untracked 
| 194|0x000000008e200000, 0x000000008e200000, 0x000000008e300000|  0%| F|  |TAMS 0x000000008e200000, 0x000000008e200000| Untracked 
| 195|0x000000008e300000, 0x000000008e300000, 0x000000008e400000|  0%| F|  |TAMS 0x000000008e300000, 0x000000008e300000| Untracked 
| 196|0x000000008e400000, 0x000000008e400000, 0x000000008e500000|  0%| F|  |TAMS 0x000000008e400000, 0x000000008e400000| Untracked 
| 197|0x000000008e500000, 0x000000008e500000, 0x000000008e600000|  0%| F|  |TAMS 0x000000008e500000, 0x000000008e500000| Untracked 
| 198|0x000000008e600000, 0x000000008e600000, 0x000000008e700000|  0%| F|  |TAMS 0x000000008e600000, 0x000000008e600000| Untracked 
| 199|0x000000008e700000, 0x000000008e700000, 0x000000008e800000|  0%| F|  |TAMS 0x000000008e700000, 0x000000008e700000| Untracked 
| 200|0x000000008e800000, 0x000000008e800000, 0x000000008e900000|  0%| F|  |TAMS 0x000000008e800000, 0x000000008e800000| Untracked 
| 201|0x000000008e900000, 0x000000008e900000, 0x000000008ea00000|  0%| F|  |TAMS 0x000000008e900000, 0x000000008e900000| Untracked 
| 202|0x000000008ea00000, 0x000000008ea00000, 0x000000008eb00000|  0%| F|  |TAMS 0x000000008ea00000, 0x000000008ea00000| Untracked 
| 203|0x000000008eb00000, 0x000000008eb00000, 0x000000008ec00000|  0%| F|  |TAMS 0x000000008eb00000, 0x000000008eb00000| Untracked 
| 204|0x000000008ec00000, 0x000000008ec00000, 0x000000008ed00000|  0%| F|  |TAMS 0x000000008ec00000, 0x000000008ec00000| Untracked 
| 205|0x000000008ed00000, 0x000000008ed00000, 0x000000008ee00000|  0%| F|  |TAMS 0x000000008ed00000, 0x000000008ed00000| Untracked 
| 206|0x000000008ee00000, 0x000000008ee00000, 0x000000008ef00000|  0%| F|  |TAMS 0x000000008ee00000, 0x000000008ee00000| Untracked 
| 207|0x000000008ef00000, 0x000000008ef00000, 0x000000008f000000|  0%| F|  |TAMS 0x000000008ef00000, 0x000000008ef00000| Untracked 
| 208|0x000000008f000000, 0x000000008f000000, 0x000000008f100000|  0%| F|  |TAMS 0x000000008f000000, 0x000000008f000000| Untracked 
| 209|0x000000008f100000, 0x000000008f100000, 0x000000008f200000|  0%| F|  |TAMS 0x000000008f100000, 0x000000008f100000| Untracked 
| 210|0x000000008f200000, 0x000000008f300000, 0x000000008f300000|100%| S|CS|TAMS 0x000000008f200000, 0x000000008f200000| Complete 
| 211|0x000000008f300000, 0x000000008f400000, 0x000000008f400000|100%| S|CS|TAMS 0x000000008f300000, 0x000000008f300000| Complete 
| 212|0x000000008f400000, 0x000000008f500000, 0x000000008f500000|100%| S|CS|TAMS 0x000000008f400000, 0x000000008f400000| Complete 
| 213|0x000000008f500000, 0x000000008f600000, 0x000000008f600000|100%| S|CS|TAMS 0x000000008f500000, 0x000000008f500000| Complete 
| 214|0x000000008f600000, 0x000000008f700000, 0x000000008f700000|100%| S|CS|TAMS 0x000000008f600000, 0x000000008f600000| Complete 
| 215|0x000000008f700000, 0x000000008f800000, 0x000000008f800000|100%| S|CS|TAMS 0x000000008f700000, 0x000000008f700000| Complete 
| 216|0x000000008f800000, 0x000000008f800000, 0x000000008f900000|  0%| F|  |TAMS 0x000000008f800000, 0x000000008f800000| Untracked 
| 217|0x000000008f900000, 0x000000008f900000, 0x000000008fa00000|  0%| F|  |TAMS 0x000000008f900000, 0x000000008f900000| Untracked 
| 218|0x000000008fa00000, 0x000000008fa00000, 0x000000008fb00000|  0%| F|  |TAMS 0x000000008fa00000, 0x000000008fa00000| Untracked 
| 219|0x000000008fb00000, 0x000000008fb00000, 0x000000008fc00000|  0%| F|  |TAMS 0x000000008fb00000, 0x000000008fb00000| Untracked 
| 220|0x000000008fc00000, 0x000000008fc00000, 0x000000008fd00000|  0%| F|  |TAMS 0x000000008fc00000, 0x000000008fc00000| Untracked 
| 221|0x000000008fd00000, 0x000000008fd00000, 0x000000008fe00000|  0%| F|  |TAMS 0x000000008fd00000, 0x000000008fd00000| Untracked 
| 222|0x000000008fe00000, 0x000000008fe00000, 0x000000008ff00000|  0%| F|  |TAMS 0x000000008fe00000, 0x000000008fe00000| Untracked 
| 223|0x000000008ff00000, 0x000000008ff00000, 0x0000000090000000|  0%| F|  |TAMS 0x000000008ff00000, 0x000000008ff00000| Untracked 
| 224|0x0000000090000000, 0x0000000090000000, 0x0000000090100000|  0%| F|  |TAMS 0x0000000090000000, 0x0000000090000000| Untracked 
| 225|0x0000000090100000, 0x0000000090100000, 0x0000000090200000|  0%| F|  |TAMS 0x0000000090100000, 0x0000000090100000| Untracked 
| 226|0x0000000090200000, 0x0000000090200000, 0x0000000090300000|  0%| F|  |TAMS 0x0000000090200000, 0x0000000090200000| Untracked 
| 227|0x0000000090300000, 0x0000000090300000, 0x0000000090400000|  0%| F|  |TAMS 0x0000000090300000, 0x0000000090300000| Untracked 
| 228|0x0000000090400000, 0x0000000090400000, 0x0000000090500000|  0%| F|  |TAMS 0x0000000090400000, 0x0000000090400000| Untracked 
| 229|0x0000000090500000, 0x0000000090500000, 0x0000000090600000|  0%| F|  |TAMS 0x0000000090500000, 0x0000000090500000| Untracked 
| 230|0x0000000090600000, 0x0000000090600000, 0x0000000090700000|  0%| F|  |TAMS 0x0000000090600000, 0x0000000090600000| Untracked 
| 231|0x0000000090700000, 0x0000000090700000, 0x0000000090800000|  0%| F|  |TAMS 0x0000000090700000, 0x0000000090700000| Untracked 
| 232|0x0000000090800000, 0x0000000090800000, 0x0000000090900000|  0%| F|  |TAMS 0x0000000090800000, 0x0000000090800000| Untracked 
| 233|0x0000000090900000, 0x0000000090900000, 0x0000000090a00000|  0%| F|  |TAMS 0x0000000090900000, 0x0000000090900000| Untracked 
| 234|0x0000000090a00000, 0x0000000090a00000, 0x0000000090b00000|  0%| F|  |TAMS 0x0000000090a00000, 0x0000000090a00000| Untracked 
| 235|0x0000000090b00000, 0x0000000090b00000, 0x0000000090c00000|  0%| F|  |TAMS 0x0000000090b00000, 0x0000000090b00000| Untracked 
| 236|0x0000000090c00000, 0x0000000090c00000, 0x0000000090d00000|  0%| F|  |TAMS 0x0000000090c00000, 0x0000000090c00000| Untracked 
| 237|0x0000000090d00000, 0x0000000090d00000, 0x0000000090e00000|  0%| F|  |TAMS 0x0000000090d00000, 0x0000000090d00000| Untracked 
| 238|0x0000000090e00000, 0x0000000090e00000, 0x0000000090f00000|  0%| F|  |TAMS 0x0000000090e00000, 0x0000000090e00000| Untracked 
| 239|0x0000000090f00000, 0x0000000090f00000, 0x0000000091000000|  0%| F|  |TAMS 0x0000000090f00000, 0x0000000090f00000| Untracked 
| 240|0x0000000091000000, 0x0000000091000000, 0x0000000091100000|  0%| F|  |TAMS 0x0000000091000000, 0x0000000091000000| Untracked 
| 241|0x0000000091100000, 0x0000000091100000, 0x0000000091200000|  0%| F|  |TAMS 0x0000000091100000, 0x0000000091100000| Untracked 
| 242|0x0000000091200000, 0x0000000091200000, 0x0000000091300000|  0%| F|  |TAMS 0x0000000091200000, 0x0000000091200000| Untracked 
| 243|0x0000000091300000, 0x0000000091300000, 0x0000000091400000|  0%| F|  |TAMS 0x0000000091300000, 0x0000000091300000| Untracked 
| 244|0x0000000091400000, 0x0000000091400000, 0x0000000091500000|  0%| F|  |TAMS 0x0000000091400000, 0x0000000091400000| Untracked 
| 245|0x0000000091500000, 0x0000000091500000, 0x0000000091600000|  0%| F|  |TAMS 0x0000000091500000, 0x0000000091500000| Untracked 
| 246|0x0000000091600000, 0x0000000091600000, 0x0000000091700000|  0%| F|  |TAMS 0x0000000091600000, 0x0000000091600000| Untracked 
| 247|0x0000000091700000, 0x0000000091700000, 0x0000000091800000|  0%| F|  |TAMS 0x0000000091700000, 0x0000000091700000| Untracked 
| 248|0x0000000091800000, 0x0000000091800000, 0x0000000091900000|  0%| F|  |TAMS 0x0000000091800000, 0x0000000091800000| Untracked 
| 249|0x0000000091900000, 0x0000000091900000, 0x0000000091a00000|  0%| F|  |TAMS 0x0000000091900000, 0x0000000091900000| Untracked 
| 250|0x0000000091a00000, 0x0000000091a00000, 0x0000000091b00000|  0%| F|  |TAMS 0x0000000091a00000, 0x0000000091a00000| Untracked 
| 251|0x0000000091b00000, 0x0000000091b00000, 0x0000000091c00000|  0%| F|  |TAMS 0x0000000091b00000, 0x0000000091b00000| Untracked 

Card table byte_map: [0x000002c6b7ce0000,0x000002c6b80d0000] _byte_map_base: 0x000002c6b78d0000

Marking Bits (Prev, Next): (CMBitMap*) 0x000002c6a101a0f0, (CMBitMap*) 0x000002c6a101a130
 Prev Bits: [0x000002c6b84c0000, 0x000002c6ba440000)
 Next Bits: [0x000002c6ba440000, 0x000002c6bc3c0000)

Polling page: 0x000002c6a0780000

Metaspace:

Usage:
  Non-class:      8.65 MB used.
      Class:      1.02 MB used.
       Both:      9.66 MB used.

Virtual space:
  Non-class space:       64.00 MB reserved,       8.75 MB ( 14%) committed,  1 nodes.
      Class space:        1.00 GB reserved,       1.12 MB ( <1%) committed,  1 nodes.
             Both:        1.06 GB reserved,       9.88 MB ( <1%) committed. 

Chunk freelists:
   Non-Class:  2.67 MB
       Class:  2.72 MB
        Both:  5.39 MB

MaxMetaspaceSize: unlimited
CompressedClassSpaceSize: 1.00 GB
Initial GC threshold: 21.00 MB
Current GC threshold: 21.00 MB
CDS: on
MetaspaceReclaimPolicy: balanced
 - commit_granule_bytes: 65536.
 - commit_granule_words: 8192.
 - virtual_space_node_default_size: 8388608.
 - enlarge_chunks_in_place: 1.
 - new_chunks_are_fully_committed: 0.
 - uncommit_free_chunks: 1.
 - use_allocation_guard: 0.


Internal statistics:

num_allocs_failed_limit: 0.
num_arena_births: 54.
num_arena_deaths: 0.
num_vsnodes_births: 2.
num_vsnodes_deaths: 0.
num_space_committed: 158.
num_space_uncommitted: 0.
num_chunks_returned_to_freelist: 0.
num_chunks_taken_from_freelist: 200.
num_chunk_merges: 0.
num_chunk_splits: 126.
num_chunks_enlarged: 89.
num_inconsistent_stats: 0.

CodeHeap 'non-profiled nmethods': size=120000Kb used=563Kb max_used=563Kb free=119436Kb
 bounds [0x000002c6b03c0000, 0x000002c6b0630000, 0x000002c6b78f0000]
CodeHeap 'profiled nmethods': size=120000Kb used=2391Kb max_used=2391Kb free=117608Kb
 bounds [0x000002c6a8e90000, 0x000002c6a9100000, 0x000002c6b03c0000]
CodeHeap 'non-nmethods': size=5760Kb used=1225Kb max_used=1269Kb free=4534Kb
 bounds [0x000002c6a88f0000, 0x000002c6a8b60000, 0x000002c6a8e90000]
 total_blobs=1855 nmethods=1339 adapters=429
 compilation: enabled
              stopped_count=0, restarted_count=0
 full_count=0

Compilation events (20 events):
Event: 0.746 Thread 0x000002c6be847cf0 nmethod 1328 0x000002c6b0441410 code [0x000002c6b0441600, 0x000002c6b0441c10]
Event: 0.746 Thread 0x000002c6be847cf0 1331       4       com.mysql.cj.protocol.a.result.ResultsetRowsStatic::next (79 bytes)
Event: 0.748 Thread 0x000002c6be847cf0 nmethod 1331 0x000002c6b0442190 code [0x000002c6b0442320, 0x000002c6b04425b8]
Event: 0.748 Thread 0x000002c6be847cf0 1330   !   4       com.mysql.cj.jdbc.result.ResultSetImpl::next (111 bytes)
Event: 0.750 Thread 0x000002c6c2e9e1f0 nmethod 1327 0x000002c6b0442810 code [0x000002c6b0442a00, 0x000002c6b0443110]
Event: 0.750 Thread 0x000002c6c2e9e1f0 1318   !   4       com.mysql.cj.jdbc.result.ResultSetImpl::clearWarnings (38 bytes)
Event: 0.752 Thread 0x000002c6c2e9e1f0 nmethod 1318 0x000002c6b0443690 code [0x000002c6b0443820, 0x000002c6b0443ad8]
Event: 0.752 Thread 0x000002c6c2e9e1f0 1321       4       com.mysql.cj.result.IntegerBoundsEnforcer::createFromLong (68 bytes)
Event: 0.753 Thread 0x000002c6c2e9e1f0 nmethod 1321 0x000002c6b0443c90 code [0x000002c6b0443e20, 0x000002c6b0443fb8]
Event: 0.753 Thread 0x000002c6c2e9e1f0 1332   !   4       com.mysql.cj.jdbc.result.ResultSetImpl::getString (158 bytes)
Event: 0.759 Thread 0x000002c6c2e9e1f0 nmethod 1332 0x000002c6b0444110 code [0x000002c6b04442e0, 0x000002c6b0444a88]
Event: 0.760 Thread 0x000002c6c2e9e1f0 1333   !   4       com.mysql.cj.jdbc.result.ResultSetImpl::beforeFirst (66 bytes)
Event: 0.764 Thread 0x000002c6be847cf0 nmethod 1330 0x000002c6b0445210 code [0x000002c6b0445440, 0x000002c6b04464a8]
Event: 0.764 Thread 0x000002c6be847cf0 1339 %     4       com.jdbchashmapassignments.Doctors_Keys_Patients_Value_HashMap::createHashMap @ 26 (108 bytes)
Event: 0.770 Thread 0x000002c6c2e9e1f0 nmethod 1333 0x000002c6b0446f90 code [0x000002c6b0447180, 0x000002c6b0447ac8]
Event: 0.770 Thread 0x000002c6c2e9e1f0 1320       4       com.mysql.cj.jdbc.result.ResultSetImpl::getNonStringValueFromRow (76 bytes)
Event: 0.774 Thread 0x000002c6c2e9e1f0 nmethod 1320 0x000002c6b0448210 code [0x000002c6b04483c0, 0x000002c6b0448708]
Event: 0.774 Thread 0x000002c6c2e9e1f0 1322       4       com.mysql.cj.result.IntegerValueFactory::createFromLong (6 bytes)
Event: 0.775 Thread 0x000002c6c2e9e1f0 nmethod 1322 0x000002c6b0448b10 code [0x000002c6b0448ca0, 0x000002c6b0448db8]
Event: 0.804 Thread 0x000002c6be847cf0 nmethod 1339% 0x000002c6b0448e90 code [0x000002c6b04491e0, 0x000002c6b044b4d0]

GC Heap History (17 events):
Event: 0.402 GC heap before
{Heap before GC invocations=0 (full 0):
 garbage-first heap   total 129024K, used 12288K [0x0000000082000000, 0x0000000100000000)
  region size 1024K, 13 young (13312K), 0 survivors (0K)
 Metaspace       used 5250K, committed 5440K, reserved 1114112K
  class space    used 518K, committed 640K, reserved 1048576K
}
Event: 0.407 GC heap after
{Heap after GC invocations=1 (full 0):
 garbage-first heap   total 129024K, used 4552K [0x0000000082000000, 0x0000000100000000)
  region size 1024K, 2 young (2048K), 2 survivors (2048K)
 Metaspace       used 5250K, committed 5440K, reserved 1114112K
  class space    used 518K, committed 640K, reserved 1048576K
}
Event: 0.722 GC heap before
{Heap before GC invocations=1 (full 0):
 garbage-first heap   total 129024K, used 14792K [0x0000000082000000, 0x0000000100000000)
  region size 1024K, 12 young (12288K), 2 survivors (2048K)
 Metaspace       used 9894K, committed 10112K, reserved 1114112K
  class space    used 1041K, committed 1152K, reserved 1048576K
}
Event: 0.727 GC heap after
{Heap after GC invocations=2 (full 0):
 garbage-first heap   total 129024K, used 7831K [0x0000000082000000, 0x0000000100000000)
  region size 1024K, 2 young (2048K), 2 survivors (2048K)
 Metaspace       used 9894K, committed 10112K, reserved 1114112K
  class space    used 1041K, committed 1152K, reserved 1048576K
}
Event: 0.787 GC heap before
{Heap before GC invocations=2 (full 0):
 garbage-first heap   total 129024K, used 28311K [0x0000000082000000, 0x0000000100000000)
  region size 1024K, 21 young (21504K), 2 survivors (2048K)
 Metaspace       used 9896K, committed 10112K, reserved 1114112K
  class space    used 1041K, committed 1152K, reserved 1048576K
}
Event: 0.799 GC heap after
{Heap after GC invocations=3 (full 0):
 garbage-first heap   total 129024K, used 19441K [0x0000000082000000, 0x0000000100000000)
  region size 1024K, 3 young (3072K), 3 survivors (3072K)
 Metaspace       used 9896K, committed 10112K, reserved 1114112K
  class space    used 1041K, committed 1152K, reserved 1048576K
}
Event: 0.847 GC heap before
{Heap before GC invocations=3 (full 0):
 garbage-first heap   total 129024K, used 47089K [0x0000000082000000, 0x0000000100000000)
  region size 1024K, 25 young (25600K), 3 survivors (3072K)
 Metaspace       used 9896K, committed 10112K, reserved 1114112K
  class space    used 1041K, committed 1152K, reserved 1048576K
}
Event: 0.863 GC heap after
{Heap after GC invocations=4 (full 0):
 garbage-first heap   total 129024K, used 36736K [0x0000000082000000, 0x0000000100000000)
  region size 1024K, 4 young (4096K), 4 survivors (4096K)
 Metaspace       used 9896K, committed 10112K, reserved 1114112K
  class space    used 1041K, committed 1152K, reserved 1048576K
}
Event: 0.916 GC heap before
{Heap before GC invocations=4 (full 0):
 garbage-first heap   total 129024K, used 67456K [0x0000000082000000, 0x0000000100000000)
  region size 1024K, 30 young (30720K), 4 survivors (4096K)
 Metaspace       used 9896K, committed 10112K, reserved 1114112K
  class space    used 1041K, committed 1152K, reserved 1048576K
}
Event: 0.933 GC heap after
{Heap after GC invocations=5 (full 0):
 garbage-first heap   total 258048K, used 55296K [0x0000000082000000, 0x0000000100000000)
  region size 1024K, 4 young (4096K), 4 survivors (4096K)
 Metaspace       used 9896K, committed 10112K, reserved 1114112K
  class space    used 1041K, committed 1152K, reserved 1048576K
}
Event: 1.013 GC heap before
{Heap before GC invocations=5 (full 0):
 garbage-first heap   total 258048K, used 93184K [0x0000000082000000, 0x0000000100000000)
  region size 1024K, 36 young (36864K), 4 survivors (4096K)
 Metaspace       used 9896K, committed 10112K, reserved 1114112K
  class space    used 1041K, committed 1152K, reserved 1048576K
}
Event: 1.026 GC heap after
{Heap after GC invocations=6 (full 0):
 garbage-first heap   total 258048K, used 77824K [0x0000000082000000, 0x0000000100000000)
  region size 1024K, 5 young (5120K), 5 survivors (5120K)
 Metaspace       used 9896K, committed 10112K, reserved 1114112K
  class space    used 1041K, committed 1152K, reserved 1048576K
}
Event: 1.111 GC heap before
{Heap before GC invocations=6 (full 0):
 garbage-first heap   total 258048K, used 126976K [0x0000000082000000, 0x0000000100000000)
  region size 1024K, 46 young (47104K), 5 survivors (5120K)
 Metaspace       used 9896K, committed 10112K, reserved 1114112K
  class space    used 1041K, committed 1152K, reserved 1048576K
}
Event: 1.129 GC heap after
{Heap after GC invocations=7 (full 0):
 garbage-first heap   total 258048K, used 107008K [0x0000000082000000, 0x0000000100000000)
  region size 1024K, 6 young (6144K), 6 survivors (6144K)
 Metaspace       used 9896K, committed 10112K, reserved 1114112K
  class space    used 1041K, committed 1152K, reserved 1048576K
}
Event: 1.216 GC heap before
{Heap before GC invocations=7 (full 0):
 garbage-first heap   total 258048K, used 164352K [0x0000000082000000, 0x0000000100000000)
  region size 1024K, 51 young (52224K), 6 survivors (6144K)
 Metaspace       used 9896K, committed 10112K, reserved 1114112K
  class space    used 1041K, committed 1152K, reserved 1048576K
}
Event: 1.240 GC heap after
{Heap after GC invocations=8 (full 0):
 garbage-first heap   total 258048K, used 141824K [0x0000000082000000, 0x0000000100000000)
  region size 1024K, 7 young (7168K), 7 survivors (7168K)
 Metaspace       used 9896K, committed 10112K, reserved 1114112K
  class space    used 1041K, committed 1152K, reserved 1048576K
}
Event: 1.309 GC heap before
{Heap before GC invocations=8 (full 0):
 garbage-first heap   total 258048K, used 178688K [0x0000000082000000, 0x0000000100000000)
  region size 1024K, 43 young (44032K), 7 survivors (7168K)
 Metaspace       used 9896K, committed 10112K, reserved 1114112K
  class space    used 1041K, committed 1152K, reserved 1048576K
}

Deoptimization events (20 events):
Event: 0.612 Thread 0x000002c69ee6bfb0 DEOPT PACKING pc=0x000002c6b0423e6c sp=0x000000f11bffe010
Event: 0.612 Thread 0x000002c69ee6bfb0 DEOPT UNPACKING pc=0x000002c6a89423a3 sp=0x000000f11bffdfa0 mode 2
Event: 0.613 Thread 0x000002c69ee6bfb0 Uncommon trap: trap_request=0xffffffde fr.pc=0x000002c6b0423e6c relative=0x000000000000024c
Event: 0.613 Thread 0x000002c69ee6bfb0 Uncommon trap: reason=class_check action=maybe_recompile pc=0x000002c6b0423e6c method=sun.security.util.math.intpoly.IntegerPolynomial$MutableElement.setSum(Lsun/security/util/math/IntegerModuloP;)Lsun/security/util/math/intpoly/IntegerPolynomial$MutableE
Event: 0.613 Thread 0x000002c69ee6bfb0 DEOPT PACKING pc=0x000002c6b0423e6c sp=0x000000f11bffe010
Event: 0.613 Thread 0x000002c69ee6bfb0 DEOPT UNPACKING pc=0x000002c6a89423a3 sp=0x000000f11bffdfa0 mode 2
Event: 0.613 Thread 0x000002c69ee6bfb0 Uncommon trap: trap_request=0xffffffde fr.pc=0x000002c6b0423e6c relative=0x000000000000024c
Event: 0.613 Thread 0x000002c69ee6bfb0 Uncommon trap: reason=class_check action=maybe_recompile pc=0x000002c6b0423e6c method=sun.security.util.math.intpoly.IntegerPolynomial$MutableElement.setSum(Lsun/security/util/math/IntegerModuloP;)Lsun/security/util/math/intpoly/IntegerPolynomial$MutableE
Event: 0.613 Thread 0x000002c69ee6bfb0 DEOPT PACKING pc=0x000002c6b0423e6c sp=0x000000f11bffe010
Event: 0.613 Thread 0x000002c69ee6bfb0 DEOPT UNPACKING pc=0x000002c6a89423a3 sp=0x000000f11bffdfa0 mode 2
Event: 0.613 Thread 0x000002c69ee6bfb0 Uncommon trap: trap_request=0xffffffde fr.pc=0x000002c6b0423e6c relative=0x000000000000024c
Event: 0.613 Thread 0x000002c69ee6bfb0 Uncommon trap: reason=class_check action=maybe_recompile pc=0x000002c6b0423e6c method=sun.security.util.math.intpoly.IntegerPolynomial$MutableElement.setSum(Lsun/security/util/math/IntegerModuloP;)Lsun/security/util/math/intpoly/IntegerPolynomial$MutableE
Event: 0.613 Thread 0x000002c69ee6bfb0 DEOPT PACKING pc=0x000002c6b0423e6c sp=0x000000f11bffe010
Event: 0.613 Thread 0x000002c69ee6bfb0 DEOPT UNPACKING pc=0x000002c6a89423a3 sp=0x000000f11bffdfa0 mode 2
Event: 0.644 Thread 0x000002c69ee6bfb0 DEOPT PACKING pc=0x000002c6a8ef4431 sp=0x000000f11bffed50
Event: 0.644 Thread 0x000002c69ee6bfb0 DEOPT UNPACKING pc=0x000002c6a8942b43 sp=0x000000f11bffe248 mode 0
Event: 0.645 Thread 0x000002c69ee6bfb0 DEOPT PACKING pc=0x000002c6a8ef4431 sp=0x000000f11bffed50
Event: 0.645 Thread 0x000002c69ee6bfb0 DEOPT UNPACKING pc=0x000002c6a8942b43 sp=0x000000f11bffe248 mode 0
Event: 0.805 Thread 0x000002c69ee6bfb0 DEOPT PACKING pc=0x000002c6a90e1cd5 sp=0x000000f11bfff530
Event: 0.805 Thread 0x000002c69ee6bfb0 DEOPT UNPACKING pc=0x000002c6a8942b43 sp=0x000000f11bffea80 mode 0

Classes loaded (20 events):
Event: 0.625 Loading class com/sun/crypto/provider/GaloisCounterMode$DecryptOp
Event: 0.625 Loading class com/sun/crypto/provider/GaloisCounterMode$DecryptOp done
Event: 0.626 Loading class jdk/internal/event/TLSHandshakeEvent
Event: 0.626 Loading class jdk/internal/event/TLSHandshakeEvent done
Event: 0.626 Loading class javax/net/ssl/SSLEngineResult$HandshakeStatus
Event: 0.626 Loading class javax/net/ssl/SSLEngineResult$HandshakeStatus done
Event: 0.637 Loading class java/math/BigDecimal
Event: 0.637 Loading class java/math/BigDecimal done
Event: 0.644 Loading class java/io/Console
Event: 0.644 Loading class java/io/Console done
Event: 0.650 Loading class java/time/format/DateTimeParseException
Event: 0.650 Loading class java/time/DateTimeException
Event: 0.650 Loading class java/time/DateTimeException done
Event: 0.650 Loading class java/time/format/DateTimeParseException done
Event: 0.657 Loading class java/util/TimerTask
Event: 0.657 Loading class java/util/TimerTask done
Event: 0.658 Loading class java/util/concurrent/atomic/AtomicBoolean
Event: 0.658 Loading class java/util/concurrent/atomic/AtomicBoolean done
Event: 0.659 Loading class java/util/NoSuchElementException
Event: 0.659 Loading class java/util/NoSuchElementException done

Classes unloaded (0 events):
No events

Classes redefined (0 events):
No events

Internal exceptions (8 events):
Event: 0.150 Thread 0x000002c69ee6bfb0 Exception <a 'java/lang/NoSuchMethodError'{0x0000000089b86840}: 'java.lang.Object java.lang.invoke.DirectMethodHandle$Holder.invokeStaticInit(java.lang.Object)'> (0x0000000089b86840) 
thrown [s\open\src\hotspot\share\interpreter\linkResolver.cpp, line 759]
Event: 0.151 Thread 0x000002c69ee6bfb0 Exception <a 'java/lang/NoSuchMethodError'{0x0000000089b8cea8}: 'java.lang.Object java.lang.invoke.DirectMethodHandle$Holder.invokeInterface(java.lang.Object, java.lang.Object)'> (0x0000000089b8cea8) 
thrown [s\open\src\hotspot\share\interpreter\linkResolver.cpp, line 759]
Event: 0.170 Thread 0x000002c69ee6bfb0 Exception <a 'java/lang/NoSuchMethodError'{0x0000000089bffb48}: 'java.lang.Object java.lang.invoke.DirectMethodHandle$Holder.invokeVirtual(java.lang.Object, java.lang.Object, java.lang.Object)'> (0x0000000089bffb48) 
thrown [s\open\src\hotspot\share\interpreter\linkResolver.cpp, line 759]
Event: 0.194 Thread 0x000002c69ee6bfb0 Exception <a 'java/lang/NoSuchMethodError'{0x0000000089ad37f0}: 'void java.lang.invoke.DirectMethodHandle$Holder.invokeStatic(java.lang.Object, java.lang.Object, java.lang.Object)'> (0x0000000089ad37f0) 
thrown [s\open\src\hotspot\share\interpreter\linkResolver.cpp, line 759]
Event: 0.256 Thread 0x000002c69ee6bfb0 Exception <a 'java/lang/NoSuchMethodError'{0x00000000898d0ad8}: 'void java.lang.invoke.DirectMethodHandle$Holder.invokeStatic(java.lang.Object, java.lang.Object)'> (0x00000000898d0ad8) 
thrown [s\open\src\hotspot\share\interpreter\linkResolver.cpp, line 759]
Event: 0.441 Thread 0x000002c69ee6bfb0 Exception <a 'sun/nio/fs/WindowsException'{0x0000000089c98d08}> (0x0000000089c98d08) 
thrown [s\open\src\hotspot\share\prims\jni.cpp, line 516]
Event: 0.478 Thread 0x000002c69ee6bfb0 Exception <a 'java/lang/NoSuchMethodError'{0x0000000089bdd698}: 'java.lang.Object java.lang.invoke.DirectMethodHandle$Holder.invokeStaticInit(java.lang.Object, int, int, int, int)'> (0x0000000089bdd698) 
thrown [s\open\src\hotspot\share\interpreter\linkResolver.cpp, line 759]
Event: 0.516 Thread 0x000002c69ee6bfb0 Exception <a 'java/lang/NoSuchMethodError'{0x0000000089a1c1d8}: 'java.lang.Object java.lang.invoke.DirectMethodHandle$Holder.invokeStaticInit(java.lang.Object, java.lang.Object, int, int, int, int)'> (0x0000000089a1c1d8) 
thrown [s\open\src\hotspot\share\interpreter\linkResolver.cpp, line 759]

VM Operations (20 events):
Event: 0.242 Executing VM operation: HandshakeAllThreads done
Event: 0.344 Executing VM operation: HandshakeAllThreads
Event: 0.344 Executing VM operation: HandshakeAllThreads done
Event: 0.402 Executing VM operation: G1CollectForAllocation
Event: 0.407 Executing VM operation: G1CollectForAllocation done
Event: 0.721 Executing VM operation: G1CollectForAllocation
Event: 0.727 Executing VM operation: G1CollectForAllocation done
Event: 0.787 Executing VM operation: G1CollectForAllocation
Event: 0.799 Executing VM operation: G1CollectForAllocation done
Event: 0.847 Executing VM operation: G1CollectForAllocation
Event: 0.863 Executing VM operation: G1CollectForAllocation done
Event: 0.916 Executing VM operation: G1CollectForAllocation
Event: 0.933 Executing VM operation: G1CollectForAllocation done
Event: 1.013 Executing VM operation: G1CollectForAllocation
Event: 1.026 Executing VM operation: G1CollectForAllocation done
Event: 1.111 Executing VM operation: G1CollectForAllocation
Event: 1.129 Executing VM operation: G1CollectForAllocation done
Event: 1.216 Executing VM operation: G1CollectForAllocation
Event: 1.240 Executing VM operation: G1CollectForAllocation done
Event: 1.309 Executing VM operation: G1CollectForAllocation

Events (20 events):
Event: 0.017 Loaded shared library C:\Program Files\Java\jdk-18.0.2.1\bin\jsvml.dll
Event: 0.017 Thread 0x000002c69ee6bfb0 Thread added: 0x000002c69ee6bfb0
Event: 0.020 Thread 0x000002c6be81b240 Thread added: 0x000002c6be81b240
Event: 0.020 Thread 0x000002c6be823dc0 Thread added: 0x000002c6be823dc0
Event: 0.033 Thread 0x000002c6be83c730 Thread added: 0x000002c6be83c730
Event: 0.033 Thread 0x000002c6be83cfe0 Thread added: 0x000002c6be83cfe0
Event: 0.033 Thread 0x000002c6be83d890 Thread added: 0x000002c6be83d890
Event: 0.033 Thread 0x000002c6be83e280 Thread added: 0x000002c6be83e280
Event: 0.033 Thread 0x000002c6be847cf0 Thread added: 0x000002c6be847cf0
Event: 0.034 Thread 0x000002c6be8973e0 Thread added: 0x000002c6be8973e0
Event: 0.034 Thread 0x000002c6be8c4090 Thread added: 0x000002c6be8c4090
Event: 0.054 Thread 0x000002c6c2c8c560 Thread added: 0x000002c6c2c8c560
Event: 0.058 Thread 0x000002c6c2c932e0 Thread added: 0x000002c6c2c932e0
Event: 0.063 Loaded shared library C:\Program Files\Java\jdk-18.0.2.1\bin\jimage.dll
Event: 0.070 Loaded shared library C:\Program Files\Java\jdk-18.0.2.1\bin\net.dll
Event: 0.071 Loaded shared library C:\Program Files\Java\jdk-18.0.2.1\bin\nio.dll
Event: 0.076 Loaded shared library C:\Program Files\Java\jdk-18.0.2.1\bin\zip.dll
Event: 0.089 Thread 0x000002c6c2cebfd0 Thread added: 0x000002c6c2cebfd0
Event: 0.170 Thread 0x000002c6c2e9e1f0 Thread added: 0x000002c6c2e9e1f0
Event: 0.532 Loaded shared library C:\Program Files\Java\jdk-18.0.2.1\bin\sunmscapi.dll


Dynamic libraries:
0x00007ff611460000 - 0x00007ff611470000 	C:\Program Files\Java\jdk-18.0.2.1\bin\javaw.exe
0x00007ff8577b0000 - 0x00007ff8579a8000 	C:\WINDOWS\SYSTEM32\ntdll.dll
0x00007ff857010000 - 0x00007ff8570cd000 	C:\WINDOWS\System32\KERNEL32.DLL
0x00007ff855030000 - 0x00007ff855326000 	C:\WINDOWS\System32\KERNELBASE.dll
0x00007ff855540000 - 0x00007ff855640000 	C:\WINDOWS\System32\ucrtbase.dll
0x00007ff84deb0000 - 0x00007ff84dec8000 	C:\Program Files\Java\jdk-18.0.2.1\bin\jli.dll
0x00007ff8442f0000 - 0x00007ff84430a000 	C:\Program Files\Java\jdk-18.0.2.1\bin\VCRUNTIME140.dll
0x00007ff855b10000 - 0x00007ff855bbf000 	C:\WINDOWS\System32\ADVAPI32.dll
0x00007ff857200000 - 0x00007ff85729e000 	C:\WINDOWS\System32\msvcrt.dll
0x00007ff857670000 - 0x00007ff85770c000 	C:\WINDOWS\System32\sechost.dll
0x00007ff8570d0000 - 0x00007ff8571f6000 	C:\WINDOWS\System32\RPCRT4.dll
0x00007ff856ae0000 - 0x00007ff856c7e000 	C:\WINDOWS\System32\USER32.dll
0x00007ff8556c0000 - 0x00007ff8556e2000 	C:\WINDOWS\System32\win32u.dll
0x00007ff856c80000 - 0x00007ff856cac000 	C:\WINDOWS\System32\GDI32.dll
0x00007ff8556f0000 - 0x00007ff85580a000 	C:\WINDOWS\System32\gdi32full.dll
0x00007ff837a20000 - 0x00007ff837cba000 	C:\WINDOWS\WinSxS\amd64_microsoft.windows.common-controls_6595b64144ccf1df_6.0.19041.3636_none_60b6a03d71f818d5\COMCTL32.dll
0x00007ff854f90000 - 0x00007ff85502d000 	C:\WINDOWS\System32\msvcp_win.dll
0x00007ff84bac0000 - 0x00007ff84baca000 	C:\WINDOWS\SYSTEM32\VERSION.dll
0x00007ff856cb0000 - 0x00007ff856ce0000 	C:\WINDOWS\System32\IMM32.DLL
0x00007ff851f30000 - 0x00007ff851f3c000 	C:\Program Files\Java\jdk-18.0.2.1\bin\vcruntime140_1.dll
0x00007ff818160000 - 0x00007ff8181ed000 	C:\Program Files\Java\jdk-18.0.2.1\bin\msvcp140.dll
0x00007ff809400000 - 0x00007ff80a011000 	C:\Program Files\Java\jdk-18.0.2.1\bin\server\jvm.dll
0x00007ff856920000 - 0x00007ff856928000 	C:\WINDOWS\System32\PSAPI.DLL
0x00007ff83e960000 - 0x00007ff83e987000 	C:\WINDOWS\SYSTEM32\WINMM.dll
0x00007ff838040000 - 0x00007ff838049000 	C:\WINDOWS\SYSTEM32\WSOCK32.dll
0x00007ff856030000 - 0x00007ff85609b000 	C:\WINDOWS\System32\WS2_32.dll
0x00007ff853780000 - 0x00007ff853792000 	C:\WINDOWS\SYSTEM32\kernel.appcore.dll
0x00007ff8500b0000 - 0x00007ff8500ba000 	C:\Program Files\Java\jdk-18.0.2.1\bin\jimage.dll
0x00007ff853440000 - 0x00007ff853624000 	C:\WINDOWS\SYSTEM32\DBGHELP.DLL
0x00007ff840db0000 - 0x00007ff840de4000 	C:\WINDOWS\SYSTEM32\dbgcore.DLL
0x00007ff855810000 - 0x00007ff855892000 	C:\WINDOWS\System32\bcryptPrimitives.dll
0x00007ff8442c0000 - 0x00007ff8442e5000 	C:\Program Files\Java\jdk-18.0.2.1\bin\java.dll
0x00007ff817370000 - 0x00007ff817446000 	C:\Program Files\Java\jdk-18.0.2.1\bin\jsvml.dll
0x00007ff8560a0000 - 0x00007ff8567e5000 	C:\WINDOWS\System32\SHELL32.dll
0x00007ff852bd0000 - 0x00007ff85336b000 	C:\WINDOWS\SYSTEM32\windows.storage.dll
0x00007ff8572b0000 - 0x00007ff857604000 	C:\WINDOWS\System32\combase.dll
0x00007ff854960000 - 0x00007ff85498d000 	C:\WINDOWS\SYSTEM32\Wldp.dll
0x00007ff8567f0000 - 0x00007ff85689d000 	C:\WINDOWS\System32\SHCORE.dll
0x00007ff857610000 - 0x00007ff857665000 	C:\WINDOWS\System32\shlwapi.dll
0x00007ff854e50000 - 0x00007ff854e75000 	C:\WINDOWS\SYSTEM32\profapi.dll
0x00007ff84ff20000 - 0x00007ff84ff33000 	C:\Program Files\Java\jdk-18.0.2.1\bin\net.dll
0x00007ff84b020000 - 0x00007ff84b12a000 	C:\WINDOWS\SYSTEM32\WINHTTP.dll
0x00007ff854670000 - 0x00007ff8546da000 	C:\WINDOWS\system32\mswsock.dll
0x00007ff8313e0000 - 0x00007ff8313f6000 	C:\Program Files\Java\jdk-18.0.2.1\bin\nio.dll
0x00007ff8306f0000 - 0x00007ff830708000 	C:\Program Files\Java\jdk-18.0.2.1\bin\zip.dll
0x00007ff854370000 - 0x00007ff85443a000 	C:\WINDOWS\SYSTEM32\DNSAPI.dll
0x00007ff854320000 - 0x00007ff85435b000 	C:\WINDOWS\SYSTEM32\IPHLPAPI.DLL
0x00007ff857000000 - 0x00007ff857008000 	C:\WINDOWS\System32\NSI.dll
0x00007ff84bb80000 - 0x00007ff84bb8a000 	C:\Windows\System32\rasadhlp.dll
0x00007ff843700000 - 0x00007ff843780000 	C:\WINDOWS\System32\fwpuclnt.dll
0x00007ff855640000 - 0x00007ff855667000 	C:\WINDOWS\System32\bcrypt.dll
0x00007ff8548a0000 - 0x00007ff8548b8000 	C:\WINDOWS\SYSTEM32\CRYPTSP.dll
0x00007ff853f40000 - 0x00007ff853f74000 	C:\WINDOWS\system32\rsaenh.dll
0x00007ff854e10000 - 0x00007ff854e3e000 	C:\WINDOWS\SYSTEM32\USERENV.dll
0x00007ff854890000 - 0x00007ff85489c000 	C:\WINDOWS\SYSTEM32\CRYPTBASE.dll
0x00007ff848cb0000 - 0x00007ff848cc7000 	C:\WINDOWS\SYSTEM32\dhcpcsvc6.DLL
0x00007ff84abe0000 - 0x00007ff84abfd000 	C:\WINDOWS\SYSTEM32\dhcpcsvc.DLL
0x00007ff84e600000 - 0x00007ff84e60e000 	C:\Program Files\Java\jdk-18.0.2.1\bin\sunmscapi.dll
0x00007ff855330000 - 0x00007ff85548d000 	C:\WINDOWS\System32\CRYPT32.dll
0x00007ff8549d0000 - 0x00007ff8549f7000 	C:\WINDOWS\SYSTEM32\ncrypt.dll
0x00007ff854990000 - 0x00007ff8549cb000 	C:\WINDOWS\SYSTEM32\NTASN1.dll

dbghelp: loaded successfully - version: 4.0.5 - missing functions: none
symbol engine: initialized successfully - sym options: 0x614 - pdb path: .;C:\Program Files\Java\jdk-18.0.2.1\bin;C:\WINDOWS\SYSTEM32;C:\WINDOWS\WinSxS\amd64_microsoft.windows.common-controls_6595b64144ccf1df_6.0.19041.3636_none_60b6a03d71f818d5;C:\Program Files\Java\jdk-18.0.2.1\bin\server

VM Arguments:
jvm_args: -Dfile.encoding=UTF-8 -Dstdout.encoding=UTF-8 -Dstderr.encoding=UTF-8 -XX:+ShowCodeDetailsInExceptionMessages 
java_command: com.jdbchashmapassignments.Doctors_Keys_Patients_Value_HashMap
java_class_path (initial): D:\ThinkQuotient\eclipse-workspace\JDBC\bin;D:\mysql-connector-java-8.0.11.jar
Launcher Type: SUN_STANDARD

[Global flags]
     intx CICompilerCount                          = 3                                         {product} {ergonomic}
     uint ConcGCThreads                            = 1                                         {product} {ergonomic}
     uint G1ConcRefinementThreads                  = 4                                         {product} {ergonomic}
   size_t G1HeapRegionSize                         = 1048576                                   {product} {ergonomic}
    uintx GCDrainStackTargetSize                   = 64                                        {product} {ergonomic}
   size_t InitialHeapSize                          = 132120576                                 {product} {ergonomic}
   size_t MarkStackSize                            = 4194304                                   {product} {ergonomic}
   size_t MaxHeapSize                              = 2113929216                                {product} {ergonomic}
   size_t MaxNewSize                               = 1267728384                                {product} {ergonomic}
   size_t MinHeapDeltaBytes                        = 1048576                                   {product} {ergonomic}
   size_t MinHeapSize                              = 8388608                                   {product} {ergonomic}
    uintx NonNMethodCodeHeapSize                   = 5832780                                {pd product} {ergonomic}
    uintx NonProfiledCodeHeapSize                  = 122912730                              {pd product} {ergonomic}
    uintx ProfiledCodeHeapSize                     = 122912730                              {pd product} {ergonomic}
    uintx ReservedCodeCacheSize                    = 251658240                              {pd product} {ergonomic}
     bool SegmentedCodeCache                       = true                                      {product} {ergonomic}
     bool ShowCodeDetailsInExceptionMessages       = true                                   {manageable} {command line}
   size_t SoftMaxHeapSize                          = 2113929216                             {manageable} {ergonomic}
     bool UseCompressedClassPointers               = true                           {product lp64_product} {ergonomic}
     bool UseCompressedOops                        = true                           {product lp64_product} {ergonomic}
     bool UseG1GC                                  = true                                      {product} {ergonomic}
     bool UseLargePagesIndividualAllocation        = false                                  {pd product} {ergonomic}

Logging:
Log output configuration:
 #0: stdout all=warning uptime,level,tags foldmultilines=false
 #1: stderr all=off uptime,level,tags foldmultilines=false

Environment Variables:
JAVA_HOME=C:\Program Files\Java\jdk-18.0.2.1
PATH=C:/Program Files/Java/jdk-18.0.2.1/bin/server;C:/Program Files/Java/jdk-18.0.2.1/bin;C:\Program Files\Java\jdk-18.0.2.1\bin;C:\Program Files (x86)\Intel\iCLS Client\;C:\Program Files\Intel\iCLS Client\;C:\Windows\system32;C:\Windows;C:\Windows\System32\Wbem;C:\Windows\System32\WindowsPowerShell\v1.0\;C:\Program Files (x86)\Intel\Intel(R) Management Engine Components\DAL;C:\Program Files\Intel\Intel(R) Management Engine Components\DAL;C:\Program Files (x86)\Intel\Intel(R) Management Engine Components\IPT;C:\Program Files\Intel\Intel(R) Management Engine Components\IPT;C:\Program Files\Intel\WiFi\bin\;C:\Program Files\Common Files\Intel\WirelessCommon\;C:\Program Files (x86)\NVIDIA Corporation\PhysX\Common;C:\WINDOWS\system32;C:\WINDOWS;C:\WINDOWS\System32\Wbem;C:\WINDOWS\System32\WindowsPowerShell\v1.0\;C:\WINDOWS\System32\OpenSSH\;C:\Program Files\MySQL\MySQL Shell 8.0\bin\;C:\Users\aadar\AppData\Local\Microsoft\WindowsApps;;C:\Users\aadar\OneDrive\Desktop;
USERNAME=aadar
OS=Windows_NT
PROCESSOR_IDENTIFIER=Intel64 Family 6 Model 158 Stepping 9, GenuineIntel



---------------  S Y S T E M  ---------------

OS:
 Windows 10 , 64 bit Build 19041 (10.0.19041.3636)
OS uptime: 0 days 17:27 hours
Hyper-V role detected

CPU: total 4 (initial active 4) (4 cores per cpu, 1 threads per core) family 6 model 158 stepping 9 microcode 0xea, cx8, cmov, fxsr, mmx, 3dnowpref, sse, sse2, sse3, ssse3, sse4.1, sse4.2, popcnt, lzcnt, tsc, tscinvbit, avx, avx2, aes, erms, clmul, bmi1, bmi2, adx, fma, vzeroupper, clflush, clflushopt, hv

Memory: 4k page, system-wide physical 8058M (1691M free)
TotalPageFile size 11680M (AvailPageFile size 252M)
current process WorkingSet (physical memory assigned to process): 263M, peak: 264M
current process commit charge ("private bytes"): 354M, peak: 703M

vm_info: Java HotSpot(TM) 64-Bit Server VM (18.0.2.1+1-1) for windows-amd64 JRE (18.0.2.1+1-1), built on Aug 16 2022 01:46:33 by "mach5one" with MS VC++ 16.8 / 16.9 (VS2019)

END.
