#
# There is insufficient memory for the Java Runtime Environment to continue.
# Native memory allocation (malloc) failed to allocate 32744 bytes for Chunk::new
# Possible reasons:
#   The system is out of physical RAM or swap space
#   The process is running with CompressedOops enabled, and the Java Heap may be blocking the growth of the native heap
# Possible solutions:
#   Reduce memory load on the system
#   Increase physical memory or swap space
#   Check if swap backing store is full
#   Decrease Java heap size (-Xmx/-Xms)
#   Decrease number of Java threads
#   Decrease Java thread stack sizes (-Xss)
#   Set larger code cache with -XX:ReservedCodeCacheSize=
#   JVM is running with Unscaled Compressed Oops mode in which the Java heap is
#     placed in the first 4GB address space. The Java Heap base address is the
#     maximum limit for the native heap growth. Please use -XX:HeapBaseMinAddress
#     to set the Java Heap base and to place the Java Heap above 4GB virtual address.
# This output file may be truncated or incomplete.
#
#  Out of Memory Error (arena.cpp:184), pid=2240, tid=14020
#
# JRE version: Java(TM) SE Runtime Environment (18.0.2.1+1) (build 18.0.2.1+1-1)
# Java VM: Java HotSpot(TM) 64-Bit Server VM (18.0.2.1+1-1, mixed mode, tiered, compressed oops, compressed class ptrs, g1 gc, windows-amd64)
# No core dump will be written. Minidumps are not enabled by default on client versions of Windows
#

---------------  S U M M A R Y ------------

Command Line: -Dfile.encoding=UTF-8 -Dstdout.encoding=UTF-8 -Dstderr.encoding=UTF-8 -XX:+ShowCodeDetailsInExceptionMessages com.filehandling.ReadWriteContents

Host: Intel(R) Core(TM) i5-7300HQ CPU @ 2.50GHz, 4 cores, 7G,  Windows 10 , 64 bit Build 19041 (10.0.19041.3636)
Time: Wed Dec 27 15:15:55 2023 India Standard Time elapsed time: 0.195086 seconds (0d 0h 0m 0s)

---------------  T H R E A D  ---------------

Current thread (0x00000251b063d140):  JavaThread "C2 CompilerThread0" daemon [_thread_in_native, id=14020, stack(0x000000d57bd00000,0x000000d57be00000)]


Current CompileTask:
C2:    195  168   !   4       java.io.BufferedWriter::flushBuffer (53 bytes)

Stack: [0x000000d57bd00000,0x000000d57be00000]
Native frames: (J=compiled Java code, j=interpreted, Vv=VM code, C=native code)
V  [jvm.dll+0x6993aa]
V  [jvm.dll+0x7f46dd]
V  [jvm.dll+0x7f5fee]
V  [jvm.dll+0x7f66a3]
V  [jvm.dll+0x25cf1f]
V  [jvm.dll+0xb8c2f]
V  [jvm.dll+0xb8fa5]
V  [jvm.dll+0x1e8158]
V  [jvm.dll+0x1e546d]
V  [jvm.dll+0x1f2dbd]
V  [jvm.dll+0x1e52b1]
V  [jvm.dll+0x13a644]
V  [jvm.dll+0x2c52f6]
V  [jvm.dll+0x2c6fbe]
V  [jvm.dll+0x6b1688]
V  [jvm.dll+0x6a976b]
V  [jvm.dll+0x6a8da5]
V  [jvm.dll+0x6a6c5b]
V  [jvm.dll+0x1bd20c]
V  [jvm.dll+0x1bddd6]
V  [jvm.dll+0x2c7038]
V  [jvm.dll+0x6b1688]
V  [jvm.dll+0x6a976b]
V  [jvm.dll+0x6a8da5]
V  [jvm.dll+0x6a6c5b]
V  [jvm.dll+0x1bd20c]
V  [jvm.dll+0x1bddd6]
V  [jvm.dll+0x2c7038]
V  [jvm.dll+0x6b1688]
V  [jvm.dll+0x6a976b]
V  [jvm.dll+0x6a8da5]
V  [jvm.dll+0x6a6c5b]
V  [jvm.dll+0x1bd20c]
V  [jvm.dll+0x1bddd6]
V  [jvm.dll+0x2c7038]
V  [jvm.dll+0x6b1688]
V  [jvm.dll+0x6a976b]
V  [jvm.dll+0x6a8da5]
V  [jvm.dll+0x6a6c5b]
V  [jvm.dll+0x1bd20c]
V  [jvm.dll+0x1bddd6]
V  [jvm.dll+0x2c7038]
V  [jvm.dll+0x6b1688]
V  [jvm.dll+0x6a976b]
V  [jvm.dll+0x6a8da5]
V  [jvm.dll+0x6a6c5b]
V  [jvm.dll+0x1bd20c]
V  [jvm.dll+0x1bddd6]
V  [jvm.dll+0x1bddd6]
V  [jvm.dll+0x2c7038]
V  [jvm.dll+0x6b1688]
V  [jvm.dll+0x6a976b]
V  [jvm.dll+0x6a8da5]
V  [jvm.dll+0x6a6c5b]
V  [jvm.dll+0x1bd20c]
V  [jvm.dll+0x22f098]
V  [jvm.dll+0x1ba01c]
V  [jvm.dll+0x23ee0a]
V  [jvm.dll+0x23d0f5]
V  [jvm.dll+0x7a6dd1]
V  [jvm.dll+0x7a120a]
V  [jvm.dll+0x698255]
C  [ucrtbase.dll+0x21bb2]
C  [KERNEL32.DLL+0x17344]
C  [ntdll.dll+0x526b1]


---------------  P R O C E S S  ---------------

Threads class SMR info:
_java_thread_list=0x00000251b49626a0, length=12, elements={
0x0000025192d3f060, 0x00000251b0621160, 0x00000251b0622f60, 0x00000251b0639a00,
0x00000251b063a2b0, 0x00000251b063ab60, 0x00000251b063b410, 0x00000251b063d140,
0x00000251b0666810, 0x00000251b0667100, 0x00000251b49a7020, 0x00000251b49a7750
}

Java Threads: ( => current thread )
  0x0000025192d3f060 JavaThread "main" [_thread_in_native, id=15524, stack(0x000000d57b000000,0x000000d57b100000)]
  0x00000251b0621160 JavaThread "Reference Handler" daemon [_thread_blocked, id=15024, stack(0x000000d57b700000,0x000000d57b800000)]
  0x00000251b0622f60 JavaThread "Finalizer" daemon [_thread_blocked, id=10800, stack(0x000000d57b800000,0x000000d57b900000)]
  0x00000251b0639a00 JavaThread "Signal Dispatcher" daemon [_thread_blocked, id=15644, stack(0x000000d57b900000,0x000000d57ba00000)]
  0x00000251b063a2b0 JavaThread "Attach Listener" daemon [_thread_blocked, id=11884, stack(0x000000d57ba00000,0x000000d57bb00000)]
  0x00000251b063ab60 JavaThread "Service Thread" daemon [_thread_blocked, id=8040, stack(0x000000d57bb00000,0x000000d57bc00000)]
  0x00000251b063b410 JavaThread "Monitor Deflation Thread" daemon [_thread_blocked, id=16264, stack(0x000000d57bc00000,0x000000d57bd00000)]
=>0x00000251b063d140 JavaThread "C2 CompilerThread0" daemon [_thread_in_native, id=14020, stack(0x000000d57bd00000,0x000000d57be00000)]
  0x00000251b0666810 JavaThread "C1 CompilerThread0" daemon [_thread_blocked, id=1940, stack(0x000000d57be00000,0x000000d57bf00000)]
  0x00000251b0667100 JavaThread "Sweeper thread" daemon [_thread_blocked, id=15068, stack(0x000000d57bf00000,0x000000d57c000000)]
  0x00000251b49a7020 JavaThread "Notification Thread" daemon [_thread_blocked, id=10244, stack(0x000000d57c000000,0x000000d57c100000)]
  0x00000251b49a7750 JavaThread "Common-Cleaner" daemon [_thread_blocked, id=12872, stack(0x000000d57c200000,0x000000d57c300000)]

Other Threads:
  0x00000251b05c6670 VMThread "VM Thread" [stack: 0x000000d57b600000,0x000000d57b700000] [id=10612]
  0x00000251b49a74e0 WatcherThread "VM Periodic Task Thread" [stack: 0x000000d57c100000,0x000000d57c200000] [id=13512]
  0x0000025192d9eb90 WorkerThread "GC Thread#0" [stack: 0x000000d57b100000,0x000000d57b200000] [id=2152]
  0x0000025192db0d80 ConcurrentGCThread "G1 Main Marker" [stack: 0x000000d57b200000,0x000000d57b300000] [id=4240]
  0x0000025192db1680 WorkerThread "G1 Conc#0" [stack: 0x000000d57b300000,0x000000d57b400000] [id=4456]
  0x0000025192df2c50 ConcurrentGCThread "G1 Refine#0" [stack: 0x000000d57b400000,0x000000d57b500000] [id=4344]
  0x0000025192df3470 ConcurrentGCThread "G1 Service" [stack: 0x000000d57b500000,0x000000d57b600000] [id=10264]

Threads with active compile tasks:
C2 CompilerThread0      253  168   !   4       java.io.BufferedWriter::flushBuffer (53 bytes)

VM state: not at safepoint (normal execution)

VM Mutex/Monitor currently owned by a thread: None

Heap address: 0x0000000082000000, size: 2016 MB, Compressed Oops mode: 32-bit

CDS archive(s) not mapped
Compressed class space mapped at: 0x0000000100000000-0x0000000140000000, reserved size: 1073741824
Narrow klass base: 0x0000000000000000, Narrow klass shift: 3, Narrow klass range: 0x140000000

GC Precious Log:
 CardTable entry size: 512
 Card Set container configuration: InlinePtr #cards 5 size 8 Array Of Cards #cards 12 size 40 Howl #buckets 4 coarsen threshold 1843 Howl Bitmap #cards 512 size 80 coarsen threshold 460 Card regions per heap region 1 cards per card region 2048
 CPUs: 4 total, 4 available
 Memory: 8058M
 Large Page Support: Disabled
 NUMA Support: Disabled
 Compressed Oops: Enabled (32-bit)
 Heap Region Size: 1M
 Heap Min Capacity: 8M
 Heap Initial Capacity: 126M
 Heap Max Capacity: 2016M
 Pre-touch: Disabled
 Parallel Workers: 4
 Concurrent Workers: 1
 Concurrent Refinement Workers: 4
 Periodic GC: Disabled

Heap:
 garbage-first heap   total 129024K, used 2048K [0x0000000082000000, 0x0000000100000000)
  region size 1024K, 3 young (3072K), 0 survivors (0K)
 Metaspace       used 3982K, committed 4160K, reserved 1114112K
  class space    used 312K, committed 384K, reserved 1048576K

Heap Regions: E=young(eden), S=young(survivor), O=old, HS=humongous(starts), HC=humongous(continues), CS=collection set, F=free, OA=open archive, CA=closed archive, TAMS=top-at-mark-start (previous, next)
|   0|0x0000000082000000, 0x0000000082000000, 0x0000000082100000|  0%| F|  |TAMS 0x0000000082000000, 0x0000000082000000| Untracked 
|   1|0x0000000082100000, 0x0000000082100000, 0x0000000082200000|  0%| F|  |TAMS 0x0000000082100000, 0x0000000082100000| Untracked 
|   2|0x0000000082200000, 0x0000000082200000, 0x0000000082300000|  0%| F|  |TAMS 0x0000000082200000, 0x0000000082200000| Untracked 
|   3|0x0000000082300000, 0x0000000082300000, 0x0000000082400000|  0%| F|  |TAMS 0x0000000082300000, 0x0000000082300000| Untracked 
|   4|0x0000000082400000, 0x0000000082400000, 0x0000000082500000|  0%| F|  |TAMS 0x0000000082400000, 0x0000000082400000| Untracked 
|   5|0x0000000082500000, 0x0000000082500000, 0x0000000082600000|  0%| F|  |TAMS 0x0000000082500000, 0x0000000082500000| Untracked 
|   6|0x0000000082600000, 0x0000000082600000, 0x0000000082700000|  0%| F|  |TAMS 0x0000000082600000, 0x0000000082600000| Untracked 
|   7|0x0000000082700000, 0x0000000082700000, 0x0000000082800000|  0%| F|  |TAMS 0x0000000082700000, 0x0000000082700000| Untracked 
|   8|0x0000000082800000, 0x0000000082800000, 0x0000000082900000|  0%| F|  |TAMS 0x0000000082800000, 0x0000000082800000| Untracked 
|   9|0x0000000082900000, 0x0000000082900000, 0x0000000082a00000|  0%| F|  |TAMS 0x0000000082900000, 0x0000000082900000| Untracked 
|  10|0x0000000082a00000, 0x0000000082a00000, 0x0000000082b00000|  0%| F|  |TAMS 0x0000000082a00000, 0x0000000082a00000| Untracked 
|  11|0x0000000082b00000, 0x0000000082b00000, 0x0000000082c00000|  0%| F|  |TAMS 0x0000000082b00000, 0x0000000082b00000| Untracked 
|  12|0x0000000082c00000, 0x0000000082c00000, 0x0000000082d00000|  0%| F|  |TAMS 0x0000000082c00000, 0x0000000082c00000| Untracked 
|  13|0x0000000082d00000, 0x0000000082d00000, 0x0000000082e00000|  0%| F|  |TAMS 0x0000000082d00000, 0x0000000082d00000| Untracked 
|  14|0x0000000082e00000, 0x0000000082e00000, 0x0000000082f00000|  0%| F|  |TAMS 0x0000000082e00000, 0x0000000082e00000| Untracked 
|  15|0x0000000082f00000, 0x0000000082f00000, 0x0000000083000000|  0%| F|  |TAMS 0x0000000082f00000, 0x0000000082f00000| Untracked 
|  16|0x0000000083000000, 0x0000000083000000, 0x0000000083100000|  0%| F|  |TAMS 0x0000000083000000, 0x0000000083000000| Untracked 
|  17|0x0000000083100000, 0x0000000083100000, 0x0000000083200000|  0%| F|  |TAMS 0x0000000083100000, 0x0000000083100000| Untracked 
|  18|0x0000000083200000, 0x0000000083200000, 0x0000000083300000|  0%| F|  |TAMS 0x0000000083200000, 0x0000000083200000| Untracked 
|  19|0x0000000083300000, 0x0000000083300000, 0x0000000083400000|  0%| F|  |TAMS 0x0000000083300000, 0x0000000083300000| Untracked 
|  20|0x0000000083400000, 0x0000000083400000, 0x0000000083500000|  0%| F|  |TAMS 0x0000000083400000, 0x0000000083400000| Untracked 
|  21|0x0000000083500000, 0x0000000083500000, 0x0000000083600000|  0%| F|  |TAMS 0x0000000083500000, 0x0000000083500000| Untracked 
|  22|0x0000000083600000, 0x0000000083600000, 0x0000000083700000|  0%| F|  |TAMS 0x0000000083600000, 0x0000000083600000| Untracked 
|  23|0x0000000083700000, 0x0000000083700000, 0x0000000083800000|  0%| F|  |TAMS 0x0000000083700000, 0x0000000083700000| Untracked 
|  24|0x0000000083800000, 0x0000000083800000, 0x0000000083900000|  0%| F|  |TAMS 0x0000000083800000, 0x0000000083800000| Untracked 
|  25|0x0000000083900000, 0x0000000083900000, 0x0000000083a00000|  0%| F|  |TAMS 0x0000000083900000, 0x0000000083900000| Untracked 
|  26|0x0000000083a00000, 0x0000000083a00000, 0x0000000083b00000|  0%| F|  |TAMS 0x0000000083a00000, 0x0000000083a00000| Untracked 
|  27|0x0000000083b00000, 0x0000000083b00000, 0x0000000083c00000|  0%| F|  |TAMS 0x0000000083b00000, 0x0000000083b00000| Untracked 
|  28|0x0000000083c00000, 0x0000000083c00000, 0x0000000083d00000|  0%| F|  |TAMS 0x0000000083c00000, 0x0000000083c00000| Untracked 
|  29|0x0000000083d00000, 0x0000000083d00000, 0x0000000083e00000|  0%| F|  |TAMS 0x0000000083d00000, 0x0000000083d00000| Untracked 
|  30|0x0000000083e00000, 0x0000000083e00000, 0x0000000083f00000|  0%| F|  |TAMS 0x0000000083e00000, 0x0000000083e00000| Untracked 
|  31|0x0000000083f00000, 0x0000000083f00000, 0x0000000084000000|  0%| F|  |TAMS 0x0000000083f00000, 0x0000000083f00000| Untracked 
|  32|0x0000000084000000, 0x0000000084000000, 0x0000000084100000|  0%| F|  |TAMS 0x0000000084000000, 0x0000000084000000| Untracked 
|  33|0x0000000084100000, 0x0000000084100000, 0x0000000084200000|  0%| F|  |TAMS 0x0000000084100000, 0x0000000084100000| Untracked 
|  34|0x0000000084200000, 0x0000000084200000, 0x0000000084300000|  0%| F|  |TAMS 0x0000000084200000, 0x0000000084200000| Untracked 
|  35|0x0000000084300000, 0x0000000084300000, 0x0000000084400000|  0%| F|  |TAMS 0x0000000084300000, 0x0000000084300000| Untracked 
|  36|0x0000000084400000, 0x0000000084400000, 0x0000000084500000|  0%| F|  |TAMS 0x0000000084400000, 0x0000000084400000| Untracked 
|  37|0x0000000084500000, 0x0000000084500000, 0x0000000084600000|  0%| F|  |TAMS 0x0000000084500000, 0x0000000084500000| Untracked 
|  38|0x0000000084600000, 0x0000000084600000, 0x0000000084700000|  0%| F|  |TAMS 0x0000000084600000, 0x0000000084600000| Untracked 
|  39|0x0000000084700000, 0x0000000084700000, 0x0000000084800000|  0%| F|  |TAMS 0x0000000084700000, 0x0000000084700000| Untracked 
|  40|0x0000000084800000, 0x0000000084800000, 0x0000000084900000|  0%| F|  |TAMS 0x0000000084800000, 0x0000000084800000| Untracked 
|  41|0x0000000084900000, 0x0000000084900000, 0x0000000084a00000|  0%| F|  |TAMS 0x0000000084900000, 0x0000000084900000| Untracked 
|  42|0x0000000084a00000, 0x0000000084a00000, 0x0000000084b00000|  0%| F|  |TAMS 0x0000000084a00000, 0x0000000084a00000| Untracked 
|  43|0x0000000084b00000, 0x0000000084b00000, 0x0000000084c00000|  0%| F|  |TAMS 0x0000000084b00000, 0x0000000084b00000| Untracked 
|  44|0x0000000084c00000, 0x0000000084c00000, 0x0000000084d00000|  0%| F|  |TAMS 0x0000000084c00000, 0x0000000084c00000| Untracked 
|  45|0x0000000084d00000, 0x0000000084d00000, 0x0000000084e00000|  0%| F|  |TAMS 0x0000000084d00000, 0x0000000084d00000| Untracked 
|  46|0x0000000084e00000, 0x0000000084e00000, 0x0000000084f00000|  0%| F|  |TAMS 0x0000000084e00000, 0x0000000084e00000| Untracked 
|  47|0x0000000084f00000, 0x0000000084f00000, 0x0000000085000000|  0%| F|  |TAMS 0x0000000084f00000, 0x0000000084f00000| Untracked 
|  48|0x0000000085000000, 0x0000000085000000, 0x0000000085100000|  0%| F|  |TAMS 0x0000000085000000, 0x0000000085000000| Untracked 
|  49|0x0000000085100000, 0x0000000085100000, 0x0000000085200000|  0%| F|  |TAMS 0x0000000085100000, 0x0000000085100000| Untracked 
|  50|0x0000000085200000, 0x0000000085200000, 0x0000000085300000|  0%| F|  |TAMS 0x0000000085200000, 0x0000000085200000| Untracked 
|  51|0x0000000085300000, 0x0000000085300000, 0x0000000085400000|  0%| F|  |TAMS 0x0000000085300000, 0x0000000085300000| Untracked 
|  52|0x0000000085400000, 0x0000000085400000, 0x0000000085500000|  0%| F|  |TAMS 0x0000000085400000, 0x0000000085400000| Untracked 
|  53|0x0000000085500000, 0x0000000085500000, 0x0000000085600000|  0%| F|  |TAMS 0x0000000085500000, 0x0000000085500000| Untracked 
|  54|0x0000000085600000, 0x0000000085600000, 0x0000000085700000|  0%| F|  |TAMS 0x0000000085600000, 0x0000000085600000| Untracked 
|  55|0x0000000085700000, 0x0000000085700000, 0x0000000085800000|  0%| F|  |TAMS 0x0000000085700000, 0x0000000085700000| Untracked 
|  56|0x0000000085800000, 0x0000000085800000, 0x0000000085900000|  0%| F|  |TAMS 0x0000000085800000, 0x0000000085800000| Untracked 
|  57|0x0000000085900000, 0x0000000085900000, 0x0000000085a00000|  0%| F|  |TAMS 0x0000000085900000, 0x0000000085900000| Untracked 
|  58|0x0000000085a00000, 0x0000000085a00000, 0x0000000085b00000|  0%| F|  |TAMS 0x0000000085a00000, 0x0000000085a00000| Untracked 
|  59|0x0000000085b00000, 0x0000000085b00000, 0x0000000085c00000|  0%| F|  |TAMS 0x0000000085b00000, 0x0000000085b00000| Untracked 
|  60|0x0000000085c00000, 0x0000000085c00000, 0x0000000085d00000|  0%| F|  |TAMS 0x0000000085c00000, 0x0000000085c00000| Untracked 
|  61|0x0000000085d00000, 0x0000000085d00000, 0x0000000085e00000|  0%| F|  |TAMS 0x0000000085d00000, 0x0000000085d00000| Untracked 
|  62|0x0000000085e00000, 0x0000000085e00000, 0x0000000085f00000|  0%| F|  |TAMS 0x0000000085e00000, 0x0000000085e00000| Untracked 
|  63|0x0000000085f00000, 0x0000000085f00000, 0x0000000086000000|  0%| F|  |TAMS 0x0000000085f00000, 0x0000000085f00000| Untracked 
|  64|0x0000000086000000, 0x0000000086000000, 0x0000000086100000|  0%| F|  |TAMS 0x0000000086000000, 0x0000000086000000| Untracked 
|  65|0x0000000086100000, 0x0000000086100000, 0x0000000086200000|  0%| F|  |TAMS 0x0000000086100000, 0x0000000086100000| Untracked 
|  66|0x0000000086200000, 0x0000000086200000, 0x0000000086300000|  0%| F|  |TAMS 0x0000000086200000, 0x0000000086200000| Untracked 
|  67|0x0000000086300000, 0x0000000086300000, 0x0000000086400000|  0%| F|  |TAMS 0x0000000086300000, 0x0000000086300000| Untracked 
|  68|0x0000000086400000, 0x0000000086400000, 0x0000000086500000|  0%| F|  |TAMS 0x0000000086400000, 0x0000000086400000| Untracked 
|  69|0x0000000086500000, 0x0000000086500000, 0x0000000086600000|  0%| F|  |TAMS 0x0000000086500000, 0x0000000086500000| Untracked 
|  70|0x0000000086600000, 0x0000000086600000, 0x0000000086700000|  0%| F|  |TAMS 0x0000000086600000, 0x0000000086600000| Untracked 
|  71|0x0000000086700000, 0x0000000086700000, 0x0000000086800000|  0%| F|  |TAMS 0x0000000086700000, 0x0000000086700000| Untracked 
|  72|0x0000000086800000, 0x0000000086800000, 0x0000000086900000|  0%| F|  |TAMS 0x0000000086800000, 0x0000000086800000| Untracked 
|  73|0x0000000086900000, 0x0000000086900000, 0x0000000086a00000|  0%| F|  |TAMS 0x0000000086900000, 0x0000000086900000| Untracked 
|  74|0x0000000086a00000, 0x0000000086a00000, 0x0000000086b00000|  0%| F|  |TAMS 0x0000000086a00000, 0x0000000086a00000| Untracked 
|  75|0x0000000086b00000, 0x0000000086b00000, 0x0000000086c00000|  0%| F|  |TAMS 0x0000000086b00000, 0x0000000086b00000| Untracked 
|  76|0x0000000086c00000, 0x0000000086c00000, 0x0000000086d00000|  0%| F|  |TAMS 0x0000000086c00000, 0x0000000086c00000| Untracked 
|  77|0x0000000086d00000, 0x0000000086d00000, 0x0000000086e00000|  0%| F|  |TAMS 0x0000000086d00000, 0x0000000086d00000| Untracked 
|  78|0x0000000086e00000, 0x0000000086e00000, 0x0000000086f00000|  0%| F|  |TAMS 0x0000000086e00000, 0x0000000086e00000| Untracked 
|  79|0x0000000086f00000, 0x0000000086f00000, 0x0000000087000000|  0%| F|  |TAMS 0x0000000086f00000, 0x0000000086f00000| Untracked 
|  80|0x0000000087000000, 0x0000000087000000, 0x0000000087100000|  0%| F|  |TAMS 0x0000000087000000, 0x0000000087000000| Untracked 
|  81|0x0000000087100000, 0x0000000087100000, 0x0000000087200000|  0%| F|  |TAMS 0x0000000087100000, 0x0000000087100000| Untracked 
|  82|0x0000000087200000, 0x0000000087200000, 0x0000000087300000|  0%| F|  |TAMS 0x0000000087200000, 0x0000000087200000| Untracked 
|  83|0x0000000087300000, 0x0000000087300000, 0x0000000087400000|  0%| F|  |TAMS 0x0000000087300000, 0x0000000087300000| Untracked 
|  84|0x0000000087400000, 0x0000000087400000, 0x0000000087500000|  0%| F|  |TAMS 0x0000000087400000, 0x0000000087400000| Untracked 
|  85|0x0000000087500000, 0x0000000087500000, 0x0000000087600000|  0%| F|  |TAMS 0x0000000087500000, 0x0000000087500000| Untracked 
|  86|0x0000000087600000, 0x0000000087600000, 0x0000000087700000|  0%| F|  |TAMS 0x0000000087600000, 0x0000000087600000| Untracked 
|  87|0x0000000087700000, 0x0000000087700000, 0x0000000087800000|  0%| F|  |TAMS 0x0000000087700000, 0x0000000087700000| Untracked 
|  88|0x0000000087800000, 0x0000000087800000, 0x0000000087900000|  0%| F|  |TAMS 0x0000000087800000, 0x0000000087800000| Untracked 
|  89|0x0000000087900000, 0x0000000087900000, 0x0000000087a00000|  0%| F|  |TAMS 0x0000000087900000, 0x0000000087900000| Untracked 
|  90|0x0000000087a00000, 0x0000000087a00000, 0x0000000087b00000|  0%| F|  |TAMS 0x0000000087a00000, 0x0000000087a00000| Untracked 
|  91|0x0000000087b00000, 0x0000000087b00000, 0x0000000087c00000|  0%| F|  |TAMS 0x0000000087b00000, 0x0000000087b00000| Untracked 
|  92|0x0000000087c00000, 0x0000000087c00000, 0x0000000087d00000|  0%| F|  |TAMS 0x0000000087c00000, 0x0000000087c00000| Untracked 
|  93|0x0000000087d00000, 0x0000000087d00000, 0x0000000087e00000|  0%| F|  |TAMS 0x0000000087d00000, 0x0000000087d00000| Untracked 
|  94|0x0000000087e00000, 0x0000000087e00000, 0x0000000087f00000|  0%| F|  |TAMS 0x0000000087e00000, 0x0000000087e00000| Untracked 
|  95|0x0000000087f00000, 0x0000000087f00000, 0x0000000088000000|  0%| F|  |TAMS 0x0000000087f00000, 0x0000000087f00000| Untracked 
|  96|0x0000000088000000, 0x0000000088000000, 0x0000000088100000|  0%| F|  |TAMS 0x0000000088000000, 0x0000000088000000| Untracked 
|  97|0x0000000088100000, 0x0000000088100000, 0x0000000088200000|  0%| F|  |TAMS 0x0000000088100000, 0x0000000088100000| Untracked 
|  98|0x0000000088200000, 0x0000000088200000, 0x0000000088300000|  0%| F|  |TAMS 0x0000000088200000, 0x0000000088200000| Untracked 
|  99|0x0000000088300000, 0x0000000088300000, 0x0000000088400000|  0%| F|  |TAMS 0x0000000088300000, 0x0000000088300000| Untracked 
| 100|0x0000000088400000, 0x0000000088400000, 0x0000000088500000|  0%| F|  |TAMS 0x0000000088400000, 0x0000000088400000| Untracked 
| 101|0x0000000088500000, 0x0000000088500000, 0x0000000088600000|  0%| F|  |TAMS 0x0000000088500000, 0x0000000088500000| Untracked 
| 102|0x0000000088600000, 0x0000000088600000, 0x0000000088700000|  0%| F|  |TAMS 0x0000000088600000, 0x0000000088600000| Untracked 
| 103|0x0000000088700000, 0x0000000088700000, 0x0000000088800000|  0%| F|  |TAMS 0x0000000088700000, 0x0000000088700000| Untracked 
| 104|0x0000000088800000, 0x0000000088800000, 0x0000000088900000|  0%| F|  |TAMS 0x0000000088800000, 0x0000000088800000| Untracked 
| 105|0x0000000088900000, 0x0000000088900000, 0x0000000088a00000|  0%| F|  |TAMS 0x0000000088900000, 0x0000000088900000| Untracked 
| 106|0x0000000088a00000, 0x0000000088a00000, 0x0000000088b00000|  0%| F|  |TAMS 0x0000000088a00000, 0x0000000088a00000| Untracked 
| 107|0x0000000088b00000, 0x0000000088b00000, 0x0000000088c00000|  0%| F|  |TAMS 0x0000000088b00000, 0x0000000088b00000| Untracked 
| 108|0x0000000088c00000, 0x0000000088c00000, 0x0000000088d00000|  0%| F|  |TAMS 0x0000000088c00000, 0x0000000088c00000| Untracked 
| 109|0x0000000088d00000, 0x0000000088d00000, 0x0000000088e00000|  0%| F|  |TAMS 0x0000000088d00000, 0x0000000088d00000| Untracked 
| 110|0x0000000088e00000, 0x0000000088e00000, 0x0000000088f00000|  0%| F|  |TAMS 0x0000000088e00000, 0x0000000088e00000| Untracked 
| 111|0x0000000088f00000, 0x0000000088f00000, 0x0000000089000000|  0%| F|  |TAMS 0x0000000088f00000, 0x0000000088f00000| Untracked 
| 112|0x0000000089000000, 0x0000000089000000, 0x0000000089100000|  0%| F|  |TAMS 0x0000000089000000, 0x0000000089000000| Untracked 
| 113|0x0000000089100000, 0x0000000089100000, 0x0000000089200000|  0%| F|  |TAMS 0x0000000089100000, 0x0000000089100000| Untracked 
| 114|0x0000000089200000, 0x0000000089200000, 0x0000000089300000|  0%| F|  |TAMS 0x0000000089200000, 0x0000000089200000| Untracked 
| 115|0x0000000089300000, 0x0000000089300000, 0x0000000089400000|  0%| F|  |TAMS 0x0000000089300000, 0x0000000089300000| Untracked 
| 116|0x0000000089400000, 0x0000000089400000, 0x0000000089500000|  0%| F|  |TAMS 0x0000000089400000, 0x0000000089400000| Untracked 
| 117|0x0000000089500000, 0x0000000089500000, 0x0000000089600000|  0%| F|  |TAMS 0x0000000089500000, 0x0000000089500000| Untracked 
| 118|0x0000000089600000, 0x0000000089600000, 0x0000000089700000|  0%| F|  |TAMS 0x0000000089600000, 0x0000000089600000| Untracked 
| 119|0x0000000089700000, 0x0000000089700000, 0x0000000089800000|  0%| F|  |TAMS 0x0000000089700000, 0x0000000089700000| Untracked 
| 120|0x0000000089800000, 0x0000000089800000, 0x0000000089900000|  0%| F|  |TAMS 0x0000000089800000, 0x0000000089800000| Untracked 
| 121|0x0000000089900000, 0x0000000089900000, 0x0000000089a00000|  0%| F|  |TAMS 0x0000000089900000, 0x0000000089900000| Untracked 
| 122|0x0000000089a00000, 0x0000000089a00000, 0x0000000089b00000|  0%| F|  |TAMS 0x0000000089a00000, 0x0000000089a00000| Untracked 
| 123|0x0000000089b00000, 0x0000000089b43128, 0x0000000089c00000| 26%| E|  |TAMS 0x0000000089b00000, 0x0000000089b00000| Complete 
| 124|0x0000000089c00000, 0x0000000089d00000, 0x0000000089d00000|100%| E|CS|TAMS 0x0000000089c00000, 0x0000000089c00000| Complete 
| 125|0x0000000089d00000, 0x0000000089e00000, 0x0000000089e00000|100%| E|CS|TAMS 0x0000000089d00000, 0x0000000089d00000| Complete 

Card table byte_map: [0x00000251a9a70000,0x00000251a9e60000] _byte_map_base: 0x00000251a9660000

Marking Bits (Prev, Next): (CMBitMap*) 0x0000025192da00b0, (CMBitMap*) 0x0000025192da00f0
 Prev Bits: [0x00000251aa250000, 0x00000251ac1d0000)
 Next Bits: [0x00000251ac1d0000, 0x00000251ae150000)

Polling page: 0x0000025190c80000

Metaspace:

Usage:
  Non-class:      3.58 MB used.
      Class:    312.09 KB used.
       Both:      3.89 MB used.

Virtual space:
  Non-class space:       64.00 MB reserved,       3.69 MB (  6%) committed,  1 nodes.
      Class space:        1.00 GB reserved,     384.00 KB ( <1%) committed,  1 nodes.
             Both:        1.06 GB reserved,       4.06 MB ( <1%) committed. 

Chunk freelists:
   Non-Class:  4.00 MB
       Class:  3.62 MB
        Both:  7.62 MB

MaxMetaspaceSize: unlimited
CompressedClassSpaceSize: 1.00 GB
Initial GC threshold: 21.00 MB
Current GC threshold: 21.00 MB
CDS: off
MetaspaceReclaimPolicy: balanced
 - commit_granule_bytes: 65536.
 - commit_granule_words: 8192.
 - virtual_space_node_default_size: 8388608.
 - enlarge_chunks_in_place: 1.
 - new_chunks_are_fully_committed: 0.
 - uncommit_free_chunks: 1.
 - use_allocation_guard: 0.


Internal statistics:

num_allocs_failed_limit: 0.
num_arena_births: 4.
num_arena_deaths: 0.
num_vsnodes_births: 2.
num_vsnodes_deaths: 0.
num_space_committed: 65.
num_space_uncommitted: 0.
num_chunks_returned_to_freelist: 0.
num_chunks_taken_from_freelist: 6.
num_chunk_merges: 0.
num_chunk_splits: 2.
num_chunks_enlarged: 0.
num_inconsistent_stats: 0.

CodeHeap 'non-profiled nmethods': size=120000Kb used=35Kb max_used=35Kb free=119964Kb
 bounds [0x00000251a2150000, 0x00000251a23c0000, 0x00000251a9680000]
CodeHeap 'profiled nmethods': size=120000Kb used=235Kb max_used=235Kb free=119764Kb
 bounds [0x000002519ac20000, 0x000002519ae90000, 0x00000251a2150000]
CodeHeap 'non-nmethods': size=5760Kb used=1046Kb max_used=1063Kb free=4714Kb
 bounds [0x000002519a680000, 0x000002519a8f0000, 0x000002519ac20000]
 total_blobs=457 nmethods=167 adapters=203
 compilation: enabled
              stopped_count=0, restarted_count=0
 full_count=0

Compilation events (20 events):
Event: 0.152 Thread 0x00000251b063d140 nmethod 158 0x00000251a2154f90 code [0x00000251a2155100, 0x00000251a21551d8]
Event: 0.158 Thread 0x00000251b063d140  159       4       sun.nio.cs.SingleByte$Encoder::encodeArrayLoop (280 bytes)
Event: 0.164 Thread 0x00000251b063d140 nmethod 159 0x00000251a2155310 code [0x00000251a21554c0, 0x00000251a2155c38]
Event: 0.164 Thread 0x00000251b063d140  160       4       java.lang.StringCoding::implEncodeAsciiArray (47 bytes)
Event: 0.165 Thread 0x00000251b063d140 nmethod 160 0x00000251a2156310 code [0x00000251a2156480, 0x00000251a2156558]
Event: 0.165 Thread 0x00000251b063d140  161       4       java.lang.System$2::encodeASCII (11 bytes)
Event: 0.165 Thread 0x00000251b063d140 nmethod 161 0x00000251a2156690 code [0x00000251a2156800, 0x00000251a2156978]
Event: 0.178 Thread 0x00000251b063d140  162       4       java.lang.StringUTF16::indexOf (43 bytes)
Event: 0.179 Thread 0x00000251b063d140 nmethod 162 0x00000251a2156a10 code [0x00000251a2156b80, 0x00000251a2156d58]
Event: 0.179 Thread 0x00000251b063d140  163       4       java.io.FileInputStream::read (8 bytes)
Event: 0.180 Thread 0x00000251b063d140 nmethod 163 0x00000251a2156e90 code [0x00000251a2157020, 0x00000251a21570c8]
Event: 0.180 Thread 0x00000251b063d140  164       4       java.io.BufferedInputStream::fill (203 bytes)
Event: 0.181 Thread 0x00000251b063d140 nmethod 164 0x00000251a2157190 code [0x00000251a2157320, 0x00000251a2157468]
Event: 0.181 Thread 0x00000251b063d140  165   !   4       java.io.BufferedWriter::write (117 bytes)
Event: 0.185 Thread 0x00000251b063d140 nmethod 165 0x00000251a2157610 code [0x00000251a21577a0, 0x00000251a2157e18]
Event: 0.185 Thread 0x00000251b063d140  166       4       java.nio.HeapCharBuffer::<init> (23 bytes)
Event: 0.188 Thread 0x00000251b063d140 nmethod 166 0x00000251a2158390 code [0x00000251a2158520, 0x00000251a2158918]
Event: 0.188 Thread 0x00000251b063d140  167       4       java.io.FileOutputStream::write (20 bytes)
Event: 0.188 Thread 0x00000251b063d140 nmethod 167 0x00000251a2158c10 code [0x00000251a2158da0, 0x00000251a2158e48]
Event: 0.190 Thread 0x00000251b063d140  168   !   4       java.io.BufferedWriter::flushBuffer (53 bytes)

GC Heap History (0 events):
No events

Deoptimization events (0 events):
No events

Classes loaded (20 events):
Event: 0.117 Loading class java/io/IOException
Event: 0.117 Loading class java/io/IOException done
Event: 0.117 Loading class java/lang/PublicMethods$MethodList
Event: 0.117 Loading class java/lang/PublicMethods$MethodList done
Event: 0.118 Loading class java/lang/PublicMethods$Key
Event: 0.118 Loading class java/lang/PublicMethods$Key done
Event: 0.118 Loading class java/lang/Void
Event: 0.118 Loading class java/lang/Void done
Event: 0.118 Loading class java/util/concurrent/ConcurrentHashMap$ForwardingNode
Event: 0.118 Loading class java/util/concurrent/ConcurrentHashMap$ForwardingNode done
Event: 0.118 Loading class java/nio/CharBuffer
Event: 0.119 Loading class java/lang/Readable
Event: 0.119 Loading class java/lang/Readable done
Event: 0.119 Loading class java/nio/CharBuffer done
Event: 0.119 Loading class java/nio/HeapCharBuffer
Event: 0.119 Loading class java/nio/HeapCharBuffer done
Event: 0.120 Loading class java/nio/charset/CoderResult
Event: 0.120 Loading class java/nio/charset/CoderResult done
Event: 0.181 Loading class jdk/internal/access/foreign/MemorySegmentProxy
Event: 0.181 Loading class jdk/internal/access/foreign/MemorySegmentProxy done

Classes unloaded (0 events):
No events

Classes redefined (0 events):
No events

Internal exceptions (0 events):
No events

VM Operations (0 events):
No events

Events (14 events):
Event: 0.008 Loaded shared library C:\Program Files\Java\jdk-18.0.2.1\bin\java.dll
Event: 0.033 Loaded shared library C:\Program Files\Java\jdk-18.0.2.1\bin\jsvml.dll
Event: 0.034 Thread 0x0000025192d3f060 Thread added: 0x0000025192d3f060
Event: 0.040 Thread 0x00000251b0621160 Thread added: 0x00000251b0621160
Event: 0.040 Thread 0x00000251b0622f60 Thread added: 0x00000251b0622f60
Event: 0.066 Thread 0x00000251b0639a00 Thread added: 0x00000251b0639a00
Event: 0.066 Thread 0x00000251b063a2b0 Thread added: 0x00000251b063a2b0
Event: 0.066 Thread 0x00000251b063ab60 Thread added: 0x00000251b063ab60
Event: 0.066 Thread 0x00000251b063b410 Thread added: 0x00000251b063b410
Event: 0.066 Thread 0x00000251b063d140 Thread added: 0x00000251b063d140
Event: 0.066 Thread 0x00000251b0666810 Thread added: 0x00000251b0666810
Event: 0.066 Thread 0x00000251b0667100 Thread added: 0x00000251b0667100
Event: 0.104 Thread 0x00000251b49a7020 Thread added: 0x00000251b49a7020
Event: 0.114 Thread 0x00000251b49a7750 Thread added: 0x00000251b49a7750


Dynamic libraries:
0x00007ff679800000 - 0x00007ff679810000 	C:\Program Files\Java\jdk-18.0.2.1\bin\javaw.exe
0x00007ffbb7c50000 - 0x00007ffbb7e48000 	C:\WINDOWS\SYSTEM32\ntdll.dll
0x00007ffbb6180000 - 0x00007ffbb623d000 	C:\WINDOWS\System32\KERNEL32.DLL
0x00007ffbb5800000 - 0x00007ffbb5af6000 	C:\WINDOWS\System32\KERNELBASE.dll
0x00007ffbb5500000 - 0x00007ffbb5600000 	C:\WINDOWS\System32\ucrtbase.dll
0x00007ffbb2250000 - 0x00007ffbb2268000 	C:\Program Files\Java\jdk-18.0.2.1\bin\jli.dll
0x00007ffbb60d0000 - 0x00007ffbb617f000 	C:\WINDOWS\System32\ADVAPI32.dll
0x00007ffbb6ba0000 - 0x00007ffbb6c3e000 	C:\WINDOWS\System32\msvcrt.dll
0x00007ffbb6d70000 - 0x00007ffbb6e0c000 	C:\WINDOWS\System32\sechost.dll
0x00007ffbb73a0000 - 0x00007ffbb74c6000 	C:\WINDOWS\System32\RPCRT4.dll
0x00007ffbb5da0000 - 0x00007ffbb5f3e000 	C:\WINDOWS\System32\USER32.dll
0x00007ffbb5c20000 - 0x00007ffbb5c42000 	C:\WINDOWS\System32\win32u.dll
0x00007ffbb7240000 - 0x00007ffbb726c000 	C:\WINDOWS\System32\GDI32.dll
0x00007ffbb5c50000 - 0x00007ffbb5d6a000 	C:\WINDOWS\System32\gdi32full.dll
0x00007ffbb2230000 - 0x00007ffbb224a000 	C:\Program Files\Java\jdk-18.0.2.1\bin\VCRUNTIME140.dll
0x00007ffbb5600000 - 0x00007ffbb569d000 	C:\WINDOWS\System32\msvcp_win.dll
0x00007ffb96890000 - 0x00007ffb96b2a000 	C:\WINDOWS\WinSxS\amd64_microsoft.windows.common-controls_6595b64144ccf1df_6.0.19041.3636_none_60b6a03d71f818d5\COMCTL32.dll
0x00007ffbabe20000 - 0x00007ffbabe2a000 	C:\WINDOWS\SYSTEM32\VERSION.dll
0x00007ffbb7270000 - 0x00007ffbb72a0000 	C:\WINDOWS\System32\IMM32.DLL
0x00007ffbb05e0000 - 0x00007ffbb05ec000 	C:\Program Files\Java\jdk-18.0.2.1\bin\vcruntime140_1.dll
0x00007ffb98ae0000 - 0x00007ffb98b6d000 	C:\Program Files\Java\jdk-18.0.2.1\bin\msvcp140.dll
0x00007ffb63170000 - 0x00007ffb63d81000 	C:\Program Files\Java\jdk-18.0.2.1\bin\server\jvm.dll
0x00007ffbb76e0000 - 0x00007ffbb76e8000 	C:\WINDOWS\System32\PSAPI.DLL
0x00007ffb963c0000 - 0x00007ffb963c9000 	C:\WINDOWS\SYSTEM32\WSOCK32.dll
0x00007ffba2560000 - 0x00007ffba2587000 	C:\WINDOWS\SYSTEM32\WINMM.dll
0x00007ffbb62c0000 - 0x00007ffbb632b000 	C:\WINDOWS\System32\WS2_32.dll
0x00007ffbb3c80000 - 0x00007ffbb3c92000 	C:\WINDOWS\SYSTEM32\kernel.appcore.dll
0x00007ffbaeb00000 - 0x00007ffbaeb0a000 	C:\Program Files\Java\jdk-18.0.2.1\bin\jimage.dll
0x00007ffbb3190000 - 0x00007ffbb3374000 	C:\WINDOWS\SYSTEM32\DBGHELP.DLL
0x00007ffba1130000 - 0x00007ffba1164000 	C:\WINDOWS\SYSTEM32\dbgcore.DLL
0x00007ffbb5420000 - 0x00007ffbb54a2000 	C:\WINDOWS\System32\bcryptPrimitives.dll
0x00007ffbad1f0000 - 0x00007ffbad215000 	C:\Program Files\Java\jdk-18.0.2.1\bin\java.dll
0x00007ffb863a0000 - 0x00007ffb86476000 	C:\Program Files\Java\jdk-18.0.2.1\bin\jsvml.dll
0x00007ffbb6330000 - 0x00007ffbb6a75000 	C:\WINDOWS\System32\SHELL32.dll
0x00007ffbb3380000 - 0x00007ffbb3b1b000 	C:\WINDOWS\SYSTEM32\windows.storage.dll
0x00007ffbb6ee0000 - 0x00007ffbb7234000 	C:\WINDOWS\System32\combase.dll
0x00007ffbb4e60000 - 0x00007ffbb4e8d000 	C:\WINDOWS\SYSTEM32\Wldp.dll
0x00007ffbb6cc0000 - 0x00007ffbb6d6d000 	C:\WINDOWS\System32\SHCORE.dll
0x00007ffbb6240000 - 0x00007ffbb6295000 	C:\WINDOWS\System32\shlwapi.dll
0x00007ffbb5350000 - 0x00007ffbb5375000 	C:\WINDOWS\SYSTEM32\profapi.dll

dbghelp: loaded successfully - version: 4.0.5 - missing functions: none
symbol engine: initialized successfully - sym options: 0x614 - pdb path: .;C:\Program Files\Java\jdk-18.0.2.1\bin;C:\WINDOWS\SYSTEM32;C:\WINDOWS\WinSxS\amd64_microsoft.windows.common-controls_6595b64144ccf1df_6.0.19041.3636_none_60b6a03d71f818d5;C:\Program Files\Java\jdk-18.0.2.1\bin\server

VM Arguments:
jvm_args: -Dfile.encoding=UTF-8 -Dstdout.encoding=UTF-8 -Dstderr.encoding=UTF-8 -XX:+ShowCodeDetailsInExceptionMessages 
java_command: com.filehandling.ReadWriteContents
java_class_path (initial): D:\ThinkQuotient\eclipse-workspace\gitworkspace\JDBC\bin;D:\mysql-connector-java-8.0.11.jar
Launcher Type: SUN_STANDARD

[Global flags]
     intx CICompilerCount                          = 3                                         {product} {ergonomic}
     uint ConcGCThreads                            = 1                                         {product} {ergonomic}
     uint G1ConcRefinementThreads                  = 4                                         {product} {ergonomic}
   size_t G1HeapRegionSize                         = 1048576                                   {product} {ergonomic}
    uintx GCDrainStackTargetSize                   = 64                                        {product} {ergonomic}
   size_t InitialHeapSize                          = 132120576                                 {product} {ergonomic}
   size_t MarkStackSize                            = 4194304                                   {product} {ergonomic}
   size_t MaxHeapSize                              = 2113929216                                {product} {ergonomic}
   size_t MaxNewSize                               = 1267728384                                {product} {ergonomic}
   size_t MinHeapDeltaBytes                        = 1048576                                   {product} {ergonomic}
   size_t MinHeapSize                              = 8388608                                   {product} {ergonomic}
    uintx NonNMethodCodeHeapSize                   = 5832780                                {pd product} {ergonomic}
    uintx NonProfiledCodeHeapSize                  = 122912730                              {pd product} {ergonomic}
    uintx ProfiledCodeHeapSize                     = 122912730                              {pd product} {ergonomic}
    uintx ReservedCodeCacheSize                    = 251658240                              {pd product} {ergonomic}
     bool SegmentedCodeCache                       = true                                      {product} {ergonomic}
     bool ShowCodeDetailsInExceptionMessages       = true                                   {manageable} {command line}
   size_t SoftMaxHeapSize                          = 2113929216                             {manageable} {ergonomic}
     bool UseCompressedClassPointers               = true                           {product lp64_product} {ergonomic}
     bool UseCompressedOops                        = true                           {product lp64_product} {ergonomic}
     bool UseG1GC                                  = true                                      {product} {ergonomic}
     bool UseLargePagesIndividualAllocation        = false                                  {pd product} {ergonomic}

Logging:
Log output configuration:
 #0: stdout all=warning uptime,level,tags foldmultilines=false
 #1: stderr all=off uptime,level,tags foldmultilines=false

Environment Variables:
JAVA_HOME=C:\Program Files\Java\jdk-18.0.2.1
PATH=C:/Program Files/Java/jdk-18.0.2.1/bin/server;C:/Program Files/Java/jdk-18.0.2.1/bin;C:\Program Files\Java\jdk-18.0.2.1\bin;C:\Program Files (x86)\Intel\iCLS Client\;C:\Program Files\Intel\iCLS Client\;C:\Windows\system32;C:\Windows;C:\Windows\System32\Wbem;C:\Windows\System32\WindowsPowerShell\v1.0\;C:\Program Files (x86)\Intel\Intel(R) Management Engine Components\DAL;C:\Program Files\Intel\Intel(R) Management Engine Components\DAL;C:\Program Files (x86)\Intel\Intel(R) Management Engine Components\IPT;C:\Program Files\Intel\Intel(R) Management Engine Components\IPT;C:\Program Files\Intel\WiFi\bin\;C:\Program Files\Common Files\Intel\WirelessCommon\;C:\Program Files (x86)\NVIDIA Corporation\PhysX\Common;C:\WINDOWS\system32;C:\WINDOWS;C:\WINDOWS\System32\Wbem;C:\WINDOWS\System32\WindowsPowerShell\v1.0\;C:\WINDOWS\System32\OpenSSH\;C:\Program Files\MySQL\MySQL Shell 8.0\bin\;C:\Users\aadar\AppData\Local\Microsoft\WindowsApps;;C:\Users\aadar\OneDrive\Desktop;
USERNAME=aadar
OS=Windows_NT
PROCESSOR_IDENTIFIER=Intel64 Family 6 Model 158 Stepping 9, GenuineIntel



---------------  S Y S T E M  ---------------

OS:
 Windows 10 , 64 bit Build 19041 (10.0.19041.3636)
OS uptime: 0 days 5:24 hours
Hyper-V role detected

CPU: total 4 (initial active 4) (4 cores per cpu, 1 threads per core) family 6 model 158 stepping 9 microcode 0xea, cx8, cmov, fxsr, mmx, 3dnowpref, sse, sse2, sse3, ssse3, sse4.1, sse4.2, popcnt, lzcnt, tsc, tscinvbit, avx, avx2, aes, erms, clmul, bmi1, bmi2, adx, fma, vzeroupper, clflush, clflushopt, hv

Memory: 4k page, system-wide physical 8058M (812M free)
TotalPageFile size 11683M (AvailPageFile size 0M)
current process WorkingSet (physical memory assigned to process): 29M, peak: 29M
current process commit charge ("private bytes"): 193M, peak: 194M

vm_info: Java HotSpot(TM) 64-Bit Server VM (18.0.2.1+1-1) for windows-amd64 JRE (18.0.2.1+1-1), built on Aug 16 2022 01:46:33 by "mach5one" with MS VC++ 16.8 / 16.9 (VS2019)

END.
